# Z = 79, A = 197 amu, m = 206.768 au
Line	DeltaE (eV)	W_12 (s^-1)
K1-L2	5.5936e+06		1.62308e+18
K1-L3	5.76294e+06		1.76987e+18
K1-M2	8.08854e+06		2.38355e+17
K1-M3	8.13233e+06		3.00652e+17
K1-N2	8.96133e+06		8.14947e+16
K1-N3	8.97889e+06		1.07094e+17
K1-O2	9.36484e+06		3.79768e+16
K1-O3	9.37361e+06		5.08258e+16
K1-P2	9.58358e+06		2.08769e+16
K1-P3	9.58858e+06		2.82206e+16
K1-Q2	9.68614e+06		4.46016e+15
K1-Q3	9.69666e+06		1.47655e+16
K1-R2	9.77572e+06		2.84686e+15
K1-R3	9.78273e+06		9.67363e+15
K1-S2	9.83672e+06		1.93259e+15
K1-S3	9.84162e+06		6.6887e+15
K1-T2	9.88011e+06		1.37418e+15
K1-T3	9.88367e+06		4.82057e+15
K1-U2	9.91207e+06		1.01313e+15
K1-U3	9.91474e+06		3.59051e+15
K1-V2	9.93628e+06		7.68977e+14
K1-V3	9.93833e+06		2.74701e+15
K1-W2	9.95506e+06		5.9778e+14
K1-W3	9.95667e+06		2.14902e+15
K1-X2	9.96992e+06		4.74089e+14
K1-X3	9.9712e+06		1.71314e+15
L1-M2	1.39221e+06		1.49518e+17
L1-M3	1.43599e+06		1.52842e+17
L1-N2	2.265e+06		4.04399e+16
L1-N3	2.28256e+06		4.51334e+16
L1-O2	2.66851e+06		1.76405e+16
L1-O3	2.67728e+06		2.028e+16
L1-P2	2.88725e+06		9.41389e+15
L1-P3	2.89224e+06		1.09875e+16
L1-Q2	2.98981e+06		2.64153e+15
L1-Q3	3.00033e+06		5.66437e+15
L1-R2	3.07939e+06		1.66196e+15
L1-R3	3.0864e+06		3.67108e+15
L1-S2	3.14039e+06		1.11766e+15
L1-S3	3.14529e+06		2.52019e+15
L1-T2	3.18378e+06		7.89574e+14
L1-T3	3.18734e+06		1.80724e+15
L1-U2	3.21573e+06		5.79397e+14
L1-U3	3.2184e+06		1.3412e+15
L1-V2	3.23994e+06		4.38233e+14
L1-V3	3.242e+06		1.02332e+15
L1-W2	3.25872e+06		3.39757e+14
L1-W3	3.26033e+06		7.9887e+14
L1-X2	3.27358e+06		2.6889e+14
L1-X3	3.27487e+06		6.35782e+14
L2-L1	1.10274e+06		3.81992e+16
L2-M1	2.83431e+06		3.70177e+15
L2-M4	2.47226e+06		4.40767e+17
L2-N1	3.51402e+06		1.36624e+15
L2-N4	3.35615e+06		1.3296e+17
L2-O1	3.8471e+06		6.7753e+14
L2-O4	3.76488e+06		5.90824e+16
L2-P1	4.03423e+06		3.88381e+14
L2-P4	3.98618e+06		3.17092e+16
L2-Q1	4.09255e+06		2.73188e+15
L2-Q4	4.10306e+06		1.91942e+16
L2-R1	4.18212e+06		1.80634e+15
L2-R4	4.18913e+06		1.249e+16
L2-S1	4.24312e+06		1.25619e+15
L2-S4	4.24802e+06		8.597e+15
L2-T1	4.28651e+06		9.08747e+14
L2-T4	4.29007e+06		6.17625e+15
L2-U1	4.31847e+06		6.78559e+14
L2-U4	4.32114e+06		4.58963e+15
L2-V1	4.34268e+06		5.20031e+14
L2-V4	4.34473e+06		3.5053e+15
L2-W1	4.36146e+06		4.07301e+14
L2-W4	4.36307e+06		2.73856e+15
L2-X1	4.37632e+06		3.24948e+14
L2-X4	4.37761e+06		2.18079e+15
L2-Y1	4.38828e+06		2.63389e+14
L3-L1	933393		5.13958e+16
L3-M1	2.66497e+06		2.67993e+15
L3-M4	2.30292e+06		7.87991e+16
L3-M5	2.33988e+06		4.89328e+17
L3-N1	3.34467e+06		8.89074e+14
L3-N4	3.18681e+06		2.21568e+16
L3-N5	3.20218e+06		1.48036e+17
L3-O1	3.67776e+06		4.2529e+14
L3-O4	3.59554e+06		9.58487e+15
L3-O5	3.60334e+06		6.59945e+16
L3-P1	3.86488e+06		2.39856e+14
L3-P4	3.81684e+06		5.07429e+15
L3-P5	3.82132e+06		3.55044e+16
L3-Q1	3.9232e+06		5.94277e+15
L3-Q4	3.93372e+06		3.0287e+15
L3-Q5	3.93674e+06		2.15336e+16
L3-R1	4.01278e+06		3.92555e+15
L3-R4	4.01979e+06		1.96034e+15
L3-R5	4.02182e+06		1.40358e+16
L3-S1	4.07378e+06		2.7282e+15
L3-S4	4.07868e+06		1.34447e+15
L3-S5	4.0801e+06		9.67355e+15
L3-T1	4.11717e+06		1.97272e+15
L3-T4	4.12073e+06		9.63423e+14
L3-T5	4.12177e+06		6.95682e+15
L3-U1	4.14913e+06		1.47254e+15
L3-U4	4.15179e+06		7.14582e+14
L3-U5	4.15257e+06		5.17399e+15
L3-V1	4.17334e+06		1.12824e+15
L3-V4	4.17539e+06		5.44982e+14
L3-V5	4.17599e+06		3.95434e+15
L3-W1	4.19212e+06		8.83494e+14
L3-W4	4.19373e+06		4.25304e+14
L3-W5	4.1942e+06		3.09117e+15
L3-X1	4.20698e+06		7.04754e+14
L3-X4	4.20826e+06		3.38386e+14
L3-X5	4.20864e+06		2.46281e+15
L3-Y1	4.21894e+06		5.71176e+14
M1-N2	533424		2.8024e+16
M1-N3	550984		2.82167e+16
M1-O2	936932		9.92506e+15
M1-O3	945699		1.06978e+16
M1-P2	1.15567e+06		4.98443e+15
M1-P3	1.16067e+06		5.50247e+15
M1-Q2	1.25823e+06		1.5539e+15
M1-Q3	1.26875e+06		2.80843e+15
M1-R2	1.34781e+06		9.53048e+14
M1-R3	1.35482e+06		1.79046e+15
M1-S2	1.40881e+06		6.30848e+14
M1-S3	1.41371e+06		1.21641e+15
M1-T2	1.4522e+06		4.4097e+14
M1-T3	1.45576e+06		8.66149e+14
M1-U2	1.48416e+06		3.21186e+14
M1-U3	1.48683e+06		6.39564e+14
M1-V2	1.50837e+06		2.4161e+14
M1-V3	1.51042e+06		4.86167e+14
M1-W2	1.52715e+06		1.86546e+14
M1-W3	1.52876e+06		3.78462e+14
M1-X2	1.54201e+06		1.47163e+14
M1-X3	1.54329e+06		3.00536e+14
M2-M1	339368		6.7157e+15
M2-N1	1.01907e+06		5.39123e+14
M2-N4	861208		5.0801e+16
M2-O1	1.35216e+06		2.08045e+14
M2-O4	1.26994e+06		2.33745e+16
M2-P1	1.53928e+06		1.10057e+14
M2-P4	1.49124e+06		1.26408e+16
M2-Q1	1.5976e+06		1.68953e+15
M2-Q4	1.60812e+06		7.62117e+15
M2-R1	1.68718e+06		1.10741e+15
M2-R4	1.69419e+06		4.96818e+15
M2-S1	1.74818e+06		7.65635e+14
M2-S4	1.75308e+06		3.42298e+15
M2-T1	1.79157e+06		5.51588e+14
M2-T4	1.79513e+06		2.46056e+15
M2-U1	1.82352e+06		4.10627e+14
M2-U4	1.82619e+06		1.82914e+15
M2-V1	1.84774e+06		3.13978e+14
M2-V4	1.84979e+06		1.39735e+15
M2-W1	1.86652e+06		2.45483e+14
M2-W4	1.86813e+06		1.09189e+15
M2-X1	1.88138e+06		1.95577e+14
M2-X4	1.88266e+06		8.6962e+14
M2-Y1	1.89333e+06		1.5835e+14
M3-M1	295583		9.61753e+15
M3-N1	975287		3.21612e+14
M3-N4	817423		1.00592e+16
M3-N5	832798		5.8483e+16
M3-O1	1.30837e+06		9.76061e+13
M3-O4	1.22615e+06		4.38344e+15
M3-O5	1.23395e+06		2.69047e+16
M3-P1	1.4955e+06		4.69753e+13
M3-P4	1.44745e+06		2.3194e+15
M3-P5	1.45193e+06		1.45667e+16
M3-Q1	1.55382e+06		3.65156e+15
M3-Q4	1.56433e+06		1.37638e+15
M3-Q5	1.56736e+06		8.7795e+15
M3-R1	1.64339e+06		2.39014e+15
M3-R4	1.65041e+06		8.90423e+14
M3-R5	1.65243e+06		5.73264e+15
M3-S1	1.70439e+06		1.65107e+15
M3-S4	1.7093e+06		6.104e+14
M3-S5	1.71072e+06		3.95469e+15
M3-T1	1.74778e+06		1.18882e+15
M3-T4	1.75135e+06		4.37241e+14
M3-T5	1.75238e+06		2.84563e+15
M3-U1	1.77974e+06		8.84672e+14
M3-U4	1.78241e+06		3.24213e+14
M3-U5	1.78318e+06		2.11713e+15
M3-V1	1.80395e+06		6.76263e+14
M3-V4	1.806e+06		2.47207e+14
M3-V5	1.8066e+06		1.61844e+15
M3-W1	1.82273e+06		5.28626e+14
M3-W4	1.82434e+06		1.92886e+14
M3-W5	1.82481e+06		1.26538e+15
M3-X1	1.83759e+06		4.21092e+14
M3-X4	1.83888e+06		1.53444e+14
M3-X5	1.83925e+06		1.00828e+15
M3-Y1	1.84955e+06		3.40899e+14
M4-M2	22684.3		2.84528e+12
M4-M3	66469.7		7.00537e+12
M4-N2	895476		2.29909e+15
M4-N3	913036		1.46443e+14
M4-N6	899071		1.08733e+17
M4-O2	1.29899e+06		9.78339e+14
M4-O3	1.30775e+06		6.36148e+13
M4-O6	1.3003e+06		3.68467e+16
M4-P2	1.51772e+06		5.06225e+14
M4-P3	1.52272e+06		3.30022e+13
M4-P6	1.51834e+06		1.75535e+16
M4-Q2	1.62029e+06		8.96792e+14
M4-Q3	1.6308e+06		4.08607e+13
M4-Q6	1.63383e+06		9.88155e+15
M4-R2	1.70986e+06		5.77307e+14
M4-R3	1.71687e+06		2.63961e+13
M4-R6	1.7189e+06		6.18918e+15
M4-S2	1.77086e+06		3.94326e+14
M4-S3	1.77577e+06		1.80768e+13
M4-S6	1.77718e+06		4.15469e+15
M4-T2	1.81425e+06		2.81668e+14
M4-T3	1.81781e+06		1.2939e+13
M4-T6	1.81885e+06		2.93348e+15
M4-U2	1.84621e+06		2.0838e+14
M4-U3	1.84888e+06		9.58866e+12
M4-U6	1.84965e+06		2.15278e+15
M4-V2	1.87042e+06		1.58585e+14
M4-V3	1.87247e+06		7.30787e+12
M4-V6	1.87307e+06		1.62891e+15
M4-W2	1.8892e+06		1.23539e+14
M4-W3	1.89081e+06		5.69997e+12
M4-W6	1.89128e+06		1.26356e+15
M4-X2	1.90406e+06		9.81416e+13
M4-X3	1.90535e+06		4.53309e+12
M4-X6	1.90572e+06		1.00061e+15
M5-M3	29511.7		5.85069e+12
M5-N3	876078		1.89696e+15
M5-N6	862113		7.28209e+15
M5-N7	869998		1.11875e+17
M5-O3	1.27079e+06		8.17001e+14
M5-O6	1.26334e+06		2.32796e+15
M5-O7	1.26739e+06		3.72194e+16
M5-P3	1.48576e+06		4.25669e+14
M5-P6	1.48138e+06		1.08105e+15
M5-P7	1.48372e+06		1.76048e+16
M5-Q3	1.59384e+06		4.60395e+14
M5-Q6	1.59687e+06		6.00179e+14
M5-Q7	1.59833e+06		9.87632e+15
M5-R3	1.67992e+06		2.97157e+14
M5-R6	1.68194e+06		3.72536e+14
M5-R7	1.68292e+06		6.17371e+15
M5-S3	1.73881e+06		2.03394e+14
M5-S6	1.74023e+06		2.48579e+14
M5-S7	1.74092e+06		4.13921e+15
M5-T3	1.78086e+06		1.45539e+14
M5-T6	1.78189e+06		1.74775e+14
M5-T7	1.78239e+06		2.92018e+15
M5-U3	1.81192e+06		1.07833e+14
M5-U6	1.8127e+06		1.27868e+14
M5-U7	1.81307e+06		2.14184e+15
M5-V3	1.83551e+06		8.21726e+13
M5-V6	1.83611e+06		9.65291e+13
M5-V7	1.8364e+06		1.62e+15
M5-W3	1.85385e+06		6.40872e+13
M5-W6	1.85432e+06		7.47453e+13
M5-W7	1.85455e+06		1.2563e+15
M5-X3	1.86839e+06		5.09646e+13
M5-X6	1.86876e+06		5.91078e+13
M5-X7	1.86895e+06		9.94667e+14
N1-O2	257228		7.86876e+15
N1-O3	265995		7.87826e+15
N1-P2	475966		3.25055e+15
N1-P3	480964		3.45091e+15
N1-Q2	578530		1.0523e+15
N1-Q3	589045		1.69137e+15
N1-R2	668107		6.18622e+14
N1-R3	675118		1.0505e+15
N1-S2	729104		3.99701e+14
N1-S3	734009		7.0276e+14
N1-T2	772494		2.75194e+14
N1-T3	776058		4.95392e+14
N1-U2	804451		1.98412e+14
N1-U3	807121		3.63266e+14
N1-V2	828663		1.48184e+14
N1-V3	830715		2.74761e+14
N1-W2	847444		1.13806e+14
N1-W3	849054		2.13096e+14
N1-X2	862304		8.94182e+13
N1-X3	863591		1.68737e+14
N2-N1	146281		1.80271e+15
N2-O1	479365		1.20463e+14
N2-O4	397147		1.1002e+16
N2-P1	666491		4.55959e+13
N2-P4	618448		6.12662e+15
N2-Q1	724810		1.10441e+15
N2-Q4	735326		3.66251e+15
N2-R1	814388		7.14489e+14
N2-R4	821399		2.39613e+15
N2-S1	875385		4.89752e+14
N2-S4	880289		1.65328e+15
N2-T1	918775		3.50701e+14
N2-T4	922339		1.18921e+15
N2-U1	950732		2.59924e+14
N2-U4	953402		8.84337e+14
N2-V1	974944		1.98086e+14
N2-V4	976995		6.75703e+14
N2-W1	993725		1.54477e+14
N2-W4	995335		5.28054e+14
N2-X1	1.00858e+06		1.22825e+14
N2-X4	1.00987e+06		4.20589e+14
N2-Y1	1.02054e+06		9.92867e+13
N3-N1	128721		2.63202e+15
N3-O1	461805		5.45773e+13
N3-O4	379587		2.26889e+15
N3-O5	387382		1.2848e+16
N3-P1	648931		1.24079e+13
N3-P4	600888		1.20543e+15
N3-P5	605365		7.14457e+15
N3-Q1	707250		2.37385e+15
N3-Q4	717766		7.05016e+14
N3-Q5	720790		4.2563e+15
N3-R1	796828		1.53166e+15
N3-R4	803838		4.55909e+14
N3-R5	805862		2.78927e+15
N3-S1	857825		1.04826e+15
N3-S4	862729		3.12267e+14
N3-S5	864149		1.92708e+15
N3-T1	901215		7.49996e+14
N3-T4	904778		2.23521e+14
N3-T5	905812		1.38756e+15
N3-U1	933172		5.55597e+14
N3-U4	935841		1.6565e+14
N3-U5	936617		1.03265e+15
N3-V1	957384		4.23297e+14
N3-V4	959435		1.26253e+14
N3-V5	960032		7.89534e+14
N3-W1	976165		3.3005e+14
N3-W4	977775		9.84793e+13
N3-W5	978244		6.17342e+14
N3-X1	991024		2.62394e+14
N3-X4	992311		7.83226e+13
N3-X5	992686		4.91929e+14
N3-Y1	1.00298e+06		2.12093e+14
N4-N2	11583.7		1.64862e+12
N4-N3	29143.8		2.5821e+12
N4-N6	15178.4		1.36771e+12
N4-O2	415092		1.25725e+15
N4-O3	423860		8.49506e+13
N4-O6	416406		1.98269e+16
N4-P2	633830		6.27595e+14
N4-P3	638828		4.3256e+13
N4-P6	634446		1.0193e+16
N4-Q2	736394		9.23457e+14
N4-Q3	746910		4.55992e+13
N4-Q6	749934		5.77341e+15
N4-R2	825971		5.82465e+14
N4-R3	832982		2.89053e+13
N4-R6	835006		3.66034e+15
N4-S2	886969		3.92547e+14
N4-S3	891873		1.95428e+13
N4-S6	893292		2.47329e+15
N4-T2	930359		2.7779e+14
N4-T3	933922		1.38589e+13
N4-T6	934956		1.7533e+15
N4-U2	962316		2.04126e+14
N4-U3	964985		1.01994e+13
N4-U6	965761		1.29011e+15
N4-V2	986528		1.54567e+14
N4-V3	988579		7.73219e+12
N4-V6	989176		9.7799e+14
N4-W2	1.00531e+06		1.19944e+14
N4-W3	1.00692e+06		6.00604e+12
N4-W6	1.00739e+06		7.59677e+14
N4-X2	1.02017e+06		9.49983e+13
N4-X3	1.02145e+06		4.76087e+12
N4-X6	1.02183e+06		6.02215e+14
N5-N3	13768.9		2.55957e+12
N5-N7	7688.92		1.91742e+11
N5-O3	408485		1.0567e+15
N5-O6	401031		1.4109e+15
N5-O7	405078		2.09685e+16
N5-P3	623453		5.31288e+14
N5-P6	619071		6.90176e+14
N5-P7	621412		1.05842e+16
N5-Q3	731535		5.0506e+14
N5-Q6	734559		3.82627e+14
N5-Q7	736023		5.95014e+15
N5-R3	817607		3.19512e+14
N5-R6	819631		2.39374e+14
N5-R7	820611		3.7585e+15
N5-S3	876498		2.1573e+14
N5-S6	877917		1.60377e+14
N5-S7	878606		2.53395e+15
N5-T3	918547		1.5289e+14
N5-T6	919581		1.13044e+14
N5-T7	920082		1.79363e+15
N5-U3	949610		1.12491e+14
N5-U6	950386		8.2845e+13
N5-U7	950763		1.31841e+15
N5-V3	973204		8.52759e+13
N5-V6	973801		6.26161e+13
N5-V7	974091		9.987e+14
N5-W3	991544		6.62416e+13
N5-W6	992013		4.8529e+13
N5-W7	992241		7.75335e+14
N5-X3	1.00608e+06		5.25128e+13
N5-X6	1.00646e+06		3.84025e+13
N5-X7	1.00664e+06		6.14372e+14
N6-N5	196.535		207516
N6-O4	393552		5.61281e+14
N6-O5	401347		1.99074e+13
N6-O8	405548		3.38855e+16
N6-P4	614853		2.39019e+14
N6-P5	619331		8.52283e+12
N6-P8	621795		1.11174e+16
N6-Q4	731731		1.23811e+14
N6-Q5	734756		4.28232e+12
N6-Q8	736219		5.17982e+15
N6-R4	817804		7.4561e+13
N6-R5	819827		2.57679e+12
N6-R8	820807		2.93909e+15
N6-S4	876695		4.87377e+13
N6-S5	878114		1.68327e+12
N6-S8	878802		1.85253e+15
N6-T4	918744		3.37683e+13
N6-T5	919777		1.16534e+12
N6-T8	920279		1.25308e+15
N6-U4	949807		2.44399e+13
N6-U5	950583		8.42752e+11
N6-U8	950959		8.91834e+14
N6-V4	973401		1.82994e+13
N6-V5	973998		6.30566e+11
N6-V8	974287		6.59657e+14
N6-W4	991740		1.408e+13
N6-W5	992209		4.84882e+11
N6-W8	992437		5.02914e+14
N6-X4	1.00628e+06		1.10784e+13
N6-X5	1.00665e+06		3.81327e+11
N6-X8	1.00683e+06		3.92907e+14
N7-O5	393462		4.59957e+14
N7-O8	397663		1.21097e+15
N7-O9	400050		3.45123e+16
N7-P5	611445		1.96256e+14
N7-P8	613909		3.83332e+14
N7-P9	615293		1.12175e+16
N7-Q5	726870		9.91367e+13
N7-Q8	728334		1.75521e+14
N7-Q9	729200		5.20504e+15
N7-R5	811942		5.95826e+13
N7-R8	812922		9.8515e+13
N7-R9	813502		2.94741e+15
N7-S5	870229		3.88924e+13
N7-S8	870917		6.16636e+13
N7-S9	871324		1.85539e+15
N7-T5	911892		2.69238e+13
N7-T8	912393		4.15141e+13
N7-T9	912690		1.25391e+15
N7-U5	942697		1.94762e+13
N7-U8	943074		2.9447e+13
N7-U9	943297		8.91865e+14
N7-V5	966112		1.45784e+13
N7-V8	966402		2.17265e+13
N7-V9	966574		6.59379e+14
N7-W5	984324		1.12149e+13
N7-W8	984552		1.65323e+13
N7-W9	984687		5.02531e+14
N7-X5	998766		8.82316e+12
N7-X8	998949		1.28966e+13
N7-X9	999057		3.92506e+14
O1-P2	142882		2.8386e+15
O1-P3	147880		2.83433e+15
O1-Q2	245446		8.31821e+14
O1-Q3	255961		1.18908e+15
O1-R2	335023		4.50947e+14
O1-R3	342034		7.01886e+14
O1-S2	396020		2.80411e+14
O1-S3	400925		4.58907e+14
O1-T2	439410		1.88814e+14
O1-T3	442974		3.18936e+14
O1-U2	471367		1.34248e+14
O1-U3	474037		2.31674e+14
O1-V2	495579		9.93276e+13
O1-V3	497631		1.74087e+14
O1-W2	514360		7.57771e+13
O1-W3	515970		1.34383e+14
O1-X2	529220		5.92433e+13
O1-X3	530507		1.06038e+14
O2-O1	75855.9		6.31359e+14
O2-P1	262983		3.57058e+13
O2-P4	214939		3.36714e+15
O2-Q1	321301		7.85258e+14
O2-Q4	331817		2.00499e+15
O2-R1	410879		4.97409e+14
O2-R4	417890		1.32649e+15
O2-S1	471876		3.37165e+14
O2-S4	476781		9.18973e+14
O2-T1	515266		2.39516e+14
O2-T4	518830		6.61996e+14
O2-U1	547223		1.76466e+14
O2-U4	549893		4.92576e+14
O2-V1	571435		1.33884e+14
O2-V4	573487		3.76473e+14
O2-W1	590216		1.04055e+14
O2-W4	591826		2.94253e+14
O2-X1	605076		8.25174e+13
O2-X4	606362		2.3439e+14
O2-Y1	617034		6.65659e+13
O3-O1	67088.8		9.29709e+14
O3-P1	254215		1.17363e+13
O3-P4	206172		7.10026e+14
O3-P5	210650		3.96398e+15
O3-Q1	312534		1.68318e+15
O3-Q4	323050		4.03981e+14
O3-Q5	326075		2.34247e+15
O3-R1	402112		1.06311e+15
O3-R4	409123		2.6273e+14
O3-R5	411146		1.55066e+15
O3-S1	463109		7.18331e+14
O3-S4	468014		1.79977e+14
O3-S5	469433		1.07599e+15
O3-T1	506499		5.09456e+14
O3-T4	510063		1.28734e+14
O3-T5	511096		7.75991e+14
O3-U1	538456		3.75097e+14
O3-U4	541126		9.53457e+13
O3-U5	541901		5.7784e+14
O3-V1	562668		2.84521e+14
O3-V4	564720		7.2638e+13
O3-V5	565316		4.41887e+14
O3-W1	581449		2.21121e+14
O3-W4	583059		5.66405e+13
O3-W5	583528		3.45536e+14
O3-X1	596309		1.75356e+14
O3-X4	597595		4.50363e+13
O3-X5	597971		2.75344e+14
O3-Y1	608267		1.41464e+14
O4-O2	6361.8		7.56927e+11
O4-O3	15128.8		1.00375e+12
O4-O6	7675.07		6.33674e+11
O4-P2	225100		6.43484e+14
O4-P3	230097		4.50564e+13
O4-P6	225715		5.4076e+15
O4-Q2	327663		8.2839e+14
O4-Q3	338179		4.30632e+13
O4-Q6	341204		3.18915e+15
O4-R2	417241		5.07741e+14
O4-R3	424252		2.65863e+13
O4-R6	426275		2.07909e+15
O4-S2	478238		3.3646e+14
O4-S3	483142		1.77171e+13
O4-S6	484562		1.42251e+15
O4-T2	521628		2.35298e+14
O4-T3	525192		1.24299e+13
O4-T6	526225		1.01504e+15
O4-U2	553585		1.71423e+14
O4-U3	556255		9.07066e+12
O4-U6	557030		7.49833e+14
O4-V2	577797		1.28979e+14
O4-V3	579848		6.83096e+12
O4-V6	580445		5.69912e+14
O4-W2	596578		9.96077e+13
O4-W3	598188		5.27835e+12
O4-W6	598657		4.43511e+14
O4-X2	611437		7.85985e+13
O4-X3	612724		4.16676e+12
O4-X6	613099		3.52063e+14
O5-O3	7334.06		1.06596e+12
O5-O7	3927.67		9.14792e+10
O5-P3	222303		5.46529e+14
O5-P6	217920		3.98247e+14
O5-P7	220262		5.81747e+15
O5-Q3	330384		4.69958e+14
O5-Q6	333409		2.24443e+14
O5-Q7	334872		3.36935e+15
O5-R3	416457		2.90475e+14
O5-R6	418480		1.43549e+14
O5-R7	419460		2.17967e+15
O5-S3	475348		1.92939e+14
O5-S6	476767		9.69531e+13
O5-S7	477455		1.48586e+15
O5-T3	517397		1.35117e+14
O5-T6	518430		6.86182e+13
O5-T7	518932		1.05774e+15
O5-U3	548460		9.85575e+13
O5-U6	549235		5.0418e+13
O5-U7	549612		7.80056e+14
O5-V3	572054		7.42378e+13
O5-V6	572650		3.81762e+13
O5-V7	572940		5.92146e+14
O5-W3	590393		5.73899e+13
O5-W6	590862		2.96265e+13
O5-W7	591090		4.60386e+14
O5-X3	604929		4.53263e+13
O5-X6	605305		2.34675e+13
O5-X7	605487		3.652e+14
O6-O5	119.69		168885
O6-O8	4320.72		6.88633e+10
O6-P4	213626		4.20494e+14
O6-P5	218103		1.53238e+13
O6-P8	220568		8.70751e+15
O6-Q4	330504		1.95336e+14
O6-Q5	333529		7.00097e+12
O6-Q8	334992		4.20492e+15
O6-R4	416576		1.12885e+14
O6-R5	418600		4.02623e+12
O6-R8	419580		2.45098e+15
O6-S4	475467		7.19274e+13
O6-S5	476887		2.56759e+12
O6-S8	477575		1.56364e+15
O6-T4	517516		4.89517e+13
O6-T5	518550		1.74726e+12
O6-T8	519051		1.06449e+15
O6-U4	548580		3.49726e+13
O6-U5	549355		1.24703e+12
O6-U8	549732		7.60592e+14
O6-V4	572173		2.59354e+13
O6-V5	572770		9.23589e+11
O6-V8	573060		5.64058e+14
O6-W4	590513		1.98105e+13
O6-W5	590982		7.04594e+11
O6-W8	591210		4.30831e+14
O6-X4	605049		1.54996e+13
O6-X5	605424		5.50672e+11
O6-X8	605607		3.37054e+14
O7-O8	273.363		636501
O7-O9	2660.88		1.6716e+10
O7-P5	214056		3.50403e+14
O7-P8	216520		3.1956e+14
O7-P9	217903		8.95294e+15
O7-Q5	329481		1.59611e+14
O7-Q8	330945		1.49586e+14
O7-Q9	331811		4.28343e+15
O7-R5	414553		9.22393e+13
O7-R8	415533		8.59845e+13
O7-R9	416113		2.48659e+15
O7-S5	472839		5.86471e+13
O7-S8	473527		5.43115e+13
O7-S9	473935		1.58327e+15
O7-T5	514503		3.98584e+13
O7-T8	515004		3.67457e+13
O7-T9	515301		1.07641e+15
O7-U5	545308		2.84564e+13
O7-U8	545684		2.61488e+13
O7-U9	545908		7.68345e+14
O7-V5	568723		2.10963e+13
O7-V8	569013		1.93362e+13
O7-V9	569185		5.69388e+14
O7-W5	586934		1.61118e+13
O7-W8	587162		1.4737e+13
O7-W9	587298		4.34663e+14
O7-X5	601377		1.26051e+13
O7-X8	601559		1.15097e+13
O7-X9	601668		3.3991e+14
O8-P6	213719		1.11477e+14
O8-P7	216061		2.62243e+12
O8-P10	217810		1.31401e+16
O8-Q6	329208		4.21258e+13
O8-Q7	330671		9.87403e+11
O8-Q10	331537		3.92934e+15
O8-R6	414279		2.20452e+13
O8-R7	415259		5.12997e+11
O8-R10	415840		1.8333e+15
O8-S6	472566		1.31809e+13
O8-S7	473254		3.06928e+11
O8-S10	473662		1.02843e+15
O8-T6	514229		8.59006e+12
O8-T7	514731		1.99868e+11
O8-T10	515028		6.44454e+14
O8-U6	545034		5.95036e+12
O8-U7	545411		1.38184e+11
O8-U10	545634		4.34875e+14
O8-V6	568449		4.3132e+12
O8-V7	568739		9.99536e+10
O8-V10	568911		3.09421e+14
O8-W6	586661		3.2379e+12
O8-W7	586889		7.48923e+10
O8-W10	587024		2.29102e+14
O8-X6	601104		2.49929e+12
O8-X7	601286		5.77163e+10
O8-X10	601394		1.74984e+14
O9-P7	213673		1.00635e+14
O9-P10	215423		2.91938e+14
O9-P11	216336		1.33124e+16
O9-Q7	328284		3.79142e+13
O9-Q10	329150		8.51476e+13
O9-Q11	329723		3.96057e+15
O9-R7	412872		1.98138e+13
O9-R10	413452		3.92504e+13
O9-R11	413837		1.84368e+15
O9-S7	470867		1.1815e+13
O9-S10	471274		2.18308e+13
O9-S11	471544		1.03307e+15
O9-T7	512343		7.68802e+12
O9-T10	512640		1.36077e+13
O9-T11	512837		6.46832e+14
O9-U7	543023		5.32137e+12
O9-U10	543247		9.14964e+12
O9-U11	543395		4.36214e+14
O9-V7	566352		3.85567e+12
O9-V10	566524		6.49301e+12
O9-V11	566638		3.10235e+14
O9-W7	584502		2.89371e+12
O9-W10	584637		4.79778e+12
O9-W11	584726		2.2963e+14
O9-X7	598899		2.23322e+12
O9-X10	599007		3.65848e+12
O9-X11	599079		1.75344e+14
P1-Q2	58318.9		8.54978e+14
P1-Q3	68834.7		9.8745e+14
P1-R2	147896		3.69882e+14
P1-R3	154907		5.22255e+14
P1-S2	208894		2.14751e+14
P1-S3	213798		3.27504e+14
P1-T2	252284		1.39829e+14
P1-T3	255847		2.23377e+14
P1-U2	284241		9.7454e+13
P1-U3	286910		1.60247e+14
P1-V2	308453		7.12095e+13
P1-V3	310504		1.19399e+14
P1-W2	327233		5.387e+13
P1-W3	328844		9.16297e+13
P1-X2	342093		4.18603e+13
P1-X3	343380		7.20009e+13
P2-P1	44244.8		2.64142e+14
P2-Q1	102564		5.83647e+14
P2-Q4	113080		1.12404e+15
P2-R1	192141		3.68878e+14
P2-R4	199152		7.95809e+14
P2-S1	253138		2.46139e+14
P2-S4	258043		5.59433e+14
P2-T1	296529		1.7342e+14
P2-T4	300092		4.05211e+14
P2-U1	328485		1.26898e+14
P2-U4	331155		3.02106e+14
P2-V1	352697		9.57553e+13
P2-V4	354749		2.31098e+14
P2-W1	371478		7.41137e+13
P2-W4	373088		1.80713e+14
P2-X1	386338		5.85894e+13
P2-X4	387625		1.43992e+14
P2-Y1	398296		4.71499e+13
P3-P1	39247		3.90727e+14
P3-Q1	97565.9		1.26261e+15
P3-Q4	108082		2.38846e+14
P3-Q5	111106		1.31716e+15
P3-R1	187143		7.87098e+14
P3-R4	194154		1.63027e+14
P3-R5	196178		9.33597e+14
P3-S1	248141		5.23805e+14
P3-S4	253045		1.12844e+14
P3-S5	254464		6.56444e+14
P3-T1	291531		3.67714e+14
P3-T4	295094		8.08372e+13
P3-T5	296128		4.76291e+14
P3-U1	323488		2.68664e+14
P3-U4	326157		5.98626e+13
P3-U5	326933		3.55444e+14
P3-V1	347700		2.0267e+14
P3-V4	349751		4.55981e+13
P3-V5	350348		2.72029e+14
P3-W1	366480		1.56884e+14
P3-W4	368091		3.55528e+13
P3-W5	368560		2.12784e+14
P3-X1	381340		1.24047e+14
P3-X4	382627		2.8267e+13
P3-X5	383002		1.69587e+14
P3-Y1	393298		9.9844e+13
P4-P2	3798.52		3.57132e+11
P4-P3	8796.27		4.38014e+11
P4-P6	4413.99		2.93852e+11
P4-Q2	106362		7.19439e+14
P4-Q3	116878		3.76067e+13
P4-Q6	119903		1.65537e+15
P4-R2	195940		4.36396e+14
P4-R3	202951		2.36928e+13
P4-R6	204974		1.20546e+15
P4-S2	256937		2.83136e+14
P4-S3	261841		1.54846e+13
P4-S6	263261		8.50334e+14
P4-T2	300327		1.95434e+14
P4-T3	303891		1.07547e+13
P4-T6	304924		6.15048e+14
P4-U2	332284		1.40955e+14
P4-U3	334954		7.77881e+12
P4-U6	335729		4.57517e+14
P4-V2	356496		1.05253e+14
P4-V3	358547		5.81357e+12
P4-V6	359144		3.49186e+14
P4-W2	375277		8.08237e+13
P4-W3	376887		4.4647e+12
P4-W6	377356		2.72495e+14
P4-X2	390136		6.3502e+13
P4-X3	391423		3.50754e+12
P4-X6	391798		2.16736e+14
P5-P3	4318.76		4.80659e+11
P5-P7	2277.94		4.34749e+10
P5-Q3	112401		4.10358e+14
P5-Q6	115425		1.24217e+14
P5-Q7	116888		1.79836e+15
P5-R3	198473		2.55753e+14
P5-R6	200496		8.69585e+13
P5-R7	201477		1.28866e+15
P5-S3	257364		1.67338e+14
P5-S6	258783		6.02823e+13
P5-S7	259471		9.0207e+14
P5-T3	299413		1.15732e+14
P5-T6	300446		4.30493e+13
P5-T7	300948		6.50196e+14
P5-U3	330476		8.35782e+13
P5-U6	331252		3.17754e+13
P5-U7	331628		4.82463e+14
P5-V3	354070		6.2486e+13
P5-V6	354667		2.41328e+13
P5-V7	354957		3.67522e+14
P5-W3	372409		4.80371e+13
P5-W6	372878		1.87683e+13
P5-W7	373106		2.86388e+14
P5-X3	386946		3.77794e+13
P5-X6	387321		1.48894e+13
P5-X7	387503		2.27537e+14
P6-P5	63.5291		61777.6
P6-P8	2527.67		4.42074e+10
P6-Q4	112464		2.30658e+14
P6-Q5	115489		8.40239e+12
P6-Q8	116952		2.55901e+15
P6-R4	198537		1.3115e+14
P6-R5	200560		4.80649e+12
P6-R8	201540		1.66154e+15
P6-S4	257427		8.10704e+13
P6-S5	258847		2.95778e+12
P6-S8	259535		1.09259e+15
P6-T4	299477		5.40966e+13
P6-T5	300510		1.97819e+12
P6-T8	301011		7.53936e+14
P6-U4	330540		3.80751e+13
P6-U5	331315		1.39213e+12
P6-U8	331692		5.42509e+14
P6-V4	354133		2.79204e+13
P6-V5	354730		1.01904e+12
P6-V8	355020		4.04056e+14
P6-W4	372473		2.11471e+13
P6-W5	372942		7.70204e+11
P6-W8	373170		3.09511e+14
P6-X4	387009		1.64389e+13
P6-X5	387384		5.97604e+11
P6-X8	387567		2.42639e+14
P7-P8	186.195		646804
P7-P9	1569.36		1.09918e+10
P7-Q5	113147		1.90504e+14
P7-Q8	114611		9.52357e+13
P7-Q9	115477		2.64581e+15
P7-R5	198218		1.08606e+14
P7-R8	199199		6.02713e+13
P7-R9	199779		1.704e+15
P7-S5	256505		6.71705e+13
P7-S8	257193		3.91608e+13
P7-S9	257601		1.116e+15
P7-T5	298169		4.4719e+13
P7-T8	298670		2.6766e+13
P7-T9	298967		7.68702e+14
P7-U5	328974		3.1438e+13
P7-U8	329350		1.91542e+13
P7-U9	329574		5.52361e+14
P7-V5	352389		2.30458e+13
P7-V8	352679		1.42174e+13
P7-V9	352851		4.10938e+14
P7-W5	370600		1.74547e+13
P7-W8	370828		1.08641e+13
P7-W9	370964		3.14518e+14
P7-X5	385043		1.35694e+13
P7-X8	385225		8.50053e+12
P7-X9	385334		2.4641e+14
P8-P10	1563.56		5.99352e+09
P8-Q6	112961		8.98912e+13
P8-Q7	114424		2.1414e+12
P8-Q10	115290		3.69897e+15
P8-R6	198032		4.50051e+13
P8-R7	199012		1.07144e+12
P8-R10	199593		1.91914e+15
P8-S6	256319		2.57138e+13
P8-S7	257007		6.08046e+11
P8-S10	257415		1.10941e+15
P8-T6	297982		1.62744e+13
P8-T7	298484		3.85795e+11
P8-T10	298781		7.04567e+14
P8-U6	328788		1.10358e+13
P8-U7	329164		2.61369e+11
P8-U10	329387		4.78819e+14
P8-V6	352203		7.87521e+12
P8-V7	352492		1.85986e+11
P8-V10	352664		3.42172e+14
P8-W6	370414		5.84345e+12
P8-W7	370642		1.37591e+11
P8-W10	370777		2.54094e+14
P8-X6	384857		4.47075e+12
P8-X7	385039		1.05009e+11
P8-X10	385147		1.94476e+14
P9-P10	180.399		207112
P9-P11	1093.71		2.10032e+09
P9-Q7	113041		8.16558e+13
P9-Q10	113907		8.31491e+13
P9-Q11	114480		3.76004e+15
P9-R7	197629		4.08425e+13
P9-R10	198210		4.23123e+13
P9-R11	198594		1.94222e+15
P9-S7	255624		2.33192e+13
P9-S10	256032		2.42209e+13
P9-S11	256302		1.12025e+15
P9-T7	297101		1.47191e+13
P9-T10	297398		1.52612e+13
P9-T11	297595		7.10737e+14
P9-U7	327781		9.96852e+12
P9-U10	328004		1.03257e+13
P9-U11	328152		4.82596e+14
P9-V7	351109		7.11086e+12
P9-V10	351281		7.35818e+12
P9-V11	351395		3.44635e+14
P9-W7	369259		5.27577e+12
P9-W10	369394		5.45247e+12
P9-W11	369484		2.55794e+14
P9-X7	383656		4.03621e+12
P9-X10	383764		4.16582e+12
P9-X11	383836		1.95706e+14
P10-Q8	112861		2.57705e+13
P10-Q9	113727		4.22603e+11
P10-Q12	114300		5.18408e+15
P10-R8	197449		1.0676e+13
P10-R9	198029		1.74532e+11
P10-R12	198414		1.62291e+15
P10-S8	255444		5.44671e+12
P10-S9	255851		8.84054e+10
P10-S12	256121		7.37031e+14
P10-T8	296920		3.19929e+12
P10-T9	297217		5.20787e+10
P10-T12	297414		4.0572e+14
P10-U8	327601		2.05964e+12
P10-U9	327824		3.34653e+10
P10-U12	327972		2.50978e+14
P10-V8	350929		1.41539e+12
P10-V9	351101		2.29086e+10
P10-V12	351215		1.67887e+14
P10-W8	369079		1.02088e+12
P10-W9	369214		1.64634e+10
P10-W12	369303		1.18758e+14
P10-X8	383476		7.64138e+11
P10-X9	383584		1.22888e+10
P10-X12	383656		8.75961e+13
P11-Q9	112814		2.43188e+13
P11-Q12	113387		7.83502e+13
P11-Q13	113794		5.23275e+15
P11-R9	197116		1.00558e+13
P11-R12	197500		2.41234e+13
P11-R13	197774		1.63365e+15
P11-S9	254938		5.12416e+12
P11-S12	255208		1.08553e+13
P11-S13	255400		7.40875e+14
P11-T9	296304		3.00209e+12
P11-T12	296501		5.93436e+12
P11-T13	296641		4.07549e+14
P11-U9	326910		1.93081e+12
P11-U12	327058		3.65635e+12
P11-U13	327164		2.5196e+14
P11-V9	350188		1.32654e+12
P11-V12	350301		2.439e+12
P11-V13	350383		1.68468e+14
P11-W9	368300		9.56698e+11
P11-W12	368390		1.72139e+12
P11-W13	368454		1.19132e+14
P11-X9	382671		7.15998e+11
P11-X12	382742		1.26729e+12
P11-X13	382793		8.78517e+13
Q1-Q3	10515.8		7.63468e+12
Q1-R2	89577.4		4.10094e+14
Q1-R3	96588.3		2.1254e+14
Q1-S2	150575		2.93921e+14
Q1-S3	155479		1.73409e+14
Q1-T2	193965		2.12941e+14
Q1-T3	197528		1.31962e+14
Q1-U2	225922		1.58332e+14
Q1-U3	228591		1.01536e+14
Q1-V2	250134		1.20727e+14
Q1-V3	252185		7.91252e+13
Q1-W2	268914		9.41967e+13
Q1-W3	270525		6.26021e+13
Q1-X2	283774		7.49545e+13
Q1-X3	285061		5.02906e+13
Q2-Q4	10515.8		7.32555e+12
Q2-R1	89577.4		1.95531e+14
Q2-R4	96588.3		3.36887e+14
Q2-S1	150575		1.30628e+14
Q2-S4	155479		2.79405e+14
Q2-T1	193965		9.02008e+13
Q2-T4	197528		2.15141e+14
Q2-U1	225922		6.55702e+13
Q2-U4	228591		1.65947e+14
Q2-V1	250134		4.91358e+13
Q2-V4	252185		1.29574e+14
Q2-W1	268914		3.7766e+13
Q2-W4	270525		1.02748e+14
Q2-X1	283774		2.96754e+13
Q2-X4	285061		8.27179e+13
Q2-Y1	295733		2.37649e+13
Q3-Q5	3024.52		2.14148e+11
Q3-R1	79061.6		6.34607e+14
Q3-R4	86072.5		1.05993e+14
Q3-R5	88095.9		5.59672e+14
Q3-S1	140059		3.97059e+14
Q3-S4	144963		7.66266e+13
Q3-S5	146383		4.21259e+14
Q3-T1	183449		2.70074e+14
Q3-T4	187012		5.5814e+13
Q3-T5	188046		3.10851e+14
Q3-U1	215406		1.93647e+14
Q3-U4	218076		4.15153e+13
Q3-U5	218851		2.34778e+14
Q3-V1	239618		1.44072e+14
Q3-V4	241669		3.16844e+13
Q3-V5	242266		1.80778e+14
Q3-W1	258399		1.10436e+14
Q3-W4	260009		2.47575e+13
Q3-W5	260478		1.41875e+14
Q3-X1	273258		8.67157e+13
Q3-X4	274545		1.97281e+13
Q3-X5	274920		1.13321e+14
Q3-Y1	285217		6.94422e+13
Q4-Q6	3024.52		1.91572e+11
Q4-R2	79061.6		4.50785e+14
Q4-R3	86072.5		2.40689e+13
Q4-R6	88095.9		7.8608e+14
Q4-S2	140059		2.70006e+14
Q4-S3	144963		1.51812e+13
Q4-S6	146383		5.81551e+14
Q4-T2	183449		1.78107e+14
Q4-T3	187012		1.00783e+13
Q4-T6	188046		4.23897e+14
Q4-U2	215406		1.25584e+14
Q4-U3	218076		7.18219e+12
Q4-U6	218851		3.15992e+14
Q4-V2	239618		9.22158e+13
Q4-V3	241669		5.30053e+12
Q4-V6	242266		2.41067e+14
Q4-W2	258399		6.99139e+13
Q4-W3	260009		4.02161e+12
Q4-W6	260478		1.87976e+14
Q4-X2	273258		5.44065e+13
Q4-X3	274545		3.12656e+12
Q4-X6	274920		1.4942e+14
Q5-Q7	1463.44		2.33302e+10
Q5-R3	83048		2.65575e+14
Q5-R6	85071.4		6.05372e+13
Q5-R7	86051.6		8.688e+14
Q5-S3	141939		1.64685e+14
Q5-S6	143358		4.28632e+13
Q5-S7	144046		6.29753e+14
Q5-T3	183988		1.0991e+14
Q5-T6	185021		3.07281e+13
Q5-T7	185523		4.54365e+14
Q5-U3	215051		7.75683e+13
Q5-U6	215827		2.25514e+13
Q5-U7	216203		3.37483e+14
Q5-V3	238645		5.70008e+13
Q5-V6	239242		1.70516e+13
Q5-V7	239532		2.56708e+14
Q5-W3	256984		4.32797e+13
Q5-W6	257453		1.3233e+13
Q5-W7	257681		1.99643e+14
Q5-X3	271521		3.37358e+13
Q5-X6	271896		1.0488e+13
Q5-X7	272078		1.58348e+14
Q6-Q8	1463.44		1.93031e+10
Q6-R4	83048		1.68579e+14
Q6-R5	85071.4		6.24571e+12
Q6-R8	86051.6		1.18436e+15
Q6-S4	141939		9.70279e+13
Q6-S5	143358		3.63706e+12
Q6-S8	144046		8.09886e+14
Q6-T4	183988		6.15948e+13
Q6-T5	185021		2.28899e+12
Q6-T8	185523		5.61759e+14
Q6-U4	215051		4.22248e+13
Q6-U5	215827		1.58287e+12
Q6-U8	216203		4.04511e+14
Q6-V4	238645		3.0355e+13
Q6-V5	239242		1.14107e+12
Q6-V8	239532		3.00943e+14
Q6-W4	256984		2.26417e+13
Q6-W5	257453		8.49073e+11
Q6-W8	257681		2.30259e+14
Q6-X4	271521		1.73975e+13
Q6-X5	271896		6.4979e+11
Q6-X8	272078		1.80348e+14
Q7-Q9	866.113		4.15577e+09
Q7-R5	83607.9		1.40706e+14
Q7-R8	84588.1		4.46944e+13
Q7-R9	85168.6		1.23185e+15
Q7-S5	141895		8.13307e+13
Q7-S8	142583		2.97966e+13
Q7-S9	142991		8.35163e+14
Q7-T5	183558		5.17885e+13
Q7-T8	184059		2.0469e+13
Q7-T9	184357		5.76636e+14
Q7-U5	214363		3.53604e+13
Q7-U8	214740		1.45738e+13
Q7-U9	214963		4.1472e+14
Q7-V5	237778		2.5372e+13
Q7-V8	238068		1.07826e+13
Q7-V9	238240		3.08119e+14
Q7-W5	255990		1.89256e+13
Q7-W8	256218		8.22966e+12
Q7-W9	256353		2.35425e+14
Q7-X5	270432		1.45525e+13
Q7-X8	270615		6.43626e+12
Q7-X9	270723		1.84187e+14
Q8-Q10	866.113		3.02715e+09
Q8-R6	83607.9		7.98491e+13
Q8-R7	84588.1		1.92223e+12
Q8-R10	85168.6		1.65223e+15
Q8-S6	141895		4.16736e+13
Q8-S7	142583		1.00674e+12
Q8-S10	142991		9.92197e+14
Q8-T6	183558		2.48146e+13
Q8-T7	184059		5.92318e+11
Q8-T10	184357		6.33552e+14
Q8-U6	214363		1.62647e+13
Q8-U7	214740		3.92549e+11
Q8-U10	214963		4.30897e+14
Q8-V6	237778		1.1318e+13
Q8-V7	238068		2.73701e+11
Q8-V10	238240		3.07674e+14
Q8-W6	255990		8.23958e+12
Q8-W7	256218		1.98349e+11
Q8-W10	256353		2.28273e+14
Q8-X6	270432		6.21445e+12
Q8-X7	270615		1.48709e+11
Q8-X10	270723		1.74588e+14
Q9-Q11	573.196		8.98194e+08
Q9-R7	83722		7.29646e+13
Q9-R10	84302.5		3.75661e+13
Q9-R11	84686.7		1.68551e+15
Q9-S7	141717		3.80739e+13
Q9-S10	142124		2.21513e+13
Q9-S11	142394		1.00749e+15
Q9-T7	183193		2.27069e+13
Q9-T10	183490		1.4037e+13
Q9-T11	183687		6.4169e+14
Q9-U7	213874		1.48163e+13
Q9-U10	214097		9.4595e+12
Q9-U11	214245		4.36189e+14
Q9-V7	237202		1.02911e+13
Q9-V10	237374		6.72779e+12
Q9-V11	237488		3.1117e+14
Q9-W7	255352		7.49324e+12
Q9-W10	255487		4.98324e+12
Q9-W11	255576		2.30655e+14
Q9-X7	269749		5.65583e+12
Q9-X10	269857		3.80676e+12
Q9-X11	269929		1.76287e+14
Q10-Q12	573.196		4.86985e+08
Q10-R8	83722		3.45497e+13
Q10-R9	84302.5		5.70686e+11
Q10-R12	84686.7		2.23622e+15
Q10-S8	141717		1.5685e+13
Q10-S9	142124		2.5918e+11
Q10-S12	142394		1.05469e+15
Q10-T8	183193		8.55308e+12
Q10-T9	183490		1.39535e+11
Q10-T12	183687		5.83888e+14
Q10-U8	213874		5.2757e+12
Q10-U9	214097		8.72413e+10
Q10-U12	214245		3.61511e+14
Q10-V8	237202		3.51434e+12
Q10-V9	237374		5.814e+10
Q10-V12	237488		2.41682e+14
Q10-W8	255352		2.47693e+12
Q10-W9	255487		4.0688e+10
Q10-W12	255576		1.70839e+14
Q10-X8	269749		1.82247e+12
Q10-X9	269857		2.97066e+10
Q10-X12	269929		1.25935e+14
Q11-Q13	407.593		1.77909e+08
Q11-R9	83729.3		3.27344e+13
Q11-R12	84113.6		3.4146e+13
Q11-R13	84386.9		2.26248e+15
Q11-S9	141551		1.48429e+13
Q11-S12	141821		1.58675e+13
Q11-S13	142013		1.06399e+15
Q11-T9	182917		8.09988e+12
Q11-T12	183114		8.72073e+12
Q11-T13	183254		5.88147e+14
Q11-U9	213524		4.97421e+12
Q11-U12	213672		5.35931e+12
Q11-U13	213777		3.63981e+14
Q11-V9	236801		3.30944e+12
Q11-V12	236915		3.57199e+12
Q11-V13	236996		2.43169e+14
Q11-W9	254914		2.33388e+12
Q11-W12	255003		2.52075e+12
Q11-W13	255067		1.71788e+14
Q11-X9	269284		1.71868e+12
Q11-X12	269356		1.85532e+12
Q11-X13	269407		1.26583e+14
Q12-R10	83729.3		1.03762e+13
Q12-R11	84113.6		1.23961e+11
Q12-R14	84386.9		2.97798e+15
Q12-S10	141551		3.858e+12
Q12-S11	141821		4.60145e+10
Q12-S14	142013		8.30794e+14
Q12-T10	182917		1.86119e+12
Q12-T11	183114		2.19678e+10
Q12-T14	183254		3.55768e+14
Q12-U10	213524		1.05616e+12
Q12-U11	213672		1.26236e+10
Q12-U14	213777		1.88614e+14
Q12-V10	236801		6.63285e+11
Q12-V11	236915		7.90226e+09
Q12-V14	236996		1.13675e+14
Q12-W10	254914		4.47703e+11
Q12-W11	255003		5.28505e+09
Q12-W14	255067		7.46295e+13
Q12-X10	269284		3.18754e+11
Q12-X11	269356		3.73353e+09
Q12-X14	269407		5.20668e+13
Q13-R11	83706		1.0009e+13
Q13-R14	83979.3		3.27071e+13
Q13-R15	84183.7		3.00043e+15
Q13-S11	141414		3.71603e+12
Q13-S14	141606		9.00561e+12
Q13-S15	141749		8.35418e+14
Q13-T11	182707		1.79265e+12
Q13-T14	182847		3.8286e+12
Q13-T15	182951		3.5739e+14
Q13-U11	213264		1.01351e+12
Q13-U14	213369		2.01699e+12
Q13-U15	213448		1.89398e+14
Q13-V11	236507		6.36118e+11
Q13-V14	236588		1.21216e+12
Q13-V15	236649		1.14087e+14
Q13-W11	254596		4.29668e+11
Q13-W14	254659		7.9418e+11
Q13-W15	254707		7.48705e+13
Q13-X11	268948		3.06113e+11
Q13-X14	268999		5.52978e+11
Q13-X15	269037		5.22224e+13
R1-R3	7010.85		3.89874e+12
R1-S2	60997.4		2.07784e+14
R1-S3	65901.8		1.0624e+14
R1-T2	104387		1.53927e+14
R1-T3	107951		8.94981e+13
R1-U2	136344		1.14692e+14
R1-U3	139014		6.99154e+13
R1-V2	160556		8.72396e+13
R1-V3	162608		5.5109e+13
R1-W2	179337		6.78e+13
R1-W3	180947		4.37782e+13
R1-X2	194197		5.38016e+13
R1-X3	195484		3.51961e+13
R2-R4	7010.85		3.78957e+12
R2-S1	60997.4		1.0831e+14
R2-S4	65901.8		1.60245e+14
R2-T1	104387		7.51179e+13
R2-T4	107951		1.37738e+14
R2-U1	136344		5.33439e+13
R2-U4	139014		1.09291e+14
R2-V1	160556		3.97657e+13
R2-V4	162608		8.64537e+13
R2-W1	179337		3.03737e+13
R2-W4	180947		6.89179e+13
R2-X1	194197		2.37076e+13
R2-X4	195484		5.56358e+13
R2-Y1	206155		1.88786e+13
R3-R5	2023.42		1.11887e+11
R3-S1	53986.5		3.49655e+14
R3-S4	58890.9		5.2294e+13
R3-S5	60310.2		2.74263e+14
R3-T1	97376.6		2.26706e+14
R3-T4	100940		3.92211e+13
R3-T5	101973		2.13962e+14
R3-U1	129333		1.58636e+14
R3-U4	132003		2.94693e+13
R3-U5	132779		1.62576e+14
R3-V1	153545		1.16379e+14
R3-V4	155597		2.24514e+13
R3-V5	156194		1.25969e+14
R3-W1	172326		8.82249e+13
R3-W4	173936		1.74917e+13
R3-W5	174405		9.89982e+13
R3-X1	187186		6.874e+13
R3-X4	188473		1.39215e+13
R3-X5	188848		7.90416e+13
R3-Y1	199144		5.47555e+13
R4-R6	2023.42		1.03148e+11
R4-S2	53986.5		2.60697e+14
R4-S3	58890.9		1.42273e+13
R4-S6	60310.2		3.71699e+14
R4-T2	97376.6		1.62759e+14
R4-T3	100940		9.37812e+12
R4-T6	101973		2.88163e+14
R4-U2	129333		1.10733e+14
R4-U3	132003		6.42063e+12
R4-U6	132779		2.17944e+14
R4-V2	153545		8.00937e+13
R4-V3	155597		4.70493e+12
R4-V6	156194		1.67357e+14
R4-W2	172326		5.9979e+13
R4-W3	173936		3.54172e+12
R4-W6	174405		1.30765e+14
R4-X2	187186		4.62196e+13
R4-X3	188473		2.7278e+12
R4-X6	188848		1.04043e+14
R5-R7	980.181		1.26017e+10
R5-S3	56867.5		1.56121e+14
R5-S6	58286.8		2.89998e+13
R5-S7	58974.9		4.13991e+14
R5-T3	98916.6		1.01057e+14
R5-T6	99950		2.15451e+13
R5-T7	100451		3.14589e+14
R5-U3	129980		6.96342e+13
R5-U6	130755		1.60522e+13
R5-U7	131132		2.35443e+14
R5-V3	153573		5.03745e+13
R5-V6	154170		1.21211e+13
R5-V7	154460		1.8025e+14
R5-W3	171913		3.77549e+13
R5-W6	172382		9.38975e+12
R5-W7	172610		1.40416e+14
R5-X3	186449		2.91545e+13
R5-X6	186825		7.44304e+12
R5-X7	187007		1.1138e+14
R6-R8	980.181		1.10267e+10
R6-S4	56867.5		1.06576e+14
R6-S5	58286.8		3.99251e+12
R6-S8	58974.9		5.46642e+14
R6-T4	98916.6		6.47364e+13
R6-T5	99950		2.45777e+12
R6-T8	100451		4.01063e+14
R6-U4	129980		4.26525e+13
R6-U5	130755		1.604e+12
R6-U8	131132		2.92766e+14
R6-V4	153573		3.01019e+13
R6-V5	154170		1.14579e+12
R6-V8	154460		2.19148e+14
R6-W4	171913		2.21137e+13
R6-W5	172382		8.4403e+11
R6-W8	172610		1.68032e+14
R6-X4	186449		1.67844e+13
R6-X5	186825		6.37775e+11
R6-X8	187007		1.31758e+14
R7-R9	580.451		2.37777e+09
R7-S5	57306.6		8.95384e+13
R7-S8	57994.7		2.08031e+13
R7-S9	58402.4		5.70707e+14
R7-T5	98969.8		5.46531e+13
R7-T8	99471.3		1.48992e+13
R7-T9	99768.5		4.15246e+14
R7-U5	129775		3.61514e+13
R7-U8	130152		1.07896e+13
R7-U9	130375		3.0167e+14
R7-V5	153190		2.53891e+13
R7-V8	153480		7.97653e+12
R7-V9	153652		2.25644e+14
R7-W5	171402		1.86203e+13
R7-W8	171630		6.0859e+12
R7-W9	171765		1.72764e+14
R7-X5	185844		1.41453e+13
R7-X8	186027		4.76599e+12
R7-X9	186135		1.35244e+14
R8-R10	580.451		1.93475e+09
R8-S6	57306.6		5.66674e+13
R8-S7	57994.7		1.37442e+12
R8-S10	58402.4		7.42899e+14
R8-T6	98969.8		3.17844e+13
R8-T7	99471.3		7.74749e+11
R8-T10	99768.5		5.0148e+14
R8-U6	129775		1.98374e+13
R8-U7	130152		4.77145e+11
R8-U10	130375		3.45922e+14
R8-V6	153190		1.34621e+13
R8-V7	153480		3.28787e+11
R8-V10	153652		2.48542e+14
R8-W6	171402		9.60686e+12
R8-W7	171630		2.34976e+11
R8-W10	171765		1.84859e+14
R8-X6	185844		7.13353e+12
R8-X7	186027		1.73197e+11
R8-X10	186135		1.4159e+14
R9-R11	384.287		5.74626e+08
R9-S7	57414.3		5.19756e+13
R9-S10	57822		1.7003e+13
R9-S11	58092		7.59573e+14
R9-T7	98890.8		2.91603e+13
R9-T10	99188		1.12855e+13
R9-T11	99384.9		5.10447e+14
R9-U7	129571		1.82434e+13
R9-U10	129794		7.73888e+12
R9-U11	129942		3.51169e+14
R9-V7	152900		1.23142e+13
R9-V10	153071		5.50369e+12
R9-V11	153185		2.52265e+14
R9-W7	171049		8.77409e+12
R9-W10	171184		4.08068e+12
R9-W11	171274		1.87438e+14
R9-X7	185446		6.5219e+12
R9-X10	185555		3.1241e+12
R9-X11	185626		1.43403e+14
R10-R12	384.287		4.12921e+08
R10-S8	57414.3		2.96151e+13
R10-S9	57822		4.91949e+11
R10-S12	58092		9.79194e+14
R10-T8	98890.8		1.4878e+13
R10-T9	99188		2.47599e+11
R10-T12	99384.9		5.73217e+14
R10-U8	129571		8.64007e+12
R10-U9	129794		1.417e+11
R10-U12	129942		3.6013e+14
R10-V8	152900		5.56981e+12
R10-V9	153071		9.30758e+10
R10-V12	153185		2.42295e+14
R10-W8	171049		3.8276e+12
R10-W9	171184		6.39277e+10
R10-W12	171274		1.7175e+14
R10-X8	185446		2.76252e+12
R10-X9	185555		4.56519e+10
R10-X12	185626		1.26822e+14
R11-R13	273.331		1.5095e+08
R11-S9	57437.7		2.81296e+13
R11-S12	57707.7		1.50379e+13
R11-S13	57899.8		9.92182e+14
R11-T9	98803.7		1.41194e+13
R11-T12	99000.6		8.68689e+12
R11-T13	99140.7		5.79213e+14
R11-U9	129410		8.21306e+12
R11-U12	129558		5.42743e+12
R11-U13	129663		3.63312e+14
R11-V9	152687		5.26661e+12
R11-V12	152801		3.62115e+12
R11-V13	152882		2.44401e+14
R11-W9	170800		3.61573e+12
R11-W12	170890		2.56158e+12
R11-W13	170954		1.73105e+14
R11-X9	185170		2.61326e+12
R11-X12	185242		1.89064e+12
R11-X13	185293		1.27723e+14
R12-R14	273.331		8.0913e+07
R12-S10	57437.7		1.33946e+13
R12-S11	57707.7		1.60749e+11
R12-S14	57899.8		1.26986e+15
R12-T10	98803.7		5.80087e+12
R12-T11	99000.6		6.96126e+10
R12-T14	99140.7		5.75066e+14
R12-U10	129410		3.06178e+12
R12-U11	129558		3.62525e+10
R12-U14	129663		3.09457e+14
R12-V10	152687		1.84489e+12
R12-V11	152801		2.22833e+10
R12-V14	152882		1.877e+14
R12-W10	170800		1.20714e+12
R12-W11	170890		1.45171e+10
R12-W14	170954		1.23598e+14
R12-X10	185170		8.39814e+11
R12-X11	185242		9.964e+09
R12-X14	185293		8.63917e+13
R13-R15	204.422		3.42381e+07
R13-S11	57434.4		1.29446e+13
R13-S14	57626.4		1.40211e+13
R13-S15	57770.1		1.2808e+15
R13-T11	98727.3		5.59973e+12
R13-T14	98867.3		6.27784e+12
R13-T15	98972.1		5.78933e+14
R13-U11	129285		2.95795e+12
R13-U14	129390		3.35877e+12
R13-U15	129469		3.11221e+14
R13-V11	152528		1.77407e+12
R13-V14	152609		2.02406e+12
R13-V15	152670		1.88723e+14
R13-W11	170616		1.16069e+12
R13-W14	170680		1.33056e+12
R13-W15	170728		1.24197e+14
R13-X11	184969		8.08799e+11
R13-X14	185020		9.28959e+11
R13-X15	185058		8.67692e+13
R14-S12	57434.4		4.12569e+12
R14-S13	57626.4		3.73272e+10
R14-S16	57770.1		1.63012e+15
R14-T12	98727.3		1.45029e+12
R14-T13	98867.3		1.31009e+10
R14-T16	98972.1		4.29534e+14
R14-U12	129285		6.71528e+11
R14-U13	129390		6.00746e+09
R14-U16	129469		1.76467e+14
R14-V12	152528		3.69483e+11
R14-V13	152609		3.35892e+09
R14-V16	152670		9.06985e+13
R14-W12	170616		2.26572e+11
R14-W13	170680		2.04118e+09
R14-W16	170728		5.3386e+13
R14-X12	184969		1.50213e+11
R14-X13	185020		1.33494e+09
R14-X16	185058		3.44146e+13
R15-S13	57422		4.02617e+12
R15-S16	57565.7		1.35769e+13
R15-S17	57677.2		1.63987e+15
R15-T13	98662.9		1.4137e+12
R15-T16	98767.7		3.54074e+12
R15-T17	98849		4.31522e+14
R15-U13	129186		6.54611e+11
R15-U16	129264		1.44607e+12
R15-U17	129325		1.77159e+14
R15-V13	152404		3.58892e+11
R15-V16	152465		7.39261e+11
R15-V17	152512		9.10289e+13
R15-W13	170476		2.20175e+11
R15-W16	170523		4.34304e+11
R15-W17	170561		5.3556e+13
R15-X13	184815		1.46164e+11
R15-X16	184853		2.79451e+11
R15-X17	184883		3.45141e+13
S1-S3	4904.4		2.15397e+12
S1-T2	43390.1		1.14138e+14
S1-T3	46953.5		5.77381e+13
S1-U2	75346.8		8.67864e+13
S1-U3	78016.6		4.98796e+13
S1-V2	99558.9		6.61539e+13
S1-V3	101610		3.97949e+13
S1-W2	118340		5.12634e+13
S1-W3	119950		3.20043e+13
S1-X2	133199		4.04802e+13
S1-X3	134486		2.5827e+13
S2-S4	4904.4		2.11122e+12
S2-T1	43390.1		6.3808e+13
S2-T4	46953.5		8.36812e+13
S2-U1	75346.8		4.56152e+13
S2-U4	78016.6		7.3902e+13
S2-V1	99558.9		3.31498e+13
S2-V4	101610		6.00428e+13
S2-W1	118340		2.52458e+13
S2-W4	119950		4.84726e+13
S2-X1	133199		1.95911e+13
S2-X4	134486		3.92998e+13
S2-Y1	145158		1.54901e+13
S3-S5	1419.28		6.28178e+10
S3-T1	38485.7		2.05114e+14
S3-T4	42049.1		2.81119e+13
S3-T5	43082.5		1.46659e+14
S3-U1	70442.4		1.36869e+14
S3-U4	73112.2		2.16853e+13
S3-U5	73887.8		1.1759e+14
S3-V1	94654.5		9.80367e+13
S3-V4	96705.9		1.67004e+13
S3-V5	97302.8		9.14417e+13
S3-W1	113435		7.33104e+13
S3-W4	115045		1.29698e+13
S3-W5	115514		7.23466e+13
S3-X1	128295		5.64673e+13
S3-X4	129582		1.02802e+13
S3-X5	129957		5.78126e+13
S3-Y1	140253		4.46255e+13
S4-S6	1419.28		5.90404e+10
S4-T2	38485.7		1.58582e+14
S4-T3	42049.1		8.80628e+12
S4-T6	43082.5		1.93119e+14
S4-U2	70442.4		1.02359e+14
S4-U3	73112.2		6.0152e+12
S4-U6	73887.8		1.54912e+14
S4-V2	94654.5		7.14373e+13
S4-V3	96705.9		4.22489e+12
S4-V6	97302.8		1.20524e+14
S4-W2	113435		5.27895e+13
S4-W3	115045		3.17031e+12
S4-W6	115514		9.4746e+13
S4-X2	128295		4.01891e+13
S4-X3	129582		2.42552e+12
S4-X6	129957		7.54761e+13
S5-S7	688.143		7.23098e+09
S5-T3	40629.8		9.62119e+13
S5-T6	41663.3		1.52212e+13
S5-T7	42164.7		2.1641e+14
S5-U3	71692.9		6.44708e+13
S5-U6	72468.5		1.17126e+13
S5-U7	72845.1		1.70221e+14
S5-V3	95286.7		4.56124e+13
S5-V6	95883.5		8.98943e+12
S5-V7	96173.4		1.31019e+14
S5-W3	113626		3.36883e+13
S5-W6	114095		6.94015e+12
S5-W7	114323		1.02753e+14
S5-X3	128162		2.56777e+13
S5-X6	128538		5.48463e+12
S5-X7	128720		8.1595e+13
S6-S8	688.143		6.54361e+09
S6-T4	40629.8		6.91954e+13
S6-T5	41663.3		2.61501e+12
S6-T8	42164.7		2.78487e+14
S6-U4	71692.9		4.38729e+13
S6-U5	72468.5		1.6827e+12
S6-U8	72845.1		2.14478e+14
S6-V4	95286.7		2.98027e+13
S6-V5	95883.5		1.13156e+12
S6-V8	96173.4		1.62547e+14
S6-W4	113626		2.15534e+13
S6-W5	114095		8.30915e+11
S6-W8	114323		1.25344e+14
S6-X4	128162		1.61249e+13
S6-X5	128538		6.22859e+11
S6-X8	128720		9.84244e+13
S7-S9	407.701		1.41283e+09
S7-T5	40975.1		5.84342e+13
S7-T8	41476.6		1.06673e+13
S7-T9	41773.7		2.91616e+14
S7-U5	71780.4		3.72478e+13
S7-U8	72156.9		8.02581e+12
S7-U9	72380.2		2.22787e+14
S7-V5	95195.4		2.5424e+13
S7-V8	95485.3		6.04625e+12
S7-V9	95657.2		1.67981e+14
S7-W5	113407		1.82819e+13
S7-W8	113635		4.59591e+12
S7-W9	113770		1.29533e+14
S7-X5	127850		1.36578e+13
S7-X8	128032		3.59295e+12
S7-X9	128140		1.01551e+14
S8-S10	407.701		1.21886e+09
S8-T6	40975.1		3.97626e+13
S8-T7	41476.6		9.70098e+11
S8-T10	41773.7		3.70554e+14
S8-U6	71780.4		2.35889e+13
S8-U7	72156.9		5.79313e+11
S8-U10	72380.2		2.69623e+14
S8-V6	95195.4		1.52874e+13
S8-V7	95485.3		3.69484e+11
S8-V10	95657.2		1.96264e+14
S8-W6	113407		1.06827e+13
S8-W7	113635		2.63641e+11
S8-W10	113770		1.46835e+14
S8-X6	127850		7.78635e+12
S8-X7	128032		1.92376e+11
S8-X10	128140		1.1267e+14
S9-S11	269.996		3.6228e+08
S9-T7	41068.9		3.65771e+13
S9-T10	41366		8.52348e+12
S9-T11	41562.9		3.7955e+14
S9-U7	71749.2		2.17107e+13
S9-U10	71972.5		6.1037e+12
S9-U11	72120.4		2.74981e+14
S9-V7	95077.6		1.4117e+13
S9-V10	95249.5		4.42346e+12
S9-V11	95363.4		1.99602e+14
S9-W7	113227		9.79984e+12
S9-W10	113362		3.27126e+12
S9-W11	113452		1.49358e+14
S9-X7	127624		7.13525e+12
S9-X10	127733		2.50497e+12
S9-X11	127804		1.1448e+14
S10-S12	269.996		2.91364e+08
S10-T8	41068.9		2.32248e+13
S10-T9	41366		3.87522e+11
S10-T12	41562.9		4.78111e+14
S10-U8	71749.2		1.2584e+13
S10-U9	71972.5		2.10609e+11
S10-U12	72120.4		3.17069e+14
S10-V8	95077.6		7.67587e+12
S10-V9	95249.5		1.26408e+11
S10-V12	95363.4		2.16278e+14
S10-W8	113227		5.1283e+12
S10-W9	113362		8.64627e+10
S10-W12	113452		1.54235e+14
S10-X8	127624		3.61571e+12
S10-X9	127733		6.08059e+10
S10-X12	127804		1.14151e+14
S11-S13	192.078		1.06567e+08
S11-T9	41096		2.21025e+13
S11-T12	41292.9		7.37382e+12
S11-T13	41433		4.85033e+14
S11-U9	71702.5		1.19685e+13
S11-U12	71850.4		4.83047e+12
S11-U13	71955.6		3.20805e+14
S11-V9	94979.5		7.3172e+12
S11-V12	95093.4		3.2814e+12
S11-V13	95174.5		2.18453e+14
S11-W9	113092		4.85891e+12
S11-W12	113182		2.31803e+12
S11-W13	113246		1.55812e+14
S11-X9	127463		3.42439e+12
S11-X12	127534		1.71406e+12
S11-X13	127585		1.15209e+14
S12-S14	192.078		7.58232e+07
S12-T10	41096		1.26559e+13
S12-T11	41292.9		1.52429e+11
S12-T14	41433		6.06991e+14
S12-U10	71702.5		6.09775e+12
S12-U11	71850.4		7.35257e+10
S12-U14	71955.6		3.45002e+14
S12-V10	94979.5		3.44071e+12
S12-V11	95093.4		4.08557e+10
S12-V14	95174.5		2.1227e+14
S12-W10	113092		2.17201e+12
S12-W11	113182		2.64553e+10
S12-W14	113246		1.40639e+14
S12-X10	127463		1.46851e+12
S12-X11	127534		1.77633e+10
S12-X14	127585		9.8562e+13
S13-S15	143.674		3.20961e+07
S13-T11	41100.8		1.22479e+13
S13-T14	41240.9		6.72787e+12
S13-T15	41345.7		6.12745e+14
S13-U11	71658.3		5.89584e+12
S13-U14	71763.6		3.78517e+12
S13-U15	71842.3		3.47646e+14
S13-V11	94901.4		3.33185e+12
S13-V14	94982.4		2.3187e+12
S13-V15	95043.1		2.13666e+14
S13-W11	112990		2.09171e+12
S13-W14	113054		1.52483e+12
S13-W15	113101		1.41565e+14
S13-X11	127342		1.41474e+12
S13-X14	127393		1.0682e+12
S13-X15	127431		9.91357e+13
S14-S16	143.674		1.70576e+07
S14-T12	41100.8		5.86188e+12
S14-T13	41240.9		5.31946e+10
S14-T16	41345.7		7.62864e+14
S14-U12	71658.3		2.41843e+12
S14-U13	71763.6		2.194e+10
S14-U16	71842.3		3.31125e+14
S14-V12	94901.4		1.23248e+12
S14-V13	94982.4		1.10402e+10
S14-V16	95043.1		1.72688e+14
S14-W12	112990		7.23063e+11
S14-W13	113054		6.63459e+09
S14-W16	113101		1.02276e+14
S14-X12	127342		4.63336e+11
S14-X13	127393		4.20008e+09
S14-X16	127431		6.61204e+13
S15-S17	111.536		8.04975e+06
S15-T13	41097.2		5.72678e+12
S15-T16	41202		6.37682e+12
S15-T17	41283.4		7.67919e+14
S15-U13	71619.9		2.3605e+12
S15-U16	71698.6		2.74305e+12
S15-U17	71759.8		3.32889e+14
S15-V13	94838.8		1.20387e+12
S15-V16	94899.4		1.42382e+12
S15-V17	94946.5		1.73483e+14
S15-W13	112910		7.0305e+11
S15-W16	112958		8.38406e+11
S15-W17	112995		1.02734e+14
S15-X13	127250		4.50986e+11
S15-X16	127288		5.41713e+11
S15-X17	127317		6.63782e+13
S16-T14	41097.2		1.83372e+12
S16-T15	41202		1.29678e+10
S16-T18	41283.4		9.52079e+14
S16-U14	71619.9		6.09737e+11
S16-U15	71698.6		4.306e+09
S16-U18	71759.8		2.37197e+14
S16-V14	94838.8		2.70644e+11
S16-V15	94899.4		1.89372e+09
S16-V18	94946.5		9.34043e+13
S16-W14	112910		1.44096e+11
S16-W15	112958		1.02808e+09
S16-W18	112995		4.64567e+13
S16-X14	127250		8.60826e+10
S16-X15	127288		6.04134e+08
S16-X18	127317		2.66477e+13
S17-T15	41090.5		1.80194e+12
S17-T18	41171.8		6.21951e+12
S17-T19	41236.8		9.56709e+14
S17-U15	71587.1		5.98637e+11
S17-U18	71648.2		1.53663e+12
S17-U19	71697.1		2.3812e+14
S17-V15	94787.9		2.65747e+11
S17-V18	94835		6.02127e+11
S17-V19	94872.6		9.37194e+13
S17-W15	112846		1.41001e+11
S17-W18	112883		2.98096e+11
S17-W19	112913		4.66043e+13
S17-X15	127176		8.43542e+10
S17-X18	127206		1.70788e+11
S17-X19	127230		2.67215e+13
T1-T3	3563.45		1.2666e+12
T1-U2	31956.8		6.6823e+13
T1-U3	34626.5		3.35116e+13
T1-V2	56168.8		5.18929e+13
T1-V3	58220.3		2.95432e+13
T1-W2	74949.6		4.03041e+13
T1-W3	76559.7		2.39854e+13
T1-X2	89809.3		3.17187e+13
T1-X3	91096.1		1.96167e+13
T2-T4	3563.45		1.24852e+12
T2-U1	31956.8		3.95237e+13
T2-U4	34626.5		4.70014e+13
T2-V1	56168.8		2.89688e+13
T2-V4	58220.3		4.23967e+13
T2-W1	74949.6		2.14696e+13
T2-W4	76559.7		3.51094e+13
T2-X1	89809.3		1.66491e+13
T2-X4	91096.1		2.88199e+13
T2-Y1	101768		1.30908e+13
T3-T5	1033.44		3.73792e+10
T3-U1	28393.3		1.26609e+14
T3-U4	31063.1		1.61667e+13
T3-U5	31838.7		8.39822e+13
T3-V1	52605.4		8.65062e+13
T3-V4	54656.8		1.27486e+13
T3-V5	55253.7		6.88094e+13
T3-W1	71386.1		6.31927e+13
T3-W4	72996.3		1.00209e+13
T3-W5	73465.3		5.4508e+13
T3-X1	86245.8		4.80282e+13
T3-X4	87532.7		7.90303e+12
T3-X5	87907.9		4.38943e+13
T3-Y1	98204.2		3.74981e+13
T4-T6	1033.44		3.55981e+10
T4-U2	28393.3		1.0069e+14
T4-U3	31063.1		5.67104e+12
T4-U6	31838.7		1.07993e+14
T4-V2	52605.4		6.67952e+13
T4-V3	54656.8		3.99e+12
T4-V6	55253.7		8.88945e+13
T4-W2	71386.1		4.76131e+13
T4-W3	72996.3		2.86093e+12
T4-W6	73465.3		7.0723e+13
T4-X2	86245.8		3.58439e+13
T4-X3	87532.7		2.19318e+12
T4-X6	87907.9		5.66654e+13
T5-T7	501.429		4.36856e+09
T5-U3	30029.6		6.17395e+13
T5-U6	30805.2		8.58186e+12
T5-U7	31181.8		1.21618e+14
T5-V3	53623.4		4.25651e+13
T5-V6	54220.2		6.7812e+12
T5-V7	54510.2		9.82059e+13
T5-W3	71962.9		3.07923e+13
T5-W6	72431.9		5.33107e+12
T5-W7	72659.8		7.72653e+13
T5-X3	86499.2		2.3148e+13
T5-X6	86874.5		4.18733e+12
T5-X7	87056.9		6.18141e+13
T6-T8	501.429		4.04144e+09
T6-U4	30029.6		4.61847e+13
T6-U5	30805.2		1.75782e+12
T6-U8	31181.8		1.53212e+14
T6-V4	53623.4		3.0327e+13
T6-V5	54220.2		1.17316e+12
T6-V8	54510.2		1.22224e+14
T6-W4	71962.9		2.11286e+13
T6-W5	72431.9		8.07964e+11
T6-W8	72659.8		9.53199e+13
T6-X4	86499.2		1.56071e+13
T6-X5	86874.5		6.08339e+11
T6-X8	87056.9		7.52509e+13
T7-T9	297.191		8.73469e+08
T7-U5	30303.8		3.9165e+13
T7-U8	30680.4		5.89907e+12
T7-U9	30903.6		1.60825e+14
T7-V5	53718.8		2.58653e+13
T7-V8	54008.7		4.60058e+12
T7-V9	54180.7		1.27296e+14
T7-W5	71930.5		1.81208e+13
T7-W8	72158.4		3.57058e+12
T7-W9	72293.6		9.87535e+13
T7-X5	86373.1		1.32937e+13
T7-X8	86555.5		2.77474e+12
T7-X9	86663.7		7.7993e+13
T8-T10	297.191		7.80871e+08
T8-U6	30303.8		2.80731e+13
T8-U7	30680.4		6.882e+11
T8-U10	30903.6		2.0033e+14
T8-V6	53718.8		1.74186e+13
T8-V7	54008.7		4.30215e+11
T8-V10	54180.7		1.53499e+14
T8-W6	71930.5		1.16484e+13
T8-W7	72158.4		2.8306e+11
T8-W10	72293.6		1.16225e+14
T8-X6	86373.1		8.33965e+12
T8-X7	86555.5		2.0757e+11
T8-X10	86663.7		8.96789e+13
T9-T11	196.858		2.32239e+08
T9-U7	30383.2		2.58846e+13
T9-U10	30606.4		4.62613e+12
T9-U11	30754.3		2.05493e+14
T9-V7	53711.5		1.60731e+13
T9-V10	53883.5		3.49052e+12
T9-V11	53997.4		1.56803e+14
T9-W7	71861.2		1.07905e+13
T9-W10	71996.4		2.63582e+12
T9-W11	72086		1.18367e+14
T9-X7	86258.3		7.66922e+12
T9-X10	86366.5		2.00635e+12
T9-X11	86438.2		9.14012e+13
T10-T12	196.858		1.98337e+08
T10-U8	30383.2		1.76595e+13
T10-U9	30606.4		2.95719e+11
T10-U12	30754.3		2.53972e+14
T10-V8	53711.5		1.01495e+13
T10-V9	53883.5		1.70697e+11
T10-V12	53997.4		1.8254e+14
T10-W8	71861.2		6.43985e+12
T10-W9	71996.4		1.06291e+11
T10-W12	72086		1.31864e+14
T10-X8	86258.3		4.43333e+12
T10-X9	86366.5		7.53719e+10
T10-X12	86438.2		9.8155e+13
T11-T13	140.069		7.25715e+07
T11-U9	30409.6		1.68321e+13
T11-U12	30557.5		3.92986e+12
T11-U13	30662.7		2.579e+14
T11-V9	53686.6		9.66915e+12
T11-V12	53800.5		2.7919e+12
T11-V13	53881.6		1.84892e+14
T11-W9	71799.6		6.15416e+12
T11-W12	71889.1		2.01172e+12
T11-W13	71952.9		1.33314e+14
T11-X9	86169.7		4.20603e+12
T11-X12	86241.4		1.4806e+12
T11-X13	86292.4		9.92923e+13
T12-T14	140.069		5.78617e+07
T12-U10	30409.6		1.0733e+13
T12-U11	30557.5		1.29641e+11
T12-U14	30662.7		3.16844e+14
T12-V10	53686.6		5.6001e+12
T12-V11	53800.5		6.78066e+10
T12-V14	53881.6		2.0562e+14
T12-W10	71799.6		3.32792e+12
T12-W11	71889.1		3.9559e+10
T12-W14	71952.9		1.38098e+14
T12-X10	86169.7		2.18171e+12
T12-X11	86241.4		2.67935e+10
T12-X14	86292.4		9.73543e+13
T13-T15	104.783		2.45001e+07
T13-U11	30417.4		1.03986e+13
T13-U14	30522.7		3.52217e+12
T13-U15	30601.4		3.2007e+14
T13-V11	53660.5		5.42128e+12
T13-V14	53741.5		2.26428e+12
T13-V15	53802.2		2.07356e+14
T13-W11	71749.1		3.22904e+12
T13-W14	71812.8		1.51612e+12
T13-W15	71860.6		1.39101e+14
T13-X11	86101.3		2.10285e+12
T13-X14	86152.4		1.05931e+12
T13-X15	86190.6		9.80914e+13
T14-T16	104.783		1.73007e+07
T14-U12	30417.4		5.98148e+12
T14-U13	30522.7		5.44107e+10
T14-U16	30601.4		3.91354e+14
T14-V12	53660.5		2.76053e+12
T14-V13	53741.5		2.51339e+10
T14-V16	53802.2		2.15426e+14
T14-W12	71749.1		1.51017e+12
T14-W13	71812.8		1.35338e+10
T14-W16	71860.6		1.29398e+14
T14-X12	86101.3		9.31145e+11
T14-X13	86152.4		8.6156e+09
T14-X16	86190.6		8.41582e+13
T15-T17	81.3516		8.16626e+06
T15-U13	30417.9		5.84864e+12
T15-U16	30496.6		3.28025e+12
T15-U17	30557.8		3.94154e+14
T15-V13	53636.8		2.69703e+12
T15-V16	53697.4		1.79104e+12
T15-V17	53744.5		2.16699e+14
T15-W13	71708.1		1.47756e+12
T15-W16	71755.8		1.07195e+12
T15-W17	71792.8		1.30063e+14
T15-X13	86047.6		9.05916e+11
T15-X16	86085.8		6.92495e+11
T15-X17	86115.5		8.45966e+13
T16-T18	81.3516		4.31112e+06
T16-U14	30417.9		2.81138e+12
T16-U15	30496.6		1.9923e+10
T16-U18	30557.8		4.80064e+14
T16-V14	53636.8		1.10505e+12
T16-V15	53697.4		7.82831e+09
T16-V18	53744.5		1.99601e+14
T16-W14	71708.1		5.43047e+11
T16-W15	71755.8		3.80107e+09
T16-W18	71792.8		1.00712e+14
T16-X14	86047.6		3.09627e+11
T16-X15	86085.8		2.22781e+09
T16-X18	86115.5		5.81186e+13
T17-T19	64.9951		2.21344e+06
T17-U15	30415.3		2.76458e+12
T17-U18	30476.4		3.1442e+12
T17-U19	30525.3		4.82594e+14
T17-V15	53616.1		1.08584e+12
T17-V18	53663.2		1.29773e+12
T17-V19	53700.8		2.00466e+14
T17-W15	71674.4		5.33965e+11
T17-W18	71711.5		6.52188e+11
T17-W19	71741.1		1.01096e+14
T17-X15	86004.5		3.03117e+11
T17-X18	86034.1		3.74472e+11
T17-X19	86057.8		5.83352e+13
T18-U16	30415.3		8.88671e+11
T18-U17	30476.4		5.04017e+09
T18-U20	30525.3		5.85883e+14
T18-V16	53616.1		2.79881e+11
T18-V17	53663.2		1.58536e+09
T18-V20	53700.8		1.38227e+14
T18-W16	71674.4		1.19069e+11
T18-W17	71711.5		6.68982e+08
T18-W20	71741.1		5.21683e+13
T18-X16	86004.5		6.12728e+10
T18-X17	86034.1		3.51381e+08
T18-X20	86057.8		2.50857e+13
T19-U17	30411.4		8.77149e+11
T19-U20	30460.3		3.08212e+12
T19-U21	30500.2		5.88244e+14
T19-V17	53598.2		2.7606e+11
T19-V20	53635.8		7.22168e+11
T19-V21	53666.6		1.38684e+14
T19-W17	71646.5		1.17453e+11
T19-W20	71676.1		2.71418e+11
T19-W21	71700.3		5.23207e+13
T19-X17	85969.1		6.02544e+10
T19-X20	85992.8		1.29998e+11
T19-X21	86012.2		2.51551e+13
U1-U3	2669.76		7.83456e+11
U1-V2	24212.1		4.11906e+13
U1-V3	26263.5		2.05095e+13
U1-W2	42992.8		3.25487e+13
U1-W3	44603		1.83853e+13
U1-X2	57852.5		2.56817e+13
U1-X3	59139.4		1.51454e+13
U2-U4	2669.76		7.75357e+11
U2-V1	24212.1		2.552e+13
U2-V4	26263.5		2.79864e+13
U2-W1	42992.8		1.91012e+13
U2-W4	44603		2.56761e+13
U2-X1	57852.5		1.4394e+13
U2-X4	59139.4		2.15994e+13
U2-Y1	69810.9		1.13394e+13
U3-U5	775.621		2.3331e+10
U3-V1	21542.3		8.15136e+13
U3-V4	23593.8		9.8165e+12
U3-V5	24190.6		5.08163e+13
U3-W1	40323.1		5.68112e+13
U3-W4	41933.2		7.88084e+12
U3-W5	42402.3		4.23668e+13
U3-X1	55182.8		4.21969e+13
U3-X4	56469.6		6.29814e+12
U3-X5	56844.9		3.4086e+13
U3-Y1	67141.2		3.25192e+13
U4-U6	775.621		2.24298e+10
U4-V2	21542.3		6.63094e+13
U4-V3	23593.8		3.77876e+12
U4-V6	24190.6		6.40556e+13
U4-W2	40323.1		4.50031e+13
U4-W3	41933.2		2.72474e+12
U4-W6	42402.3		5.38029e+13
U4-X2	55182.8		3.26681e+13
U4-X3	56469.6		1.99036e+12
U4-X6	56844.9		4.3583e+13
U5-U7	376.556		2.75706e+09
U5-V3	22818.1		4.10173e+13
U5-V6	23415		5.12476e+12
U5-V7	23704.9		7.24345e+13
U5-W3	41157.6		2.89618e+13
U5-W6	41626.7		4.13493e+12
U5-W7	41854.6		5.97032e+13
U5-X3	55694		2.13502e+13
U5-X6	56069.3		3.31316e+12
U5-X7	56251.7		4.782e+13
U6-U8	376.556		2.59006e+09
U6-V4	22818.1		3.16434e+13
U6-V5	23415		1.21147e+12
U6-V8	23704.9		8.96348e+13
U6-W4	41157.6		2.13911e+13
U6-W5	41626.7		8.33173e+11
U6-W8	41854.6		7.34289e+13
U6-X4	55694		1.523e+13
U6-X5	56069.3		5.8637e+11
U6-X8	56251.7		5.85676e+13
U7-U9	223.249		5.60243e+08
U7-V5	23038.4		2.69265e+13
U7-V8	23328.4		3.46585e+12
U7-V9	23500.3		9.42777e+13
U7-W5	41250.1		1.83128e+13
U7-W8	41478		2.77648e+12
U7-W9	41613.2		7.66486e+13
U7-X5	55692.7		1.31191e+13
U7-X8	55875.1		2.20814e+12
U7-X9	55983.3		6.07919e+13
U8-U10	223.249		5.1284e+08
U8-V6	23038.4		2.00731e+13
U8-V7	23328.4		4.9401e+11
U8-V10	23500.3		1.15486e+14
U8-W6	41250.1		1.2923e+13
U8-W7	41478		3.20865e+11
U8-W10	41613.2		9.1866e+13
U8-X6	55692.7		8.8693e+12
U8-X7	55875.1		2.16105e+11
U8-X10	55983.3		7.1674e+13
U9-U11	147.907		1.52598e+08
U9-V7	23105.1		1.85442e+13
U9-V10	23277		2.6754e+12
U9-V11	23391		1.18606e+14
U9-W7	41254.8		1.19488e+13
U9-W10	41390		2.09626e+12
U9-W11	41479.6		9.39734e+13
U9-X7	55651.9		8.24043e+12
U9-X10	55760.1		1.63432e+12
U9-X11	55831.8		7.3073e+13
U10-U12	147.907		1.35219e+08
U10-V8	23105.1		1.33193e+13
U10-V9	23277		2.23691e+11
U10-V12	23391		1.4426e+14
U10-W8	41254.8		8.02668e+12
U10-W9	41390		1.35581e+11
U10-W12	41479.6		1.09617e+14
U10-X8	55651.9		5.26057e+12
U10-X9	55760.1		8.6907e+10
U10-X12	55831.8		8.25832e+13
U11-U13	105.253		4.94924e+07
U11-V9	23129.1		1.27113e+13
U11-V12	23243.1		2.23812e+12
U11-V13	23324.1		1.4661e+14
U11-W9	41242.1		7.65665e+12
U11-W12	41331.7		1.68157e+12
U11-W13	41395.4		1.11132e+14
U11-X9	55612.2		5.03836e+12
U11-X12	55683.9		1.26595e+12
U11-X13	55735		8.35503e+13
U12-U14	105.253		4.19454e+07
U12-V10	23129.1		8.70369e+12
U12-V11	23243.1		1.05375e+11
U12-V14	23324.1		1.77352e+14
U12-W10	41242.1		4.83259e+12
U12-W11	41331.7		5.87327e+10
U12-W14	41395.4		1.25452e+14
U12-X10	55612.2		2.99362e+12
U12-X11	55683.9		3.55773e+10
U12-X14	55735		8.95857e+13
U13-U15	78.7456		1.77649e+07
U13-V11	23137.8		8.44014e+12
U13-V14	23218.9		1.97607e+12
U13-V15	23279.5		1.79262e+14
U13-W11	41226.4		4.68282e+12
U13-W14	41290.2		1.38542e+12
U13-W15	41337.9		1.26594e+14
U13-X11	55578.7		2.90941e+12
U13-X14	55629.7		9.87431e+11
U13-X15	55667.9		9.02879e+13
U14-U16	78.7456		1.4069e+07
U14-V12	23137.8		5.4037e+12
U14-V13	23218.9		4.92527e+10
U14-V16	23279.5		2.159e+14
U14-W12	41226.4		2.71184e+12
U14-W13	41290.2		2.4761e+10
U14-W16	41337.9		1.36725e+14
U14-X12	55578.7		1.56757e+12
U14-X13	55629.7		1.40645e+10
U14-X16	55667.9		9.01338e+13
U15-U17	61.1409		6.64206e+06
U15-V13	23140.1		5.28734e+12
U15-V16	23200.8		1.81345e+12
U15-V17	23247.9		2.17539e+14
U15-W13	41211.4		2.65155e+12
U15-W16	41259.2		1.13984e+12
U15-W17	41296.2		1.37599e+14
U15-X13	55551		1.53556e+12
U15-X16	55589.2		7.49449e+11
U15-X17	55618.8		9.06368e+13
U16-U18	61.1409		4.66232e+06
U16-V14	23140.1		3.0535e+12
U16-V15	23200.8		2.16758e+10
U16-V18	23247.9		2.61049e+14
U16-W14	41211.4		1.3497e+12
U16-W15	41259.2		9.58564e+09
U16-W18	41296.2		1.38965e+14
U16-X14	55551		7.1513e+11
U16-X15	55589.2		5.00894e+09
U16-X18	55618.8		8.13207e+13
U17-U19	48.8507		2.39409e+06
U17-V15	23139.7		3.00432e+12
U17-V18	23186.8		1.71316e+12
U17-V19	23224.4		2.62514e+14
U17-W15	41198		1.32709e+12
U17-W18	41235.1		9.05942e+11
U17-W19	41264.7		1.3962e+14
U17-X15	55528		7.03905e+11
U17-X18	55557.7		5.28473e+11
U17-X19	55581.4		8.16596e+13
U18-U20	48.8507		1.25714e+06
U18-V16	23139.7		1.44948e+12
U18-V17	23186.8		8.23326e+09
U18-V20	23224.4		3.14061e+14
U18-W16	41198		5.43224e+11
U18-W17	41235.1		3.08394e+09
U18-W20	41264.7		1.25096e+14
U18-X16	55528		2.57319e+11
U18-X17	55557.7		1.44654e+09
U18-X20	55581.4		6.10142e+13
U19-U21	39.9301		690283
U19-V17	23137.9		1.43134e+12
U19-V20	23175.5		1.65534e+12
U19-V21	23206.3		3.15411e+14
U19-W17	41186.2		5.36111e+11
U19-W20	41215.8		6.5534e+11
U19-W21	41240		1.25547e+14
U19-X17	55508.9		2.54058e+11
U19-X20	55532.6		3.18527e+11
U19-X21	55551.9		6.12104e+13
U20-V18	23137.9		4.61612e+11
U20-V19	23175.5		2.14454e+09
U20-V22	23206.3		3.7637e+14
U20-W18	41186.2		1.37934e+11
U20-W19	41215.8		6.40019e+08
U20-W22	41240		8.42434e+13
U20-X18	55508.9		5.6264e+10
U20-X19	55532.6		2.59418e+08
U20-X22	55551.9		3.04857e+13
U21-V19	23135.6		4.56988e+11
U21-V22	23166.4		1.6286e+12
U21-V23	23192		3.77648e+14
U21-W19	41175.9		1.36478e+11
U21-W22	41200.1		3.62428e+11
U21-W23	41220.3		8.44829e+13
U21-X19	55492.6		5.56688e+10
U21-X22	55512		1.30681e+11
U21-X23	55528.2		3.05633e+13
V1-V3	2051.45		5.05317e+11
V1-W2	18780.7		2.64935e+13
V1-W3	20390.9		1.31119e+13
V1-X2	33640.4		2.12408e+13
V1-X3	34927.3		1.19209e+13
V2-V4	2051.45		5.01542e+11
V2-W1	18780.7		1.70641e+13
V2-W4	20390.9		1.748e+13
V2-X1	33640.4		1.30042e+13
V2-X4	34927.3		1.62601e+13
V2-Y1	45598.9		9.93542e+12
V3-V5	596.863		1.51553e+10
V3-W1	16729.3		5.43727e+13
V3-W4	18339.5		6.23334e+12
V3-W5	18808.5		3.21724e+13
V3-X1	31589		3.85388e+13
V3-X4	32875.8		5.07781e+12
V3-X5	33251.1		2.72121e+13
V3-Y1	43547.4		2.90402e+13
V4-V6	596.863		1.46722e+10
V4-W2	16729.3		4.50577e+13
V4-W3	18339.5		2.59316e+12
V4-W6	18808.5		3.98725e+13
V4-X2	31589		3.11786e+13
V4-X3	32875.8		1.9098e+12
V4-X6	33251.1		3.40355e+13
V5-V7	289.914		1.80594e+09
V5-W3	17742.6		2.8079e+13
V5-W6	18211.7		3.20814e+12
V5-W7	18439.6		4.52441e+13
V5-X3	32279		2.02315e+13
V5-X6	32654.2		2.63177e+12
V5-X7	32836.7		3.79127e+13
V6-V8	289.914		1.7156e+09
V6-W4	17742.6		2.22058e+13
V6-W5	18211.7		8.54342e+11
V6-W8	18439.6		5.51405e+13
V6-X4	32279		1.53849e+13
V6-X5	32654.2		6.02872e+11
V6-X8	32836.7		4.61118e+13
V7-V9	171.925		3.71345e+08
V7-W5	17921.7		1.89506e+13
V7-W8	18149.7		2.13964e+12
V7-W9	18284.9		5.80947e+13
V7-X5	32364.3		1.32122e+13
V7-X8	32546.8		1.75014e+12
V7-X9	32655		4.82264e+13
V8-V10	171.925		3.45635e+08
V8-W6	17921.7		1.45684e+13
V8-W7	18149.7		3.59713e+11
V8-W10	18284.9		7.01541e+13
V8-X6	32364.3		9.67271e+12
V8-X7	32546.8		2.41219e+11
V8-X10	32655		5.73989e+13
V9-V11	113.922		1.02886e+08
V9-W7	17977.7		1.34806e+13
V9-W10	18112.9		1.62952e+12
V9-W11	18202.5		7.21219e+13
V9-X7	32374.8		8.95869e+12
V9-X10	32483.1		1.31345e+12
V9-X11	32554.8		5.8785e+13
V10-V12	113.922		9.34477e+07
V10-W8	17977.7		1.00653e+13
V10-W9	18112.9		1.69457e+11
V10-W12	18202.5		8.65333e+13
V10-X8	32374.8		6.30704e+12
V10-X9	32483.1		1.06919e+11
V10-X12	32554.8		6.84599e+13
V11-V13	81.0776		3.42124e+07
V11-W9	17999		9.61605e+12
V11-W12	18088.6		1.34542e+12
V11-W13	18152.4		8.80024e+13
V11-X9	32369.1		6.02274e+12
V11-X12	32440.9		1.05268e+12
V11-X13	32491.9		6.94616e+13
V12-V14	81.0776		3.01104e+07
V12-W10	17999		6.92823e+12
V12-W11	18088.6		8.40435e+10
V12-W14	18152.4		1.05061e+14
V12-X10	32369.1		4.04425e+12
V12-X11	32440.9		4.9307e+10
V12-X14	32491.9		7.89012e+13
V13-V15	60.6634		1.27549e+07
V13-W11	18007.5		6.72349e+12
V13-W14	18071.3		1.17279e+12
V13-W15	18119		1.06244e+14
V13-X11	32359.8		3.9219e+12
V13-X14	32410.8		8.73245e+11
V13-X15	32449		7.96644e+13
V14-V16	60.6634		1.07449e+07
V14-W12	18007.5		4.62022e+12
V14-W13	18071.3		4.21806e+10
V14-W16	18119		1.26324e+14
V14-X12	32359.8		2.47551e+12
V14-X13	32410.8		2.26638e+10
V14-X16	32449		8.76924e+13
V15-V17	47.1041		5.07343e+06
V15-W13	18010.6		4.5233e+12
V15-W16	18058.4		1.06285e+12
V15-W17	18095.4		1.2733e+14
V15-X13	32350.2		2.42191e+12
V15-X16	32388.4		7.32601e+11
V15-X17	32418.1		8.82902e+13
V16-V18	47.1041		3.99638e+06
V16-W14	18010.6		2.90641e+12
V16-W15	18058.4		2.06609e+10
V16-W18	18095.4		1.50883e+14
V16-X14	32350.2		1.4027e+12
V16-X15	32388.4		9.98565e+09
V16-X18	32418.1		9.30659e+13
V17-V19	37.6373		2.05237e+06
V17-W15	18011.3		2.8609e+12
V17-W18	18048.3		9.9175e+11
V17-W19	18077.9		1.51773e+14
V17-X15	32341.3		1.37988e+12
V17-X18	32370.9		6.07975e+11
V17-X19	32394.7		9.35347e+13
V18-V20	37.6373		1.43367e+06
V18-W16	18011.3		1.65785e+12
V18-W17	18048.3		9.4286e+09
V18-W20	18077.9		1.79332e+14
V18-X16	32341.3		7.02202e+11
V18-X17	32370.9		3.99467e+09
V18-X20	32394.7		9.22524e+13
V19-V21	30.7655		787293
V19-W17	18010.7		1.63771e+12
V19-W20	18040.3		9.46647e+11
V19-W21	18064.5		1.80145e+14
V19-X17	32333.3		6.93304e+11
V19-X20	32357		4.84287e+11
V19-X21	32376.4		9.26087e+13
V20-V22	30.7655		411598
V20-W18	18010.7		7.9261e+11
V20-W19	18040.3		3.68643e+09
V20-W22	18064.5		2.12334e+14
V20-X18	32333.3		2.83551e+11
V20-X19	32357		1.31801e+09
V20-X22	32376.4		8.10688e+13
V21-V23	25.6193		238734
V21-W19	18009.5		7.84919e+11
V21-W22	18033.7		9.20144e+11
V21-W23	18053.9		2.13094e+14
V21-X19	32326.3		2.80667e+11
V21-X22	32345.6		3.49501e+11
V21-X23	32361.8		8.13161e+13
V22-W20	18009.5		2.53841e+11
V22-W21	18033.7		9.8313e+08
V22-W24	18053.9		2.5064e+14
V22-X20	32326.3		7.20982e+10
V22-X21	32345.6		2.78917e+08
V22-X24	32361.8		5.33267e+13
V23-W21	18008.1		2.51825e+11
V23-W24	18028.3		9.07759e+11
V23-W25	18045.3		2.51366e+14
V23-X21	32320		7.14945e+10
V23-X24	32336.2		1.92186e+11
V23-X25	32349.8		5.34582e+13
W1-W3	1610.17		3.37591e+11
W1-X2	14859.7		1.76592e+13
W1-X3	16146.5		8.69463e+12
W2-W4	1610.17		3.35789e+11
W2-X1	14859.7		1.17554e+13
W2-X4	16146.5		1.13614e+13
W2-Y1	26818.1		9.0989e+12
W3-W5	469.054		1.01828e+10
W3-X1	13249.5		3.73799e+13
W3-X4	14536.4		4.10903e+12
W3-X5	14911.6		2.11547e+13
W3-Y1	25208		2.6881e+13
W4-W6	469.054		9.91088e+09
W4-X2	13249.5		3.14585e+13
W4-X3	14536.4		1.8258e+12
W4-X6	14911.6		2.58375e+13
W5-W7	227.928		1.22128e+09
W5-X3	14067.3		1.97289e+13
W5-X6	14442.6		2.08895e+12
W5-X7	14625		2.94047e+13
W6-W8	227.928		1.16999e+09
W6-X4	14067.3		1.59239e+13
W6-X5	14442.6		6.1522e+11
W6-X8	14625		3.53676e+13
W7-W9	135.196		2.53389e+08
W7-X5	14214.7		1.36232e+13
W7-X8	14397.1		1.37652e+12
W7-X9	14505.3		3.7316e+13
W8-W10	135.196		2.38752e+08
W8-X6	14214.7		1.07358e+13
W8-X7	14397.1		2.65817e+11
W8-X10	14505.3		4.45092e+13
W9-W11	89.5962		7.10936e+07
W9-X7	14261.9		9.94783e+12
W9-X10	14370.1		1.03616e+12
W9-X11	14441.8		4.57971e+13
W10-W12	89.5962		6.57132e+07
W10-X8	14261.9		7.65673e+12
W10-X9	14370.1		1.29172e+11
W10-X12	14441.8		5.43041e+13
W11-W13	63.7708		2.40634e+07
W11-X9	14280.5		7.32152e+12
W11-X12	14352.2		8.4586e+11
W11-X13	14403.3		5.5258e+13
W12-W14	63.7708		2.17233e+07
W12-X10	14280.5		5.4813e+12
W12-X11	14352.2		6.66002e+10
W12-X14	14403.3		6.52221e+13
W13-W15	47.7174		9.20342e+06
W13-X11	14288.5		5.32271e+12
W13-X14	14339.5		7.29207e+11
W13-X15	14377.7		6.59841e+13
W14-W16	47.7174		8.05602e+06
W14-X12	14288.5		3.84708e+12
W14-X13	14339.5		3.51705e+10
W14-X16	14377.7		7.75901e+13
W15-W17	37.0536		3.80426e+06
W15-X13	14291.8		3.76819e+12
W15-X16	14330		6.53731e+11
W15-X17	14359.7		7.82324e+13
W16-W18	37.0536		3.18919e+06
W16-X14	14291.8		2.59778e+12
W16-X15	14330		1.84888e+10
W16-X18	14359.7		9.17026e+13
W17-W19	29.6079		1.63798e+06
W17-X15	14293		2.55807e+12
W17-X18	14322.6		6.03534e+11
W17-X19	14346.3		9.22661e+13
W18-W20	29.6079		1.28458e+06
W18-X16	14293		1.64881e+12
W18-X17	14322.6		9.38706e+09
W18-X20	14346.3		1.07861e+14
W19-W21	24.2029		705470
W19-X17	14293		1.62929e+12
W19-X20	14316.7		5.70062e+11
W19-X21	14336.1		1.08371e+14
W20-W22	24.2029		490833
W20-X18	14293		9.46911e+11
W20-X19	14316.7		4.40825e+09
W20-X22	14336.1		1.26394e+14
W21-W23	20.155		284710
W21-X19	14292.5		9.37967e+11
W21-X22	14311.9		5.48366e+11
W21-X23	14328.1		1.26867e+14
W22-W24	20.155		148303
W22-X20	14292.5		4.55162e+11
W22-X21	14311.9		1.76437e+09
W22-X24	14328.1		1.47667e+14
W23-W25	17.0447		90028.4
W23-X21	14291.8		4.51649e+11
W23-X24	14307.9		5.35426e+11
W23-X25	14321.5		1.48114e+14
W24-X22	14291.8		1.46409e+11
W24-X23	14307.9		4.79786e+08
W24-X26	14321.5		1.72093e+14
W25-X23	14290.9		1.45467e+11
W25-X26	14304.5		5.29329e+11
W25-X27	14316.2		1.72524e+14
X1-X3	1286.85		2.32401e+11
X2-X4	1286.85		2.31535e+11
X2-Y1	11958.4		8.30951e+12
X3-X5	375.267		7.04271e+09
X3-Y1	10671.6		2.63752e+13
X4-X6	375.267		6.88323e+09
X5-X7	182.419		8.4901e+08
X6-X8	182.419		8.18667e+08
X7-X9	108.222		1.77385e+08
X8-X10	108.222		1.68704e+08
X9-X11	71.7288		5.025e+07
X10-X12	71.7288		4.70524e+07
X11-X13	51.0576		1.72336e+07
X12-X14	51.0576		1.58418e+07
X13-X15	38.2068		6.71245e+06
X14-X16	38.2068		6.02989e+06
X15-X17	29.6697		2.8477e+06
X16-X18	29.6697		2.48167e+06
X17-X19	23.7085		1.27468e+06
X18-X20	23.7085		1.0643e+06
X19-X21	19.381		584532
X20-X22	19.381		456735
X21-X23	16.1399		264945
X22-X24	16.1399		183716
X23-X25	13.6495		111531
X24-X26	13.6495		57915.5
X25-X27	11.6944		36538.2
