# Z = 79, A = 197 amu, m = 206.768 au
Line	DeltaE (eV)	W_12 (s^-1)
K1-L2	5.5936e+06		1.62308e+18
K1-L3	5.76294e+06		1.76987e+18
K1-M2	8.08854e+06		2.38355e+17
K1-M3	8.13233e+06		3.00652e+17
K1-N2	8.96133e+06		8.14947e+16
K1-N3	8.97889e+06		1.07094e+17
K1-O2	9.36484e+06		3.79768e+16
K1-O3	9.37361e+06		5.08258e+16
K1-P2	9.58358e+06		2.08769e+16
K1-P3	9.58858e+06		2.82206e+16
K1-Q2	9.71513e+06		1.2734e+16
K1-Q3	9.71825e+06		1.73196e+16
K1-R2	9.80026e+06		8.34576e+15
K1-R3	9.80233e+06		1.1398e+16
K1-S2	9.85842e+06		5.76629e+15
K1-S3	9.85987e+06		7.89824e+15
K1-T2	9.88011e+06		1.37418e+15
K1-T3	9.88367e+06		4.82057e+15
K1-U2	9.91207e+06		1.01313e+15
K1-U3	9.91474e+06		3.59051e+15
K1-V2	9.93628e+06		7.68977e+14
K1-V3	9.93833e+06		2.74701e+15
K1-W2	9.95506e+06		5.9778e+14
K1-W3	9.95667e+06		2.14902e+15
K1-X2	9.96992e+06		4.74089e+14
K1-X3	9.9712e+06		1.71314e+15
K1-Y2	9.98188e+06		3.82442e+14
K1-Y3	9.98292e+06		1.38784e+15
K1-Z2	9.99164e+06		3.13063e+14
K1-Z3	9.9925e+06		1.14011e+15
L1-M2	1.39221e+06		1.49518e+17
L1-M3	1.43599e+06		1.52842e+17
L1-N2	2.265e+06		4.04399e+16
L1-N3	2.28256e+06		4.51334e+16
L1-O2	2.66851e+06		1.76405e+16
L1-O3	2.67728e+06		2.028e+16
L1-P2	2.88725e+06		9.41389e+15
L1-P3	2.89224e+06		1.09875e+16
L1-Q2	3.0188e+06		5.64956e+15
L1-Q3	3.02191e+06		6.65307e+15
L1-R2	3.10393e+06		3.66607e+15
L1-R3	3.106e+06		4.3423e+15
L1-S2	3.16209e+06		2.51645e+15
L1-S3	3.16353e+06		2.99258e+15
L1-T2	3.18378e+06		7.89574e+14
L1-T3	3.18734e+06		1.80724e+15
L1-U2	3.21573e+06		5.79397e+14
L1-U3	3.2184e+06		1.3412e+15
L1-V2	3.23994e+06		4.38233e+14
L1-V3	3.242e+06		1.02332e+15
L1-W2	3.25872e+06		3.39757e+14
L1-W3	3.26033e+06		7.9887e+14
L1-X2	3.27358e+06		2.6889e+14
L1-X3	3.27487e+06		6.35782e+14
L1-Y2	3.28554e+06		2.16546e+14
L1-Y3	3.28659e+06		5.14373e+14
L1-Z2	3.29531e+06		1.77021e+14
L1-Z3	3.29617e+06		4.221e+14
L2-L1	1.10274e+06		3.81992e+16
L2-M1	2.83431e+06		3.70177e+15
L2-M4	2.47226e+06		4.40767e+17
L2-N1	3.51402e+06		1.36624e+15
L2-N4	3.35615e+06		1.3296e+17
L2-O1	3.8471e+06		6.7753e+14
L2-O4	3.76488e+06		5.90824e+16
L2-P1	4.03423e+06		3.88381e+14
L2-P4	3.98618e+06		3.17092e+16
L2-Q1	4.14953e+06		2.43888e+14
L2-Q4	4.11911e+06		1.90712e+16
L2-R1	4.22546e+06		1.63253e+14
L2-R4	4.20503e+06		1.23867e+16
L2-S1	4.27804e+06		1.14606e+14
L2-S4	4.26368e+06		8.50536e+15
L2-T1	4.28651e+06		9.08747e+14
L2-T4	4.29007e+06		6.17625e+15
L2-U1	4.31847e+06		6.78559e+14
L2-U4	4.32114e+06		4.58963e+15
L2-V1	4.34268e+06		5.20031e+14
L2-V4	4.34473e+06		3.5053e+15
L2-W1	4.36146e+06		4.07301e+14
L2-W4	4.36307e+06		2.73856e+15
L2-X1	4.37632e+06		3.24948e+14
L2-X4	4.37761e+06		2.18079e+15
L2-Y1	4.38828e+06		2.63389e+14
L2-Y4	4.38932e+06		1.76519e+15
L2-Z1	4.39804e+06		2.16453e+14
L2-Z4	4.3989e+06		1.4491e+15
L3-L1	933393		5.13958e+16
L3-M1	2.66497e+06		2.67993e+15
L3-M4	2.30292e+06		7.87991e+16
L3-M5	2.33988e+06		4.89328e+17
L3-N1	3.34467e+06		8.89074e+14
L3-N4	3.18681e+06		2.21568e+16
L3-N5	3.20218e+06		1.48036e+17
L3-O1	3.67776e+06		4.2529e+14
L3-O4	3.59554e+06		9.58487e+15
L3-O5	3.60334e+06		6.59945e+16
L3-P1	3.86488e+06		2.39856e+14
L3-P4	3.81684e+06		5.07429e+15
L3-P5	3.82132e+06		3.55044e+16
L3-Q1	3.98019e+06		1.49312e+14
L3-Q4	3.94977e+06		3.0277e+15
L3-Q5	3.95257e+06		2.13915e+16
L3-R1	4.05612e+06		9.94239e+13
L3-R4	4.03569e+06		1.95658e+15
L3-R5	4.03755e+06		1.39122e+16
L3-S1	4.1087e+06		6.95598e+13
L3-S4	4.09434e+06		1.33893e+15
L3-S5	4.09564e+06		9.5627e+15
L3-T1	4.11717e+06		1.97272e+15
L3-T4	4.12073e+06		9.63423e+14
L3-T5	4.12177e+06		6.95682e+15
L3-U1	4.14913e+06		1.47254e+15
L3-U4	4.15179e+06		7.14582e+14
L3-U5	4.15257e+06		5.17399e+15
L3-V1	4.17334e+06		1.12824e+15
L3-V4	4.17539e+06		5.44982e+14
L3-V5	4.17599e+06		3.95434e+15
L3-W1	4.19212e+06		8.83494e+14
L3-W4	4.19373e+06		4.25304e+14
L3-W5	4.1942e+06		3.09117e+15
L3-X1	4.20698e+06		7.04754e+14
L3-X4	4.20826e+06		3.38386e+14
L3-X5	4.20864e+06		2.46281e+15
L3-Y1	4.21894e+06		5.71176e+14
L3-Y4	4.21998e+06		2.73707e+14
L3-Y5	4.22029e+06		1.99432e+15
L3-Z1	4.2287e+06		4.69346e+14
L3-Z4	4.22956e+06		2.24566e+14
L3-Z5	4.22981e+06		1.63781e+15
M1-N2	533424		2.8024e+16
M1-N3	550984		2.82167e+16
M1-O2	936932		9.92506e+15
M1-O3	945699		1.06978e+16
M1-P2	1.15567e+06		4.98443e+15
M1-P3	1.16067e+06		5.50247e+15
M1-Q2	1.28722e+06		2.90772e+15
M1-Q3	1.29034e+06		3.25355e+15
M1-R2	1.37235e+06		1.85678e+15
M1-R3	1.37442e+06		2.0949e+15
M1-S2	1.43051e+06		1.26174e+15
M1-S3	1.43196e+06		1.43135e+15
M1-T2	1.4522e+06		4.4097e+14
M1-T3	1.45576e+06		8.66149e+14
M1-U2	1.48416e+06		3.21186e+14
M1-U3	1.48683e+06		6.39564e+14
M1-V2	1.50837e+06		2.4161e+14
M1-V3	1.51042e+06		4.86167e+14
M1-W2	1.52715e+06		1.86546e+14
M1-W3	1.52876e+06		3.78462e+14
M1-X2	1.54201e+06		1.47163e+14
M1-X3	1.54329e+06		3.00536e+14
M1-Y2	1.55397e+06		1.18215e+14
M1-Y3	1.55501e+06		2.42719e+14
M1-Z2	1.56373e+06		9.64403e+13
M1-Z3	1.56459e+06		1.98895e+14
M2-M1	339368		6.7157e+15
M2-N1	1.01907e+06		5.39123e+14
M2-N4	861208		5.0801e+16
M2-O1	1.35216e+06		2.08045e+14
M2-O4	1.26994e+06		2.33745e+16
M2-P1	1.53928e+06		1.10057e+14
M2-P4	1.49124e+06		1.26408e+16
M2-Q1	1.65459e+06		6.65358e+13
M2-Q4	1.62417e+06		7.62352e+15
M2-R1	1.73052e+06		4.36062e+13
M2-R4	1.71009e+06		4.95729e+15
M2-S1	1.7831e+06		3.02173e+13
M2-S4	1.76874e+06		3.40593e+15
M2-T1	1.79157e+06		5.51588e+14
M2-T4	1.79513e+06		2.46056e+15
M2-U1	1.82352e+06		4.10627e+14
M2-U4	1.82619e+06		1.82914e+15
M2-V1	1.84774e+06		3.13978e+14
M2-V4	1.84979e+06		1.39735e+15
M2-W1	1.86652e+06		2.45483e+14
M2-W4	1.86813e+06		1.09189e+15
M2-X1	1.88138e+06		1.95577e+14
M2-X4	1.88266e+06		8.6962e+14
M2-Y1	1.89333e+06		1.5835e+14
M2-Y4	1.89438e+06		7.03966e+14
M2-Z1	1.9031e+06		1.30013e+14
M2-Z4	1.90396e+06		5.77952e+14
M3-M1	295583		9.61753e+15
M3-N1	975287		3.21612e+14
M3-N4	817423		1.00592e+16
M3-N5	832798		5.8483e+16
M3-O1	1.30837e+06		9.76061e+13
M3-O4	1.22615e+06		4.38344e+15
M3-O5	1.23395e+06		2.69047e+16
M3-P1	1.4955e+06		4.69753e+13
M3-P4	1.44745e+06		2.3194e+15
M3-P5	1.45193e+06		1.45667e+16
M3-Q1	1.6108e+06		2.7176e+13
M3-Q4	1.58038e+06		1.38198e+15
M3-Q5	1.58318e+06		8.79767e+15
M3-R1	1.68674e+06		1.73997e+13
M3-R4	1.6663e+06		8.92005e+14
M3-R5	1.66817e+06		5.72757e+15
M3-S1	1.73931e+06		1.18929e+13
M3-S4	1.72495e+06		6.09875e+14
M3-S5	1.72625e+06		3.93887e+15
M3-T1	1.74778e+06		1.18882e+15
M3-T4	1.75135e+06		4.37241e+14
M3-T5	1.75238e+06		2.84563e+15
M3-U1	1.77974e+06		8.84672e+14
M3-U4	1.78241e+06		3.24213e+14
M3-U5	1.78318e+06		2.11713e+15
M3-V1	1.80395e+06		6.76263e+14
M3-V4	1.806e+06		2.47207e+14
M3-V5	1.8066e+06		1.61844e+15
M3-W1	1.82273e+06		5.28626e+14
M3-W4	1.82434e+06		1.92886e+14
M3-W5	1.82481e+06		1.26538e+15
M3-X1	1.83759e+06		4.21092e+14
M3-X4	1.83888e+06		1.53444e+14
M3-X5	1.83925e+06		1.00828e+15
M3-Y1	1.84955e+06		3.40899e+14
M3-Y4	1.85059e+06		1.241e+14
M3-Y5	1.8509e+06		8.16554e+14
M3-Z1	1.85932e+06		2.79869e+14
M3-Z4	1.86017e+06		1.01809e+14
M3-Z5	1.86043e+06		6.70631e+14
M4-M2	22684.3		2.84528e+12
M4-M3	66469.7		7.00537e+12
M4-N2	895476		2.29909e+15
M4-N3	913036		1.46443e+14
M4-N6	899071		1.08733e+17
M4-O2	1.29899e+06		9.78339e+14
M4-O3	1.30775e+06		6.36148e+13
M4-O6	1.3003e+06		3.68467e+16
M4-P2	1.51772e+06		5.06225e+14
M4-P3	1.52272e+06		3.30022e+13
M4-P6	1.51834e+06		1.75535e+16
M4-Q2	1.64928e+06		2.97609e+14
M4-Q3	1.65239e+06		1.94339e+13
M4-Q6	1.64962e+06		9.89883e+15
M4-R2	1.7344e+06		1.90427e+14
M4-R3	1.73647e+06		1.24481e+13
M4-R6	1.73463e+06		6.18248e+15
M4-S2	1.79257e+06		1.29424e+14
M4-S3	1.79401e+06		8.46633e+12
M4-S6	1.79273e+06		4.13771e+15
M4-T2	1.81425e+06		2.81668e+14
M4-T3	1.81781e+06		1.2939e+13
M4-T6	1.81885e+06		2.93348e+15
M4-U2	1.84621e+06		2.0838e+14
M4-U3	1.84888e+06		9.58866e+12
M4-U6	1.84965e+06		2.15278e+15
M4-V2	1.87042e+06		1.58585e+14
M4-V3	1.87247e+06		7.30787e+12
M4-V6	1.87307e+06		1.62891e+15
M4-W2	1.8892e+06		1.23539e+14
M4-W3	1.89081e+06		5.69997e+12
M4-W6	1.89128e+06		1.26356e+15
M4-X2	1.90406e+06		9.81416e+13
M4-X3	1.90535e+06		4.53309e+12
M4-X6	1.90572e+06		1.00061e+15
M4-Y2	1.91602e+06		7.92781e+13
M4-Y3	1.91706e+06		3.66533e+12
M4-Y6	1.91737e+06		8.06339e+14
M4-Z2	1.92578e+06		6.49694e+13
M4-Z3	1.92664e+06		3.00636e+12
M4-Z6	1.9269e+06		6.59578e+14
M5-M3	29511.7		5.85069e+12
M5-N3	876078		1.89696e+15
M5-N6	862113		7.28209e+15
M5-N7	869998		1.11875e+17
M5-O3	1.27079e+06		8.17001e+14
M5-O6	1.26334e+06		2.32796e+15
M5-O7	1.26739e+06		3.72194e+16
M5-P3	1.48576e+06		4.25669e+14
M5-P6	1.48138e+06		1.08105e+15
M5-P7	1.48372e+06		1.76048e+16
M5-Q3	1.61543e+06		2.51153e+14
M5-Q6	1.61266e+06		6.00796e+14
M5-Q7	1.61414e+06		9.89353e+15
M5-R3	1.69951e+06		1.61076e+14
M5-R6	1.69767e+06		3.71844e+14
M5-R7	1.69865e+06		6.16702e+15
M5-S3	1.75705e+06		1.09658e+14
M5-S6	1.75577e+06		2.47365e+14
M5-S7	1.75646e+06		4.12232e+15
M5-T3	1.78086e+06		1.45539e+14
M5-T6	1.78189e+06		1.74775e+14
M5-T7	1.78239e+06		2.92018e+15
M5-U3	1.81192e+06		1.07833e+14
M5-U6	1.8127e+06		1.27868e+14
M5-U7	1.81307e+06		2.14184e+15
M5-V3	1.83551e+06		8.21726e+13
M5-V6	1.83611e+06		9.65291e+13
M5-V7	1.8364e+06		1.62e+15
M5-W3	1.85385e+06		6.40872e+13
M5-W6	1.85432e+06		7.47453e+13
M5-W7	1.85455e+06		1.2563e+15
M5-X3	1.86839e+06		5.09646e+13
M5-X6	1.86876e+06		5.91078e+13
M5-X7	1.86895e+06		9.94667e+14
M5-Y3	1.88011e+06		4.12067e+13
M5-Y6	1.88041e+06		4.75781e+13
M5-Y7	1.88056e+06		8.01428e+14
M5-Z3	1.88969e+06		3.37974e+13
M5-Z6	1.88994e+06		3.88827e+13
M5-Z7	1.89006e+06		6.55487e+14
N1-O2	257228		7.86876e+15
N1-O3	265995		7.87826e+15
N1-P2	475966		3.25055e+15
N1-P3	480964		3.45091e+15
N1-Q2	607519		1.79021e+15
N1-Q3	610634		1.93977e+15
N1-R2	692646		1.11223e+15
N1-R3	694716		1.22054e+15
N1-S2	750809		7.43838e+14
N1-S3	752253		8.22649e+14
N1-T2	772494		2.75194e+14
N1-T3	776058		4.95392e+14
N1-U2	804451		1.98412e+14
N1-U3	807121		3.63266e+14
N1-V2	828663		1.48184e+14
N1-V3	830715		2.74761e+14
N1-W2	847444		1.13806e+14
N1-W3	849054		2.13096e+14
N1-X2	862304		8.94182e+13
N1-X3	863591		1.68737e+14
N1-Y2	874262		7.16027e+13
N1-Y3	875307		1.35972e+14
N1-Z2	884028		5.82667e+13
N1-Z3	884887		1.11222e+14
N2-N1	146281		1.80271e+15
N2-O1	479365		1.20463e+14
N2-O4	397147		1.1002e+16
N2-P1	666491		4.55959e+13
N2-P4	618448		6.12662e+15
N2-Q1	781795		2.47513e+13
N2-Q4	751373		3.71381e+15
N2-R1	857729		1.5365e+13
N2-R4	837294		2.41841e+15
N2-S1	910307		1.03252e+13
N2-S4	895944		1.662e+15
N2-T1	918775		3.50701e+14
N2-T4	922339		1.18921e+15
N2-U1	950732		2.59924e+14
N2-U4	953402		8.84337e+14
N2-V1	974944		1.98086e+14
N2-V4	976995		6.75703e+14
N2-W1	993725		1.54477e+14
N2-W4	995335		5.28054e+14
N2-X1	1.00858e+06		1.22825e+14
N2-X4	1.00987e+06		4.20589e+14
N2-Y1	1.02054e+06		9.92867e+13
N2-Y4	1.02159e+06		3.40486e+14
N2-Z1	1.03031e+06		8.14135e+13
N2-Z4	1.03117e+06		2.79546e+14
N3-N1	128721		2.63202e+15
N3-O1	461805		5.45773e+13
N3-O4	379587		2.26889e+15
N3-O5	387382		1.2848e+16
N3-P1	648931		1.24079e+13
N3-P4	600888		1.20543e+15
N3-P5	605365		7.14457e+15
N3-Q1	764235		5.24413e+12
N3-Q4	733813		7.16886e+14
N3-Q5	736616		4.33103e+15
N3-R1	840169		2.86152e+12
N3-R4	819733		4.61504e+14
N3-R5	821600		2.82315e+15
N3-S1	892747		1.79191e+12
N3-S4	878384		3.14882e+14
N3-S5	879688		1.94183e+15
N3-T1	901215		7.49996e+14
N3-T4	904778		2.23521e+14
N3-T5	905812		1.38756e+15
N3-U1	933172		5.55597e+14
N3-U4	935841		1.6565e+14
N3-U5	936617		1.03265e+15
N3-V1	957384		4.23297e+14
N3-V4	959435		1.26253e+14
N3-V5	960032		7.89534e+14
N3-W1	976165		3.3005e+14
N3-W4	977775		9.84793e+13
N3-W5	978244		6.17342e+14
N3-X1	991024		2.62394e+14
N3-X4	992311		7.83226e+13
N3-X5	992686		4.91929e+14
N3-Y1	1.00298e+06		2.12093e+14
N3-Y4	1.00403e+06		6.3332e+13
N3-Y5	1.00433e+06		3.98396e+14
N3-Z1	1.01275e+06		1.73903e+14
N3-Z4	1.01361e+06		5.19478e+13
N3-Z5	1.01386e+06		3.27203e+14
N4-N2	11583.7		1.64862e+12
N4-N3	29143.8		2.5821e+12
N4-N6	15178.4		1.36771e+12
N4-O2	415092		1.25725e+15
N4-O3	423860		8.49506e+13
N4-O6	416406		1.98269e+16
N4-P2	633830		6.27595e+14
N4-P3	638828		4.3256e+13
N4-P6	634446		1.0193e+16
N4-Q2	765383		3.56789e+14
N4-Q3	768498		2.463e+13
N4-Q6	765730		5.87509e+15
N4-R2	850510		2.2361e+14
N4-R3	852580		1.54704e+13
N4-R6	850735		3.70545e+15
N4-S2	908673		1.49845e+14
N4-S3	910117		1.03821e+13
N4-S6	908835		2.49289e+15
N4-T2	930359		2.7779e+14
N4-T3	933922		1.38589e+13
N4-T6	934956		1.7533e+15
N4-U2	962316		2.04126e+14
N4-U3	964985		1.01994e+13
N4-U6	965761		1.29011e+15
N4-V2	986528		1.54567e+14
N4-V3	988579		7.73219e+12
N4-V6	989176		9.7799e+14
N4-W2	1.00531e+06		1.19944e+14
N4-W3	1.00692e+06		6.00604e+12
N4-W6	1.00739e+06		7.59677e+14
N4-X2	1.02017e+06		9.49983e+13
N4-X3	1.02145e+06		4.76087e+12
N4-X6	1.02183e+06		6.02215e+14
N4-Y2	1.03213e+06		7.65542e+13
N4-Y3	1.03317e+06		3.83934e+12
N4-Y6	1.03348e+06		4.85686e+14
N4-Z2	1.04189e+06		6.26147e+13
N4-Z3	1.04275e+06		3.1423e+12
N4-Z6	1.043e+06		3.97543e+14
N5-N3	13768.9		2.55957e+12
N5-N7	7688.92		1.91742e+11
N5-O3	408485		1.0567e+15
N5-O6	401031		1.4109e+15
N5-O7	405078		2.09685e+16
N5-P3	623453		5.31288e+14
N5-P6	619071		6.90176e+14
N5-P7	621412		1.05842e+16
N5-Q3	753123		3.03542e+14
N5-Q6	750355		3.89232e+14
N5-Q7	751827		6.05421e+15
N5-R3	837205		1.90585e+14
N5-R6	835361		2.42215e+14
N5-R7	836344		3.80428e+15
N5-S3	894742		1.27864e+14
N5-S6	893460		1.61569e+14
N5-S7	894149		2.55365e+15
N5-T3	918547		1.5289e+14
N5-T6	919581		1.13044e+14
N5-T7	920082		1.79363e+15
N5-U3	949610		1.12491e+14
N5-U6	950386		8.2845e+13
N5-U7	950763		1.31841e+15
N5-V3	973204		8.52759e+13
N5-V6	973801		6.26161e+13
N5-V7	974091		9.987e+14
N5-W3	991544		6.62416e+13
N5-W6	992013		4.8529e+13
N5-W7	992241		7.75335e+14
N5-X3	1.00608e+06		5.25128e+13
N5-X6	1.00646e+06		3.84025e+13
N5-X7	1.00664e+06		6.14372e+14
N5-Y3	1.0178e+06		4.23523e+13
N5-Y6	1.0181e+06		3.09282e+13
N5-Y7	1.01825e+06		4.95333e+14
N5-Z3	1.02738e+06		3.46664e+13
N5-Z6	1.02763e+06		2.52865e+13
N5-Z7	1.02775e+06		4.05339e+14
N6-N5	196.535		207516
N6-O4	393552		5.61281e+14
N6-O5	401347		1.99074e+13
N6-O8	405548		3.38855e+16
N6-P4	614853		2.39019e+14
N6-P5	619331		8.52283e+12
N6-P8	621795		1.11174e+16
N6-Q4	747779		1.25758e+14
N6-Q5	750581		4.46632e+12
N6-Q8	752163		5.25567e+15
N6-R4	833699		7.52796e+13
N6-R5	835566		2.67301e+12
N6-R8	836651		2.96809e+15
N6-S4	892349		4.89687e+13
N6-S5	893653		1.73837e+12
N6-S8	894437		1.86349e+15
N6-T4	918744		3.37683e+13
N6-T5	919777		1.16534e+12
N6-T8	920279		1.25308e+15
N6-U4	949807		2.44399e+13
N6-U5	950583		8.42752e+11
N6-U8	950959		8.91834e+14
N6-V4	973401		1.82994e+13
N6-V5	973998		6.30566e+11
N6-V8	974287		6.59657e+14
N6-W4	991740		1.408e+13
N6-W5	992209		4.84882e+11
N6-W8	992437		5.02914e+14
N6-X4	1.00628e+06		1.10784e+13
N6-X5	1.00665e+06		3.81327e+11
N6-X8	1.00683e+06		3.92907e+14
N6-Y4	1.01799e+06		8.88131e+12
N6-Y5	1.0183e+06		3.05579e+11
N6-Y8	1.01845e+06		3.13229e+14
N6-Z4	1.02757e+06		7.23406e+12
N6-Z5	1.02782e+06		2.48822e+11
N6-Z8	1.02795e+06		2.53993e+14
N7-O5	393462		4.59957e+14
N7-O8	397663		1.21097e+15
N7-O9	400050		3.45123e+16
N7-P5	611445		1.96256e+14
N7-P8	613909		3.83332e+14
N7-P9	615293		1.12175e+16
N7-Q5	742696		1.03267e+14
N7-Q8	744277		1.78136e+14
N7-Q9	745148		5.28142e+15
N7-R5	827680		6.17374e+13
N7-R8	828766		9.95022e+13
N7-R9	829348		2.97655e+15
N7-S5	885768		4.01238e+13
N7-S8	886551		6.2035e+13
N7-S9	886959		1.8664e+15
N7-T5	911892		2.69238e+13
N7-T8	912393		4.15141e+13
N7-T9	912690		1.25391e+15
N7-U5	942697		1.94762e+13
N7-U8	943074		2.9447e+13
N7-U9	943297		8.91865e+14
N7-V5	966112		1.45784e+13
N7-V8	966402		2.17265e+13
N7-V9	966574		6.59379e+14
N7-W5	984324		1.12149e+13
N7-W8	984552		1.65323e+13
N7-W9	984687		5.02531e+14
N7-X5	998766		8.82316e+12
N7-X8	998949		1.28966e+13
N7-X9	999057		3.92506e+14
N7-Y5	1.01041e+06		7.07295e+12
N7-Y8	1.01056e+06		1.02689e+13
N7-Y9	1.01065e+06		3.12847e+14
N7-Z5	1.01994e+06		5.761e+12
N7-Z8	1.02006e+06		8.31867e+12
N7-Z9	1.02013e+06		2.53642e+14
O1-P2	142882		2.8386e+15
O1-P3	147880		2.83433e+15
O1-Q2	274435		1.2957e+15
O1-Q3	277550		1.36429e+15
O1-R2	359562		7.61519e+14
O1-R3	361632		8.16633e+14
O1-S2	417725		4.95799e+14
O1-S3	419169		5.38178e+14
O1-T2	439410		1.88814e+14
O1-T3	442974		3.18936e+14
O1-U2	471367		1.34248e+14
O1-U3	474037		2.31674e+14
O1-V2	495579		9.93276e+13
O1-V3	497631		1.74087e+14
O1-W2	514360		7.57771e+13
O1-W3	515970		1.34383e+14
O1-X2	529220		5.92433e+13
O1-X3	530507		1.06038e+14
O1-Y2	541178		4.72584e+13
O1-Y3	542223		8.52193e+13
O1-Z2	550944		3.83401e+13
O1-Z3	551803		6.95618e+13
O2-O1	75855.9		6.31359e+14
O2-P1	262983		3.57058e+13
O2-P4	214939		3.36714e+15
O2-Q1	378286		1.27765e+13
O2-Q4	347865		2.09281e+15
O2-R1	454221		6.91604e+12
O2-R4	433785		1.36694e+15
O2-S1	506798		4.31227e+12
O2-S4	492435		9.39715e+14
O2-T1	515266		2.39516e+14
O2-T4	518830		6.61996e+14
O2-U1	547223		1.76466e+14
O2-U4	549893		4.92576e+14
O2-V1	571435		1.33884e+14
O2-V4	573487		3.76473e+14
O2-W1	590216		1.04055e+14
O2-W4	591826		2.94253e+14
O2-X1	605076		8.25174e+13
O2-X4	606362		2.3439e+14
O2-Y1	617034		6.65659e+13
O2-Y4	618079		1.8976e+14
O2-Z1	626800		5.44929e+13
O2-Z4	627659		1.55802e+14
O3-O1	67088.8		9.29709e+14
O3-P1	254215		1.17363e+13
O3-P4	206172		7.10026e+14
O3-P5	210650		3.96398e+15
O3-Q1	369519		1.4436e+12
O3-Q4	339098		4.22829e+14
O3-Q5	341900		2.45886e+15
O3-R1	445454		3.6145e+11
O3-R4	425018		2.71435e+14
O3-R5	426885		1.60496e+15
O3-S1	498031		1.30904e+11
O3-S4	483668		1.84519e+14
O3-S5	484972		1.10431e+15
O3-T1	506499		5.09456e+14
O3-T4	510063		1.28734e+14
O3-T5	511096		7.75991e+14
O3-U1	538456		3.75097e+14
O3-U4	541126		9.53457e+13
O3-U5	541901		5.7784e+14
O3-V1	562668		2.84521e+14
O3-V4	564720		7.2638e+13
O3-V5	565316		4.41887e+14
O3-W1	581449		2.21121e+14
O3-W4	583059		5.66405e+13
O3-W5	583528		3.45536e+14
O3-X1	596309		1.75356e+14
O3-X4	597595		4.50363e+13
O3-X5	597971		2.75344e+14
O3-Y1	608267		1.41464e+14
O3-Y4	609312		3.64093e+13
O3-Y5	609616		2.22989e+14
O3-Z1	618033		1.15812e+14
O3-Z4	618892		2.98597e+13
O3-Z5	619143		1.83138e+14
O4-O2	6361.8		7.56927e+11
O4-O3	15128.8		1.00375e+12
O4-O6	7675.07		6.33674e+11
O4-P2	225100		6.43484e+14
O4-P3	230097		4.50564e+13
O4-P6	225715		5.4076e+15
O4-Q2	356652		3.5741e+14
O4-Q3	359767		2.55371e+13
O4-Q6	357000		3.34695e+15
O4-R2	441780		2.17484e+14
O4-R3	443850		1.55567e+13
O4-R6	442005		2.15247e+15
O4-S2	499943		1.43114e+14
O4-S3	501387		1.02705e+13
O4-S6	500104		1.46058e+15
O4-T2	521628		2.35298e+14
O4-T3	525192		1.24299e+13
O4-T6	526225		1.01504e+15
O4-U2	553585		1.71423e+14
O4-U3	556255		9.07066e+12
O4-U6	557030		7.49833e+14
O4-V2	577797		1.28979e+14
O4-V3	579848		6.83096e+12
O4-V6	580445		5.69912e+14
O4-W2	596578		9.96077e+13
O4-W3	598188		5.27835e+12
O4-W6	598657		4.43511e+14
O4-X2	611437		7.85985e+13
O4-X3	612724		4.16676e+12
O4-X6	613099		3.52063e+14
O4-Y2	623396		6.3153e+13
O4-Y3	624440		3.34912e+12
O4-Y6	624745		2.84235e+14
O4-Z2	633162		5.15324e+13
O4-Z3	634021		2.73374e+12
O4-Z6	634272		2.32842e+14
O5-O3	7334.06		1.06596e+12
O5-O7	3927.67		9.14792e+10
O5-P3	222303		5.46529e+14
O5-P6	217920		3.98247e+14
O5-P7	220262		5.81747e+15
O5-Q3	351972		3.05103e+14
O5-Q6	349205		2.35609e+14
O5-Q7	350677		3.53637e+15
O5-R3	436055		1.86434e+14
O5-R6	434210		1.48598e+14
O5-R7	435194		2.25639e+15
O5-S3	493592		1.22749e+14
O5-S6	492310		9.95245e+13
O5-S7	492998		1.52539e+15
O5-T3	517397		1.35117e+14
O5-T6	518430		6.86182e+13
O5-T7	518932		1.05774e+15
O5-U3	548460		9.85575e+13
O5-U6	549235		5.0418e+13
O5-U7	549612		7.80056e+14
O5-V3	572054		7.42378e+13
O5-V6	572650		3.81762e+13
O5-V7	572940		5.92146e+14
O5-W3	590393		5.73899e+13
O5-W6	590862		2.96265e+13
O5-W7	591090		4.60386e+14
O5-X3	604929		4.53263e+13
O5-X6	605305		2.34675e+13
O5-X7	605487		3.652e+14
O5-Y3	616646		3.64489e+13
O5-Y6	616951		1.89141e+13
O5-Y7	617099		2.94681e+14
O5-Z3	626226		2.97638e+13
O5-Z6	626477		1.5473e+13
O5-Z7	626600		2.41296e+14
O6-O5	119.69		168885
O6-O8	4320.72		6.88633e+10
O6-P4	213626		4.20494e+14
O6-P5	218103		1.53238e+13
O6-P8	220568		8.70751e+15
O6-Q4	346551		2.05053e+14
O6-Q5	349354		7.52564e+12
O6-Q8	350936		4.39843e+15
O6-R4	432472		1.16867e+14
O6-R5	434339		4.27185e+12
O6-R8	435424		2.53036e+15
O6-S4	491122		7.38421e+13
O6-S5	492426		2.70262e+12
O6-S8	493210		1.60172e+15
O6-T4	517516		4.89517e+13
O6-T5	518550		1.74726e+12
O6-T8	519051		1.06449e+15
O6-U4	548580		3.49726e+13
O6-U5	549355		1.24703e+12
O6-U8	549732		7.60592e+14
O6-V4	572173		2.59354e+13
O6-V5	572770		9.23589e+11
O6-V8	573060		5.64058e+14
O6-W4	590513		1.98105e+13
O6-W5	590982		7.04594e+11
O6-W8	591210		4.30831e+14
O6-X4	605049		1.54996e+13
O6-X5	605424		5.50672e+11
O6-X8	605607		3.37054e+14
O6-Y4	616765		1.23704e+13
O6-Y5	617070		4.39101e+11
O6-Y8	617218		2.68985e+14
O6-Z4	626346		1.004e+13
O6-Z5	626597		3.56118e+11
O6-Z8	626719		2.18296e+14
O7-O8	273.363		636501
O7-O9	2660.88		1.6716e+10
O7-P5	214056		3.50403e+14
O7-P8	216520		3.1956e+14
O7-P9	217903		8.95294e+15
O7-Q5	345306		1.71367e+14
O7-Q8	346888		1.56591e+14
O7-Q9	347759		4.4812e+15
O7-R5	430291		9.77337e+13
O7-R8	431377		8.8815e+13
O7-R9	431959		2.56725e+15
O7-S5	488379		6.16528e+13
O7-S8	489162		5.56578e+13
O7-S9	489570		1.62185e+15
O7-T5	514503		3.98584e+13
O7-T8	515004		3.67457e+13
O7-T9	515301		1.07641e+15
O7-U5	545308		2.84564e+13
O7-U8	545684		2.61488e+13
O7-U9	545908		7.68345e+14
O7-V5	568723		2.10963e+13
O7-V8	569013		1.93362e+13
O7-V9	569185		5.69388e+14
O7-W5	586934		1.61118e+13
O7-W8	587162		1.4737e+13
O7-W9	587298		4.34663e+14
O7-X5	601377		1.26051e+13
O7-X8	601559		1.15097e+13
O7-X9	601668		3.3991e+14
O7-Y5	613023		1.00601e+13
O7-Y8	613171		9.1727e+12
O7-Y9	613259		2.71177e+14
O7-Z5	622550		8.16501e+12
O7-Z8	622672		7.43576e+12
O7-Z9	622744		2.20019e+14
O8-P6	213719		1.11477e+14
O8-P7	216061		2.62243e+12
O8-P10	217810		1.31401e+16
O8-Q6	345004		4.5973e+13
O8-Q7	346476		1.08047e+12
O8-R6	430009		2.37773e+13
O8-R7	430993		5.54969e+11
O8-R10	431801		1.89164e+15
O8-S6	488109		1.41196e+13
O8-S7	488797		3.29781e+11
O8-S10	489395		1.05354e+15
O8-T6	514229		8.59006e+12
O8-T7	514731		1.99868e+11
O8-T10	515028		6.44454e+14
O8-U6	545034		5.95036e+12
O8-U7	545411		1.38184e+11
O8-U10	545634		4.34875e+14
O8-V6	568449		4.3132e+12
O8-V7	568739		9.99536e+10
O8-V10	568911		3.09421e+14
O8-W6	586661		3.2379e+12
O8-W7	586889		7.48923e+10
O8-W10	587024		2.29102e+14
O8-X6	601104		2.49929e+12
O8-X7	601286		5.77163e+10
O8-X10	601394		1.74984e+14
O8-Y6	612749		1.97339e+12
O8-Y7	612898		4.55129e+10
O8-Y10	612986		1.37025e+14
O8-Z6	622276		1.58778e+12
O8-Z7	622399		3.65815e+10
O8-Z10	622471		1.0952e+14
O9-P7	213673		1.00635e+14
O9-P10	215423		2.91938e+14
O9-P11	216336		1.33124e+16
O9-Q7	344088		4.14365e+13
O9-R7	428605		2.14028e+13
O9-R10	429413		4.05324e+13
O9-R11	429798		1.9024e+15
O9-S7	486410		1.26767e+13
O9-S10	487008		2.23806e+13
O9-S11	487277		1.05831e+15
O9-T7	512343		7.68802e+12
O9-T10	512640		1.36077e+13
O9-T11	512837		6.46832e+14
O9-U7	543023		5.32137e+12
O9-U10	543247		9.14964e+12
O9-U11	543395		4.36214e+14
O9-V7	566352		3.85567e+12
O9-V10	566524		6.49301e+12
O9-V11	566638		3.10235e+14
O9-W7	584502		2.89371e+12
O9-W10	584637		4.79778e+12
O9-W11	584726		2.2963e+14
O9-X7	598899		2.23322e+12
O9-X10	599007		3.65848e+12
O9-X11	599079		1.75344e+14
O9-Y7	610510		1.76308e+12
O9-Y10	610598		2.86102e+12
O9-Y11	610657		1.3728e+14
O9-Z7	620011		1.41841e+12
O9-Z10	620083		2.28422e+12
O9-Z11	620132		1.09708e+14
P1-Q2	87308		1.21208e+15
P1-Q3	90422.9		1.2084e+15
P1-R2	172435		5.93415e+14
P1-R3	174505		6.21645e+14
P1-S2	230598		3.66008e+14
P1-S3	232042		3.89942e+14
P1-T2	252284		1.39829e+14
P1-T3	255847		2.23377e+14
P1-U2	284241		9.7454e+13
P1-U3	286910		1.60247e+14
P1-V2	308453		7.12095e+13
P1-V3	310504		1.19399e+14
P1-W2	327233		5.387e+13
P1-W3	328844		9.16297e+13
P1-X2	342093		4.18603e+13
P1-X3	343380		7.20009e+13
P1-Y2	354051		3.32375e+13
P1-Y3	355096		5.76853e+13
P1-Z2	363817		2.68668e+13
P1-Z3	364677		4.69744e+13
P2-P1	44244.8		2.64142e+14
P2-Q1	159548		1.28804e+13
P2-Q4	129127		1.28258e+15
P2-R1	235483		4.25642e+12
P2-R4	215047		8.56204e+14
P2-S1	288060		2.24511e+12
P2-S4	273697		5.89421e+14
P2-T1	296529		1.7342e+14
P2-T4	300092		4.05211e+14
P2-U1	328485		1.26898e+14
P2-U4	331155		3.02106e+14
P2-V1	352697		9.57553e+13
P2-V4	354749		2.31098e+14
P2-W1	371478		7.41137e+13
P2-W4	373088		1.80713e+14
P2-X1	386338		5.85894e+13
P2-X4	387625		1.43992e+14
P2-Y1	398296		4.71499e+13
P2-Y4	399341		1.16598e+14
P2-Z1	408062		3.85259e+13
P2-Z4	408922		9.5746e+13
P3-P1	39247		3.90727e+14
P3-Q1	154551		2.93896e+12
P3-Q4	124129		2.74346e+14
P3-Q5	126932		1.51795e+15
P3-R1	230485		7.45643e+10
P3-R4	210049		1.75962e+14
P3-R5	211916		1.011e+15
P3-S1	283063		4.28234e+09
P3-S4	268700		1.1921e+14
P3-S5	270004		6.95204e+14
P3-T1	291531		3.67714e+14
P3-T4	295094		8.08372e+13
P3-T5	296128		4.76291e+14
P3-U1	323488		2.68664e+14
P3-U4	326157		5.98626e+13
P3-U5	326933		3.55444e+14
P3-V1	347700		2.0267e+14
P3-V4	349751		4.55981e+13
P3-V5	350348		2.72029e+14
P3-W1	366480		1.56884e+14
P3-W4	368091		3.55528e+13
P3-W5	368560		2.12784e+14
P3-X1	381340		1.24047e+14
P3-X4	382627		2.8267e+13
P3-X5	383002		1.69587e+14
P3-Y1	393298		9.9844e+13
P3-Y4	394343		2.28503e+13
P3-Y5	394648		1.37356e+14
P3-Z1	403064		8.15918e+13
P3-Z4	403924		1.87378e+13
P3-Z5	404175		1.12818e+14
P4-P2	3798.52		3.57132e+11
P4-P3	8796.27		4.38014e+11
P4-P6	4413.99		2.93852e+11
P4-Q2	135351		3.43254e+14
P4-Q3	138466		2.46116e+13
P4-Q6	135698		1.89674e+15
P4-R2	220479		2.0588e+14
P4-R3	222549		1.50717e+13
P4-R6	220704		1.30436e+15
P4-S2	278642		1.31947e+14
P4-S3	280086		9.67463e+12
P4-S6	278803		9.00611e+14
P4-T2	300327		1.95434e+14
P4-T3	303891		1.07547e+13
P4-T6	304924		6.15048e+14
P4-U2	332284		1.40955e+14
P4-U3	334954		7.77881e+12
P4-U6	335729		4.57517e+14
P4-V2	356496		1.05253e+14
P4-V3	358547		5.81357e+12
P4-V6	359144		3.49186e+14
P4-W2	375277		8.08237e+13
P4-W3	376887		4.4647e+12
P4-W6	377356		2.72495e+14
P4-X2	390136		6.3502e+13
P4-X3	391423		3.50754e+12
P4-X6	391798		2.16736e+14
P4-Y2	402095		5.08534e+13
P4-Y3	403139		2.80868e+12
P4-Y6	403444		1.75237e+14
P4-Z2	411861		4.13869e+13
P4-Z3	412720		2.28583e+12
P4-Z6	412971		1.43712e+14
P5-P3	4318.76		4.80659e+11
P5-P7	2277.94		4.34749e+10
P5-Q3	133989		2.935e+14
P5-Q6	131221		1.42848e+14
P5-Q7	132693		2.06459e+15
P5-R3	218071		1.76751e+14
P5-R6	216226		9.41678e+13
P5-R7	217210		1.39493e+15
P5-S3	275608		1.13684e+14
P5-S6	274326		6.38603e+13
P5-S7	275015		9.55464e+14
P5-T3	299413		1.15732e+14
P5-T6	300446		4.30493e+13
P5-T7	300948		6.50196e+14
P5-U3	330476		8.35782e+13
P5-U6	331252		3.17754e+13
P5-U7	331628		4.82463e+14
P5-V3	354070		6.2486e+13
P5-V6	354667		2.41328e+13
P5-V7	354957		3.67522e+14
P5-W3	372409		4.80371e+13
P5-W6	372878		1.87683e+13
P5-W7	373106		2.86388e+14
P5-X3	386946		3.77794e+13
P5-X6	387321		1.48894e+13
P5-X7	387503		2.27537e+14
P5-Y3	398662		3.028e+13
P5-Y6	398967		1.20137e+13
P5-Y7	399115		1.83817e+14
P5-Z3	408243		2.46613e+13
P5-Z6	408494		9.83595e+12
P5-Z7	408616		1.50653e+14
P6-P5	63.5291		61777.6
P6-P8	2527.67		4.42074e+10
P6-Q4	128511		2.65114e+14
P6-Q5	131314		9.84661e+12
P6-Q8	132896		2.92477e+15
P6-R4	214432		1.42101e+14
P6-R5	216299		5.32327e+12
P6-R8	217384		1.79266e+15
P6-S4	273082		8.59956e+13
P6-S5	274386		3.20995e+12
P6-S8	275170		1.15423e+15
P6-T4	299477		5.40966e+13
P6-T5	300510		1.97819e+12
P6-T8	301011		7.53936e+14
P6-U4	330540		3.80751e+13
P6-U5	331315		1.39213e+12
P6-U8	331692		5.42509e+14
P6-V4	354133		2.79204e+13
P6-V5	354730		1.01904e+12
P6-V8	355020		4.04056e+14
P6-W4	372473		2.11471e+13
P6-W5	372942		7.70204e+11
P6-W8	373170		3.09511e+14
P6-X4	387009		1.64389e+13
P6-X5	387384		5.97604e+11
P6-X8	387567		2.42639e+14
P6-Y4	398725		1.30545e+13
P6-Y5	399030		4.73852e+11
P6-Y8	399179		1.93933e+14
P6-Z4	408306		1.05532e+13
P6-Z5	408557		3.82612e+11
P6-Z8	408679		1.5757e+14
P7-P8	186.195		646804
P7-P9	1569.36		1.09918e+10
P7-Q5	128972		2.23405e+14
P7-Q8	130554		1.09145e+14
P7-Q9	131425		3.02733e+15
P7-R5	213957		1.20183e+14
P7-R8	215043		6.51011e+13
P7-R9	215625		1.83903e+15
P7-S5	272045		7.28089e+13
P7-S8	272828		4.14027e+13
P7-S9	273236		1.17913e+15
P7-T5	298169		4.4719e+13
P7-T8	298670		2.6766e+13
P7-T9	298967		7.68702e+14
P7-U5	328974		3.1438e+13
P7-U8	329350		1.91542e+13
P7-U9	329574		5.52361e+14
P7-V5	352389		2.30458e+13
P7-V8	352679		1.42174e+13
P7-V9	352851		4.10938e+14
P7-W5	370600		1.74547e+13
P7-W8	370828		1.08641e+13
P7-W9	370964		3.14518e+14
P7-X5	385043		1.35694e+13
P7-X8	385225		8.50053e+12
P7-X9	385334		2.4641e+14
P7-Y5	396689		1.07763e+13
P7-Y8	396837		6.78338e+12
P7-Y9	396925		1.96855e+14
P7-Z5	406216		8.7117e+12
P7-Z8	406338		5.50408e+12
P7-Z9	406410		1.59887e+14
P8-P10	1563.56		5.99352e+09
P8-Q6	128757		1.06826e+14
P8-Q7	130229		2.54658e+12
P8-R6	213762		5.05601e+13
P8-R7	214746		1.2063e+12
P8-R10	215554		2.06908e+15
P8-S6	271862		2.83345e+13
P8-S7	272550		6.71782e+11
P8-S10	273148		1.17184e+15
P8-T6	297982		1.62744e+13
P8-T7	298484		3.85795e+11
P8-T10	298781		7.04567e+14
P8-U6	328788		1.10358e+13
P8-U7	329164		2.61369e+11
P8-U10	329387		4.78819e+14
P8-V6	352203		7.87521e+12
P8-V7	352492		1.85986e+11
P8-V10	352664		3.42172e+14
P8-W6	370414		5.84345e+12
P8-W7	370642		1.37591e+11
P8-W10	370777		2.54094e+14
P8-X6	384857		4.47075e+12
P8-X7	385039		1.05009e+11
P8-X10	385147		1.94476e+14
P8-Y6	396503		3.50585e+12
P8-Y7	396651		8.21894e+10
P8-Y10	396739		1.52522e+14
P8-Z6	406030		2.80545e+12
P8-Z7	406152		6.56782e+10
P8-Z10	406224		1.2205e+14
P9-P10	180.399		207112
P9-P11	1093.71		2.10032e+09
P9-Q7	128846		9.71172e+13
P9-R7	213363		4.59417e+13
P9-R10	214171		4.56757e+13
P9-R11	214556		2.09434e+15
P9-S7	271167		2.57307e+13
P9-S10	271765		2.56105e+13
P9-S11	272035		1.18338e+15
P9-T7	297101		1.47191e+13
P9-T10	297398		1.52612e+13
P9-T11	297595		7.10737e+14
P9-U7	327781		9.96852e+12
P9-U10	328004		1.03257e+13
P9-U11	328152		4.82596e+14
P9-V7	351109		7.11086e+12
P9-V10	351281		7.35818e+12
P9-V11	351395		3.44635e+14
P9-W7	369259		5.27577e+12
P9-W10	369394		5.45247e+12
P9-W11	369484		2.55794e+14
P9-X7	383656		4.03621e+12
P9-X10	383764		4.16582e+12
P9-X11	383836		1.95706e+14
P9-Y7	395268		3.16486e+12
P9-Y10	395356		3.26224e+12
P9-Y11	395414		1.53446e+14
P9-Z7	404768		2.53234e+12
P9-Z10	404841		2.60713e+12
P9-Z11	404889		1.22764e+14
P10-Q8	128804		3.05879e+13
P10-Q9	129675		5.01528e+11
P10-R8	213293		1.20074e+13
P10-R9	213875		1.9646e+11
P10-R12	214497		1.75145e+15
P10-S8	271078		6.01609e+12
P10-S9	271486		9.77625e+10
P10-T8	296920		3.19929e+12
P10-T9	297217		5.20787e+10
P10-T12	297414		4.0572e+14
P10-U8	327601		2.05964e+12
P10-U9	327824		3.34653e+10
P10-U12	327972		2.50978e+14
P10-V8	350929		1.41539e+12
P10-V9	351101		2.29086e+10
P10-V12	351215		1.67887e+14
P10-W8	369079		1.02088e+12
P10-W9	369214		1.64634e+10
P10-W12	369303		1.18758e+14
P10-X8	383476		7.64138e+11
P10-X9	383584		1.22888e+10
P10-X12	383656		8.75961e+13
P10-Y8	395087		5.88925e+11
P10-Y9	395175		9.45257e+09
P10-Y12	395234		6.67444e+13
P10-Z8	404588		4.64737e+11
P10-Z9	404661		7.44952e+09
P10-Z12	404709		5.21939e+13
P11-Q9	128762		2.88785e+13
P11-R9	212962		1.13181e+13
P11-R12	213584		2.60701e+13
P11-S9	270573		5.6642e+12
P11-T9	296304		3.00209e+12
P11-T12	296501		5.93436e+12
P11-T13	296641		4.07549e+14
P11-U9	326910		1.93081e+12
P11-U12	327058		3.65635e+12
P11-U13	327164		2.5196e+14
P11-V9	350188		1.32654e+12
P11-V12	350301		2.439e+12
P11-V13	350383		1.68468e+14
P11-W9	368300		9.56698e+11
P11-W12	368390		1.72139e+12
P11-W13	368454		1.19132e+14
P11-X9	382671		7.15998e+11
P11-X12	382742		1.26729e+12
P11-X13	382793		8.78517e+13
P11-Y9	394262		5.51718e+11
P11-Y12	394320		9.64068e+11
P11-Y13	394362		6.69283e+13
P11-Z9	403747		4.35278e+11
P11-Z12	403795		7.52876e+11
P11-Z13	403829		5.23312e+13
Q1-R2	57131.6		5.83842e+14
Q1-R3	59201.6		5.815e+14
Q1-S2	115295		3.01093e+14
Q1-S3	116739		3.14326e+14
Q1-T2	136980		1.10368e+14
Q1-T3	140544		1.66087e+14
Q1-U2	168937		7.48166e+13
Q1-U3	171607		1.17557e+14
Q1-V2	193149		5.37393e+13
Q1-V3	195200		8.66966e+13
Q1-W2	211930		4.02223e+13
Q1-W3	213540		6.60584e+13
Q1-X2	226789		3.10291e+13
Q1-X3	228076		5.16532e+13
Q1-Y2	238748		2.4505e+13
Q1-Y3	239792		4.12386e+13
Q1-Z2	248514		1.97246e+13
Q1-Z3	249373		3.34934e+13
Q2-Q1	27995.6		1.25366e+14
Q2-R1	103930		5.36527e+12
Q2-R4	83494.3		5.67852e+14
Q2-S1	156508		1.61213e+12
Q2-S4	142144		3.9858e+14
Q2-T1	164976		1.3072e+14
Q2-T4	168539		2.62941e+14
Q2-U1	196933		9.52503e+13
Q2-U4	199602		1.97594e+14
Q2-V1	221145		7.15047e+13
Q2-V4	223196		1.51608e+14
Q2-W1	239925		5.50944e+13
Q2-W4	241536		1.18732e+14
Q2-X1	254785		4.34031e+13
Q2-X4	256072		9.46926e+13
Q2-Y1	266743		3.48383e+13
Q2-Y4	267788		7.67253e+13
Q2-Z1	276509		2.84103e+13
Q2-Z4	277369		6.30304e+13
Q3-Q1	24880.8		1.85944e+14
Q3-R1	100815		8.06326e+11
Q3-R4	80379.4		1.2269e+14
Q3-R5	82246.4		6.74617e+14
Q3-S1	153393		1.28346e+10
Q3-S4	139030		8.29094e+13
Q3-S5	140334		4.72337e+14
Q3-T1	161861		2.77174e+14
Q3-T4	165424		5.36982e+13
Q3-T5	166458		3.09383e+14
Q3-U1	193818		2.01176e+14
Q3-U4	196487		3.99251e+13
Q3-U5	197263		2.32885e+14
Q3-V1	218030		1.50863e+14
Q3-V4	220081		3.0447e+13
Q3-V5	220678		1.78814e+14
Q3-W1	236810		1.16268e+14
Q3-W4	238421		2.3756e+13
Q3-W5	238890		1.40069e+14
Q3-X1	251670		9.16347e+13
Q3-X4	252957		1.88959e+13
Q3-X5	253332		1.11724e+14
Q3-Y1	263629		7.35726e+13
Q3-Y4	264673		1.5278e+13
Q3-Y5	264978		9.05398e+13
Q3-Z1	273394		6.00037e+13
Q3-Z4	274254		1.25286e+13
Q3-Z5	274505		7.43952e+13
Q4-Q2	2425.93		1.79513e+11
Q4-Q3	5540.81		2.1148e+11
Q4-Q6	2773.12		1.47407e+11
Q4-R2	87553.2		1.93198e+14
Q4-R3	89623.2		1.40882e+13
Q4-R6	87778.4		7.89218e+14
Q4-S2	145716		1.22815e+14
Q4-S3	147160		9.15011e+12
Q4-S6	145878		5.80688e+14
Q4-T2	167402		1.62975e+14
Q4-T3	170965		9.21979e+12
Q4-T6	171999		3.86308e+14
Q4-U2	199358		1.16554e+14
Q4-U3	202028		6.63747e+12
Q4-U6	202804		2.91878e+14
Q4-V2	223571		8.63463e+13
Q4-V3	225622		4.9284e+12
Q4-V6	226219		2.24508e+14
Q4-W2	242351		6.58858e+13
Q4-W3	243961		3.76057e+12
Q4-W6	244430		1.76018e+14
Q4-X2	257211		5.15174e+13
Q4-X3	258498		2.93877e+12
Q4-X6	258873		1.4044e+14
Q4-Y2	269169		4.11056e+13
Q4-Y3	270214		2.34367e+12
Q4-Y6	270519		1.13803e+14
Q4-Z2	278935		3.3359e+13
Q4-Z3	279795		1.90149e+12
Q4-Z6	280046		9.34845e+13
Q5-Q3	2738.4		2.35826e+11
Q5-Q7	1442.8		2.2335e+10
Q5-R3	86820.8		1.65967e+14
Q5-R6	84976		6.03908e+13
Q5-R7	85959.7		8.66482e+14
Q5-S3	144358		1.05872e+14
Q5-S6	143076		4.26807e+13
Q5-S7	143764		6.2659e+14
Q5-T3	168163		9.87664e+13
Q5-T6	169196		2.7896e+13
Q5-T7	169698		4.13371e+14
Q5-U3	199226		7.07456e+13
Q5-U6	200001		2.08125e+13
Q5-U7	200378		3.11308e+14
Q5-V3	222820		5.24799e+13
Q5-V6	223416		1.58942e+13
Q5-V7	223706		2.38832e+14
Q5-W3	241159		4.01001e+13
Q5-W6	241628		1.24075e+13
Q5-W7	241856		1.86852e+14
Q5-X3	255695		3.13928e+13
Q5-X6	256071		9.86904e+12
Q5-X7	256253		1.48845e+14
Q5-Y3	267412		2.50721e+13
Q5-Y6	267716		7.97734e+12
Q5-Y7	267865		1.20471e+14
Q5-Z3	276992		2.0362e+13
Q5-Z6	277243		6.53923e+12
Q5-Z7	277366		9.88759e+13
Q6-Q5	29.2892		12275.1
Q6-Q8	1611.09		2.57666e+10
Q6-R4	83147.1		1.64117e+14
Q6-R5	85014.1		6.1813e+12
Q6-R8	86099.6		1.17744e+15
Q6-S4	141797		9.43529e+13
Q6-S5	143102		3.58898e+12
Q6-S8	143885		8.0554e+14
Q6-T4	168192		5.46784e+13
Q6-T5	169225		2.03029e+12
Q6-T8	169727		5.12536e+14
Q6-U4	199255		3.79566e+13
Q6-U5	200031		1.41406e+12
Q6-U8	200407		3.74677e+14
Q6-V4	222849		2.7502e+13
Q6-V5	223446		1.02386e+12
Q6-V8	223736		2.81324e+14
Q6-W4	241188		2.06343e+13
Q6-W5	241657		7.66061e+11
Q6-W8	241885		2.1656e+14
Q6-X4	255725		1.59256e+13
Q6-X5	256100		5.89588e+11
Q6-X8	256282		1.70336e+14
Q6-Y4	267441		1.25775e+13
Q6-Y5	267746		4.64629e+11
Q6-Y8	267894		1.36466e+14
Q6-Z4	277022		1.0124e+13
Q6-Z5	277273		3.73436e+11
Q6-Z8	277395		1.11072e+14
Q7-Q8	139.001		606939
Q7-Q9	1009.46		6.58287e+09
Q7-R5	83542		1.39407e+14
Q7-R8	84627.5		4.44503e+13
Q7-R9	85209.6		1.22477e+15
Q7-S5	141629		8.04924e+13
Q7-S8	142413		2.96549e+13
Q7-S9	142821		8.30665e+14
Q7-T5	167753		4.57689e+13
Q7-T8	168255		1.86392e+13
Q7-T9	168552		5.26154e+14
Q7-U5	198559		3.16956e+13
Q7-U8	198935		1.34994e+13
Q7-U9	199158		3.84003e+14
Q7-V5	221974		2.2947e+13
Q7-V8	222264		1.00877e+13
Q7-V9	222435		2.87902e+14
Q7-W5	240185		1.72182e+13
Q7-W8	240413		7.74399e+12
Q7-W9	240548		2.21353e+14
Q7-X5	254628		1.32921e+13
Q7-X8	254810		6.07824e+12
Q7-X9	254919		1.73947e+14
Q7-Y5	266274		1.04991e+13
Q7-Y8	266422		4.86067e+12
Q7-Y9	266510		1.39268e+14
Q7-Z5	275801		8.45099e+12
Q7-Z8	275923		3.94963e+12
Q7-Z9	275995		1.13299e+14
Q8-R6	83394.2		8.02582e+13
Q8-R7	84377.9		1.93217e+12
Q8-R10	85186.1		1.64473e+15
Q8-S6	141494		4.18332e+13
Q8-S7	142182		1.00929e+12
Q8-S10	142780		9.88607e+14
Q8-T6	167614		2.19529e+13
Q8-T7	168116		5.25552e+11
Q8-T10	168413		5.79127e+14
Q8-U6	198420		1.45637e+13
Q8-U7	198796		3.49966e+11
Q8-U10	199019		3.99882e+14
Q8-V6	221835		1.02129e+13
Q8-V7	222125		2.45005e+11
Q8-V10	222296		2.88146e+14
Q8-W6	240046		7.47819e+12
Q8-W7	240274		1.78689e+11
Q8-W10	240409		2.15069e+14
Q8-X6	254489		5.6647e+12
Q8-X7	254671		1.34868e+11
Q8-X10	254780		1.65175e+14
Q8-Y6	266135		4.40838e+12
Q8-Y7	266283		1.0469e+11
Q8-Y10	266371		1.29859e+14
Q8-Z6	275662		3.50668e+12
Q8-Z7	275784		8.31436e+10
Q8-Z10	275856		1.04101e+14
Q9-R7	83507.4		7.33301e+13
Q9-R10	84315.7		3.74006e+13
Q9-R11	84700.4		1.67787e+15
Q9-S7	141312		3.82311e+13
Q9-S10	141910		2.20774e+13
Q9-S11	142179		1.0038e+15
Q9-T7	167245		2.00345e+13
Q9-T10	167543		1.2806e+13
Q9-T11	167739		5.86559e+14
Q9-U7	197926		1.3255e+13
Q9-U10	198149		8.77599e+12
Q9-U11	198297		4.04662e+14
Q9-V7	221254		9.28737e+12
Q9-V10	221426		6.30121e+12
Q9-V11	221540		2.91324e+14
Q9-W7	239404		6.80078e+12
Q9-W10	239539		4.69304e+12
Q9-W11	239629		2.17277e+14
Q9-X7	253801		5.15225e+12
Q9-X10	253909		3.59775e+12
Q9-X11	253981		1.66782e+14
Q9-Y7	265412		4.00956e+12
Q9-Y10	265500		2.82373e+12
Q9-Y11	265559		1.31075e+14
Q9-Z7	274913		3.18896e+12
Q9-Z10	274986		2.26012e+12
Q9-Z11	275034		1.0505e+14
R1-S2	39360.3		3.07752e+14
R1-S3	40804.2		3.06309e+14
R1-T2	61045.7		9.12567e+13
R1-T3	64609.2		1.279e+14
R1-U2	93002.5		5.99211e+13
R1-U3	95672.2		8.94336e+13
R1-V2	117215		4.21812e+13
R1-V3	119266		6.55122e+13
R1-W2	135995		3.11515e+13
R1-W3	137605		4.9556e+13
R1-X2	150855		2.38306e+13
R1-X3	152142		3.85448e+13
R1-Y2	162813		1.87092e+13
R1-Y3	163858		3.06615e+13
R1-Z2	172579		1.49906e+13
R1-Z3	173439		2.48366e+13
R2-R1	18802.8		6.53469e+13
R2-S1	71380.4		2.49382e+12
R2-S4	57017.2		2.80486e+14
R2-T1	79848.5		1.00079e+14
R2-T4	83412		1.72853e+14
R2-U1	111805		7.31884e+13
R2-U4	114475		1.33738e+14
R2-V1	136017		5.49938e+13
R2-V4	138069		1.038e+14
R2-W1	154798		4.22496e+13
R2-W4	156408		8.16723e+13
R2-X1	169658		3.31786e+13
R2-X4	170945		6.53009e+13
R2-Y1	181616		2.65658e+13
R2-Y4	182661		5.29961e+13
R2-Z1	191382		2.16244e+13
R2-Z4	192242		4.35837e+13
R3-R1	16732.8		9.70893e+13
R3-S1	69310.4		2.29977e+11
R3-S4	54947.2		6.10591e+13
R3-S5	56251.5		3.34175e+14
R3-T1	77778.5		2.11926e+14
R3-T4	81342		3.60775e+13
R3-T5	82375.4		2.03731e+14
R3-U1	109735		1.54675e+14
R3-U4	112405		2.75543e+13
R3-U5	113181		1.57672e+14
R3-V1	133947		1.15779e+14
R3-V4	135999		2.11705e+13
R3-V5	136596		1.22584e+14
R3-W1	152728		8.89077e+13
R3-W4	154338		1.65676e+13
R3-W5	154807		9.64962e+13
R3-X1	167588		6.98635e+13
R3-X4	168875		1.3203e+13
R3-X5	169250		7.71532e+13
R3-Y1	179546		5.59638e+13
R3-Y4	180591		1.06876e+13
R3-Y5	180896		6.26181e+13
R3-Z1	189312		4.55566e+13
R3-Z4	190172		8.76958e+12
R3-Z5	190423		5.15066e+13
R4-R2	1632.98		9.60171e+10
R4-R3	3702.99		1.10794e+11
R4-R6	1858.19		7.99088e+10
R4-S2	59796.1		1.14313e+14
R4-S3	61240		8.44166e+12
R4-S6	59957.8		3.71351e+14
R4-T2	81481.5		1.35225e+14
R4-T3	85045		7.8194e+12
R4-T6	86078.4		2.41373e+14
R4-U2	113438		9.67342e+13
R4-U3	116108		5.62706e+12
R4-U6	116884		1.90353e+14
R4-V2	137650		7.14499e+13
R4-V3	139702		4.18326e+12
R4-V6	140299		1.49178e+14
R4-W2	156431		5.42293e+13
R4-W3	158041		3.17937e+12
R4-W6	158510		1.18039e+14
R4-X2	171291		4.22022e+13
R4-X3	172578		2.47222e+12
R4-X6	172953		9.47029e+13
R4-Y2	183249		3.35499e+13
R4-Y3	184294		1.96353e+12
R4-Y6	184599		7.70277e+13
R4-Z2	193015		2.71503e+13
R4-Z3	193875		1.58824e+12
R4-Z6	194126		6.34425e+13
R5-R3	1835.98		1.24399e+11
R5-R7	974.896		1.24104e+10
R5-S3	59373		9.85397e+13
R5-S6	58090.7		2.8758e+13
R5-S7	58779.4		4.10409e+14
R5-T3	83177.9		8.30255e+13
R5-T6	84211.4		1.79279e+13
R5-T7	84712.8		2.61811e+14
R5-U3	114241		5.98211e+13
R5-U6	115017		1.39295e+13
R5-U7	115393		2.05036e+14
R5-V3	137835		4.42378e+13
R5-V6	138432		1.0785e+13
R5-V7	138722		1.6018e+14
R5-W3	156174		3.36285e+13
R5-W6	156643		8.48009e+12
R5-W7	156871		1.26402e+14
R5-X3	170711		2.62115e+13
R5-X6	171086		6.77752e+12
R5-X7	171268		1.01189e+14
R5-Y3	182427		2.08615e+13
R5-Y6	182732		5.49577e+12
R5-Y7	182880		8.21694e+13
R5-Z3	192008		1.68942e+13
R5-Z6	192259		4.51419e+12
R5-Z7	192381		6.75992e+13
R6-R5	8.82658		606.425
R6-R8	1094.29		1.53789e+10
R6-S4	56792		1.03294e+14
R6-S5	58096.3		3.93234e+12
R6-S8	58879.9		5.39739e+14
R6-T4	83186.8		5.25468e+13
R6-T5	84220.2		1.98683e+12
R6-T8	84721.6		3.34406e+14
R6-U4	114250		3.62596e+13
R6-U5	115025		1.36626e+12
R6-U8	115402		2.55353e+14
R6-V4	137844		2.6072e+13
R6-V5	138440		9.85576e+11
R6-V8	138730		1.95425e+14
R6-W4	156183		1.939e+13
R6-W5	156652		7.3162e+11
R6-W8	156880		1.51902e+14
R6-X4	170719		1.48553e+13
R6-X5	171095		5.58557e+11
R6-X8	171277		1.20187e+14
R6-Y4	182436		1.16656e+13
R6-Y5	182740		4.37409e+11
R6-Y8	182889		9.66726e+13
R6-Z4	192016		9.34837e+12
R6-Z5	192267		3.4995e+11
R6-Z8	192390		7.89042e+13
R7-R8	110.572		582737
R7-R9	692.667		4.05024e+09
R7-S5	57112.6		8.82713e+13
R7-S8	57896.2		2.05511e+13
R7-S9	58303.9		5.63585e+14
R7-T5	83236.5		4.43007e+13
R7-T8	83737.9		1.24047e+13
R7-T9	84035.1		3.45882e+14
R7-U5	114042		3.05903e+13
R7-U8	114418		9.383e+12
R7-U9	114642		2.63146e+14
R7-V5	137457		2.19462e+13
R7-V8	137747		7.11668e+12
R7-V9	137919		2.01095e+14
R7-W5	155668		1.63152e+13
R7-W8	155896		5.50972e+12
R7-W9	156032		1.56061e+14
R7-X5	170111		1.25037e+13
R7-X8	170293		4.3495e+12
R7-X9	170402		1.23314e+14
R7-Y5	181757		9.82103e+12
R7-Y8	181905		3.49146e+12
R7-Y9	181993		9.90967e+13
R7-Z5	191284		7.86979e+12
R7-Z8	191406		2.84402e+12
R7-Z9	191478		8.0834e+13
R8-R10	697.657		3.37022e+09
R8-S6	57005.3		5.66666e+13
R8-S7	57694		1.37461e+12
R8-S10	58291.9		7.34557e+14
R8-T6	83125.9		2.57684e+13
R8-T7	83627.3		6.26687e+11
R8-T10	83924.5		4.18591e+14
R8-U6	113931		1.68148e+13
R8-U7	114308		4.06621e+11
R8-U10	114531		3.02141e+14
R8-V6	137346		1.16212e+13
R8-V7	137636		2.82216e+11
R8-V10	137808		2.21987e+14
R8-W6	155558		8.39416e+12
R8-W7	155786		2.03261e+11
R8-W10	155921		1.6736e+14
R8-X6	170000		6.29014e+12
R8-X7	170183		1.51581e+11
R8-X10	170291		1.29329e+14
R8-Y6	181646		4.85497e+12
R8-Y7	181794		1.16585e+11
R8-Y10	181882		1.02101e+14
R8-Z6	191173		3.83736e+12
R8-Z7	191295		9.19802e+10
R8-Z10	191368		8.20896e+13
R9-R10	115.561		345632
R9-R11	500.256		1.27179e+09
R9-S7	57111.9		5.19696e+13
R9-S10	57709.8		1.68157e+13
R9-S11	57979.3		7.51072e+14
R9-T7	83045.2		2.36327e+13
R9-T10	83342.4		9.40573e+12
R9-T11	83539.3		4.25813e+14
R9-U7	113726		1.54169e+13
R9-U10	113949		6.74007e+12
R9-U11	114097		3.06734e+14
R9-V7	137054		1.06275e+13
R9-V10	137226		4.9173e+12
R9-V11	137340		2.25181e+14
R9-W7	155204		7.67427e+12
R9-W10	155339		3.69707e+12
R9-W11	155428		1.69606e+14
R9-X7	169601		5.7528e+12
R9-X10	169709		2.85191e+12
R9-X11	169781		1.30965e+14
R9-Y7	181212		4.44068e+12
R9-Y10	181300		2.24733e+12
R9-Y11	181359		1.03339e+14
R9-Z7	190713		3.50905e+12
R9-Z10	190786		1.80344e+12
R9-Z11	190834		8.30588e+13
R10-R12	506.469		9.49198e+08
R10-S8	57087.9		2.96214e+13
R10-S9	57495.7		4.92129e+11
R10-T8	82929.7		1.20658e+13
R10-T9	83226.9		2.00523e+11
R10-T12	83423.7		4.78235e+14
R10-U8	113610		7.31597e+12
R10-U9	113833		1.20888e+11
R10-U12	113981		3.14431e+14
R10-V8	136938		4.80078e+12
R10-V9	137110		7.96726e+10
R10-V12	137224		2.16335e+14
R10-W8	155088		3.33928e+12
R10-W9	155223		5.51895e+10
R10-W12	155313		1.55429e+14
R10-X8	169485		2.43197e+12
R10-X9	169593		3.99764e+10
R10-X12	169665		1.15784e+14
R10-Y8	181097		1.83576e+12
R10-Y9	181185		3.00761e+10
R10-Y12	181243		8.88209e+13
R10-Z8	190598		1.42534e+12
R10-Z9	190670		2.33234e+10
R10-Z12	190718		6.97945e+13
R11-R12	121.773		201715
R11-S9	57111		2.81323e+13
R11-T9	82842.2		1.1449e+13
R11-T12	83039		7.23551e+12
R11-T13	83179.1		4.83061e+14
R11-U9	113449		6.93781e+12
R11-U12	113597		4.7271e+12
R11-U13	113702		3.17208e+14
R11-V9	136726		4.54213e+12
R11-V12	136840		3.23321e+12
R11-V13	136921		2.18131e+14
R11-W9	154839		3.15893e+12
R11-W12	154928		2.31764e+12
R11-W13	154992		1.56614e+14
R11-X9	169209		2.3013e+12
R11-X12	169280		1.72343e+12
R11-X13	169331		1.16609e+14
R11-Y9	180800		1.73703e+12
R11-Y12	180858		1.31955e+12
R11-Y13	180900		8.94275e+13
R11-Z9	190285		1.34816e+12
R11-Z12	190333		1.03491e+12
R11-Z13	190368		7.0259e+13
R12-S10	57087.8		1.34026e+13
R12-S11	57357.3		1.60878e+11
R12-T10	82720.4		4.70845e+12
R12-T11	82917.3		5.64784e+10
R12-T14	83057.3		4.78836e+14
R12-U10	113327		2.59094e+12
R12-U11	113475		3.09098e+10
R12-U14	113580		2.69669e+14
R12-V10	136604		1.58887e+12
R12-V11	136718		1.90355e+10
R12-V14	136799		1.67271e+14
R12-W10	154717		1.0522e+12
R12-W11	154806		1.25383e+10
R12-W14	154870		1.1163e+14
R12-X10	169087		7.38439e+11
R12-X11	169159		8.74918e+09
R12-X14	169210		7.87101e+13
R12-Y10	180678		5.41544e+11
R12-Y11	180737		6.39868e+09
R12-Y14	180778		5.78812e+13
R12-Z10	190164		4.1089e+11
R12-Z11	190212		4.85306e+09
R12-Z14	190246		4.39913e+13
S1-T2	8468.11		5.54468e+13
S1-T3	12031.6		7.67581e+13
S1-U2	40424.9		4.82017e+13
S1-U3	43094.6		6.78102e+13
S1-V2	64636.9		3.38159e+13
S1-V3	66688.4		5.02612e+13
S1-W2	83417.7		2.47185e+13
S1-W3	85027.8		3.80845e+13
S1-X2	98277.4		1.87502e+13
S1-X3	99564.2		2.95258e+13
S1-Y2	110236		1.46393e+13
S1-Y3	111280		2.34208e+13
S1-Z2	120002		1.16804e+13
S1-Z3	120861		1.89322e+13
S2-S1	13217.3		3.6614e+13
S2-T1	21685.4		6.44732e+13
S2-T4	25248.8		9.52191e+13
S2-U1	53642.1		5.56002e+13
S2-U4	56311.9		8.90898e+13
S2-V1	77854.2		4.26099e+13
S2-V4	79905.7		7.20952e+13
S2-W1	96635		3.29737e+13
S2-W4	98245.1		5.76651e+13
S2-X1	111495		2.58962e+13
S2-X4	112782		4.64357e+13
S2-Y1	123453		2.07089e+13
S2-Y4	124498		3.78373e+13
S2-Z1	133219		1.68379e+13
S2-Z4	134078		3.1197e+13
S3-S1	11773.4		5.44618e+13
S3-T1	20241.5		1.35535e+14
S3-T4	23805		2.03371e+13
S3-T5	24838.4		1.12027e+14
S3-U1	52198.3		1.17271e+14
S3-U4	54868		1.86847e+13
S3-U5	55643.7		1.05138e+14
S3-V1	76410.4		8.97551e+13
S3-V4	78461.8		1.49477e+13
S3-V5	79058.7		8.51246e+13
S3-W1	95191.1		6.92375e+13
S3-W4	96801.3		1.18447e+13
S3-W5	97270.3		6.8202e+13
S3-X1	110051		5.43822e+13
S3-X4	111338		9.49296e+12
S3-X5	111713		5.49286e+13
S3-Y1	122009		4.3518e+13
S3-Y4	123054		7.71152e+12
S3-Y5	123359		4.4752e+13
S3-Z1	131775		3.53875e+13
S3-Z4	132635		6.34116e+12
S3-Z5	132886		3.69028e+13
S4-S2	1145.9		5.42304e+10
S4-S3	2589.75		6.19868e+10
S4-S6	1307.54		4.62883e+10
S4-T2	22831.3		9.41904e+13
S4-T3	26394.7		5.56718e+12
S4-T6	27428.2		1.23621e+14
S4-U2	54788		7.84291e+13
S4-U3	57457.8		4.65419e+12
S4-U6	58233.4		1.20651e+14
S4-V2	79000.1		5.88845e+13
S4-V3	81051.6		3.50933e+12
S4-V6	81648.4		9.97841e+13
S4-W2	97780.9		4.48523e+13
S4-W3	99391		2.68738e+12
S4-W6	99860.1		8.07956e+13
S4-X2	112641		3.48322e+13
S4-X3	113927		2.08742e+12
S4-X6	114303		6.55622e+13
S4-Y2	124599		2.7617e+13
S4-Y3	125644		1.653e+12
S4-Y6	125948		5.36922e+13
S4-Z2	134365		2.22986e+13
S4-Z3	135224		1.33374e+12
S4-Z6	135475		4.44251e+13
S5-S3	1285.47		6.96882e+10
S5-S6	3.26573		51.096
S5-S7	691.97		7.37621e+09
S5-T3	25090.5		5.87154e+13
S5-T6	26123.9		9.49047e+12
S5-T7	26625.3		1.35971e+14
S5-U3	56153.5		4.90709e+13
S5-U6	56929.1		9.03886e+12
S5-U7	57305.7		1.3144e+14
S5-V3	79747.3		3.70447e+13
S5-V6	80344.1		7.37478e+12
S5-V7	80634.1		1.08022e+14
S5-W3	98086.7		2.82425e+13
S5-W6	98555.8		5.90355e+12
S5-W7	98783.7		8.72121e+13
S5-X3	112623		2.19681e+13
S5-X6	112998		4.76397e+12
S5-X7	113181		7.0568e+13
S5-Y3	124339		1.74425e+13
S5-Y6	124644		3.88759e+12
S5-Y7	124792		5.76609e+13
S5-Z3	133920		1.40951e+13
S5-Z6	134171		3.2063e+12
S5-Z7	134293		4.76349e+13
S6-S8	780.315		9.58479e+09
S6-T4	25087.2		4.18654e+13
S6-T5	26120.6		1.60554e+12
S6-T8	26622.1		1.74741e+14
S6-U4	56150.3		3.30167e+13
S6-U5	56925.9		1.26366e+12
S6-U8	57302.4		1.65783e+14
S6-V4	79744		2.39826e+13
S6-V5	80340.9		9.14778e+11
S6-V8	80630.8		1.34069e+14
S6-W4	98083.5		1.7825e+13
S6-W5	98552.5		6.81895e+11
S6-W8	98780.5		1.06705e+14
S6-X4	112620		1.35834e+13
S6-X5	112995		5.18129e+11
S6-X8	113178		8.54396e+13
S6-Y4	124336		1.06117e+13
S6-Y5	124641		4.03247e+11
S6-Y8	124789		6.92258e+13
S6-Z4	133917		8.4685e+12
S6-Z5	134168		3.2108e+11
S6-Z8	134290		5.67786e+13
S7-S8	91.6106		570296
S7-S9	499.353		2.60813e+09
S7-T5	25431.9		3.55376e+13
S7-T8	25933.4		6.62774e+12
S7-T9	26230.5		1.82084e+14
S7-U5	56237.2		2.80219e+13
S7-U8	56613.7		6.19068e+12
S7-U9	56837		1.71927e+14
S7-V5	79652.2		2.03627e+13
S7-V8	79942.1		4.96399e+12
S7-V9	80114		1.38573e+14
S7-W5	97863.8		1.51023e+13
S7-W8	98091.8		3.91741e+12
S7-W9	98227		1.10143e+14
S7-X5	112306		1.15085e+13
S7-X8	112489		3.12671e+12
S7-X9	112597		8.80442e+13
S7-Y5	123952		8.99463e+12
S7-Y8	124100		2.52831e+12
S7-Y9	124188		7.12412e+13
S7-Z5	133479		7.17824e+12
S7-Z8	133601		2.06912e+12
S7-Z9	133674		5.83828e+13
S8-S10	506.289		2.34727e+09
S8-T6	25340.3		2.42457e+13
S8-T7	25841.7		5.96495e+11
S8-T10	26138.9		2.31594e+14
S8-U6	56145.6		1.77493e+13
S8-U7	56522.1		4.35133e+11
S8-U10	56745.4		2.08419e+14
S8-V6	79560.6		1.22758e+13
S8-V7	79850.5		2.99403e+11
S8-V10	80022.4		1.62e+14
S8-W6	97772.2		8.80766e+12
S8-W7	98000.1		2.15667e+11
S8-W10	98135.3		1.2513e+14
S8-X6	112215		6.53692e+12
S8-X7	112397		1.59405e+11
S8-X10	112505		9.79037e+13
S8-Y6	123861		5.00422e+12
S8-Y7	124009		1.2142e+11
S8-Y10	124097		7.78833e+13
S8-Z6	133388		3.93007e+12
S8-Z7	133510		9.51067e+10
S8-Z10	133582		6.29396e+13
S9-S10	98.5463		390962
S9-S11	368.083		9.23157e+08
S9-T7	25434		2.23431e+13
S9-T10	25731.2		5.29246e+12
S9-T11	25928		2.36571e+14
S9-U7	56114.4		1.63389e+13
S9-U10	56337.6		4.70915e+12
S9-U11	56485.5		2.1236e+14
S9-V7	79442.7		1.12967e+13
S9-V10	79614.7		3.63705e+12
S9-V11	79728.6		1.64761e+14
S9-W7	97592.4		8.08595e+12
S9-W10	97727.6		2.79085e+12
S9-W11	97817.2		1.27171e+14
S9-X7	111989		6.00209e+12
S9-X10	112098		2.1792e+12
S9-X11	112169		9.94013e+13
S9-Y7	123601		4.59675e+12
S9-Y10	123689		1.73084e+12
S9-Y11	123747		7.90144e+13
S9-Z7	133102		3.60952e+12
S9-Z10	133174		1.39589e+12
S9-Z11	133222		6.3825e+13
S10-T8	25335.5		1.42329e+13
S10-T9	25632.6		2.38902e+11
S10-T12	25829.5		2.97658e+14
S10-U8	56015.8		9.47798e+12
S10-U9	56239.1		1.58472e+11
S10-U12	56387		2.44732e+14
S10-V8	79344.2		6.15779e+12
S10-V9	79516.1		1.02428e+11
S10-V12	79630		1.78321e+14
S10-W8	97493.9		4.22366e+12
S10-W9	97629.1		7.05445e+10
S10-W12	97718.6		1.31316e+14
S10-X8	111891		3.03231e+12
S10-X9	111999		5.03793e+10
S10-X12	112071		9.90867e+13
S10-Y8	123503		2.26287e+12
S10-Y9	123591		3.73984e+10
S10-Y12	123649		7.66164e+13
S10-Z8	133003		1.7415e+12
S10-Z9	133076		2.87225e+10
S10-Z12	133124		6.05237e+13
S11-T9	25363.1		1.35555e+13
S11-T12	25560		4.56845e+12
S11-T13	25700		3.01458e+14
S11-U9	55969.5		9.0159e+12
S11-U12	56117.4		3.72138e+12
S11-U13	56222.7		2.47474e+14
S11-V9	79246.6		5.85441e+12
S11-V12	79360.5		2.69676e+12
S11-V13	79441.6		1.80114e+14
S11-W9	97359.5		4.00716e+12
S11-W12	97449.1		1.97507e+12
S11-W13	97512.9		1.32577e+14
S11-X9	111730		2.87748e+12
S11-X12	111801		1.48793e+12
S11-X13	111852		9.99672e+13
S11-Y9	123321		2.14798e+12
S11-Y12	123379		1.14868e+12
S11-Y13	123421		7.72602e+13
S11-Z9	132806		1.65261e+12
S11-Z12	132854		9.05545e+11
S11-Z13	132889		6.10174e+13
S15-T13	25143.9		3.54201e+12
S15-T16	25248.6		3.9134e+12
S15-T17	25330		4.72503e+14
S15-U13	55666.5		1.78311e+12
S15-U16	55745.3		2.09643e+12
S15-U17	55806.4		2.54885e+14
S15-V13	78885.4		9.63733e+11
S15-V16	78946.1		1.1626e+12
S15-V17	78993.2		1.41976e+14
S15-W13	96956.7		5.79419e+11
S15-W16	97004.4		7.08227e+11
S15-W17	97041.5		8.68213e+13
S15-X13	111296		3.78017e+11
S15-X16	111334		4.65878e+11
S15-X17	111364		5.7195e+13
S15-Y13	122865		2.62057e+11
S15-Y16	122896		3.2433e+11
S15-Y17	122920		3.98938e+13
S15-Z13	132332		1.90147e+11
S15-Z16	132358		2.35907e+11
S15-Z17	132378		2.90773e+13
T1-T3	3563.45		1.2666e+12
T1-U2	31956.8		6.6823e+13
T1-U3	34626.5		3.35116e+13
T1-V2	56168.8		5.18929e+13
T1-V3	58220.3		2.95432e+13
T1-W2	74949.6		4.03041e+13
T1-W3	76559.7		2.39854e+13
T1-X2	89809.3		3.17187e+13
T1-X3	91096.1		1.96167e+13
T1-Y2	101768		2.53917e+13
T1-Y3	102812		1.60367e+13
T1-Z2	111534		2.07097e+13
T1-Z3	112393		1.32147e+13
T2-T4	3563.45		1.24852e+12
T2-U1	31956.8		3.95237e+13
T2-U4	34626.5		4.70014e+13
T2-V1	56168.8		2.89688e+13
T2-V4	58220.3		4.23967e+13
T2-W1	74949.6		2.14696e+13
T2-W4	76559.7		3.51094e+13
T2-X1	89809.3		1.66491e+13
T2-X4	91096.1		2.88199e+13
T2-Y1	101768		1.30908e+13
T2-Y4	102812		2.36978e+13
T2-Z1	111534		1.04659e+13
T2-Z4	112393		1.96741e+13
T3-T5	1033.44		3.73792e+10
T3-U1	28393.3		1.26609e+14
T3-U4	31063.1		1.61667e+13
T3-U5	31838.7		8.39822e+13
T3-V1	52605.4		8.65062e+13
T3-V4	54656.8		1.27486e+13
T3-V5	55253.7		6.88094e+13
T3-W1	71386.1		6.31927e+13
T3-W4	72996.3		1.00209e+13
T3-W5	73465.3		5.4508e+13
T3-X1	86245.8		4.80282e+13
T3-X4	87532.7		7.90303e+12
T3-X5	87907.9		4.38943e+13
T3-Y1	98204.2		3.74981e+13
T3-Y4	99248.8		6.35482e+12
T3-Y5	99553.7		3.55644e+13
T3-Z1	107970		3.0005e+13
T3-Z4	108830		5.21102e+12
T3-Z5	109081		2.91547e+13
T4-T6	1033.44		3.55981e+10
T4-U2	28393.3		1.0069e+14
T4-U3	31063.1		5.67104e+12
T4-U6	31838.7		1.07993e+14
T4-V2	52605.4		6.67952e+13
T4-V3	54656.8		3.99e+12
T4-V6	55253.7		8.88945e+13
T4-W2	71386.1		4.76131e+13
T4-W3	72996.3		2.86093e+12
T4-W6	73465.3		7.0723e+13
T4-X2	86245.8		3.58439e+13
T4-X3	87532.7		2.19318e+12
T4-X6	87907.9		5.66654e+13
T4-Y2	98204.2		2.76733e+13
T4-Y3	99248.8		1.70127e+12
T4-Y6	99553.7		4.58612e+13
T4-Z2	107970		2.18882e+13
T4-Z3	108830		1.3404e+12
T4-Z6	109081		3.76361e+13
T5-T7	501.429		4.36856e+09
T5-U3	30029.6		6.17395e+13
T5-U6	30805.2		8.58186e+12
T5-U7	31181.8		1.21618e+14
T5-V3	53623.4		4.25651e+13
T5-V6	54220.2		6.7812e+12
T5-V7	54510.2		9.82059e+13
T5-W3	71962.9		3.07923e+13
T5-W6	72431.9		5.33107e+12
T5-W7	72659.8		7.72653e+13
T5-X3	86499.2		2.3148e+13
T5-X6	86874.5		4.18733e+12
T5-X7	87056.9		6.18141e+13
T5-Y3	98215.4		1.78994e+13
T5-Y6	98520.3		3.36421e+12
T5-Y7	98668.5		4.98619e+13
T5-Z3	107796		1.42119e+13
T5-Z6	108047		2.75837e+12
T5-Z7	108169		4.07512e+13
T6-T8	501.429		4.04144e+09
T6-U4	30029.6		4.61847e+13
T6-U5	30805.2		1.75782e+12
T6-U8	31181.8		1.53212e+14
T6-V4	53623.4		3.0327e+13
T6-V5	54220.2		1.17316e+12
T6-V8	54510.2		1.22224e+14
T6-W4	71962.9		2.11286e+13
T6-W5	72431.9		8.07964e+11
T6-W8	72659.8		9.53199e+13
T6-X4	86499.2		1.56071e+13
T6-X5	86874.5		6.08339e+11
T6-X8	87056.9		7.52509e+13
T6-Y4	98215.4		1.18592e+13
T6-Y5	98520.3		4.62818e+11
T6-Y8	98668.5		6.02331e+13
T6-Z4	107796		9.25711e+12
T6-Z5	108047		3.57748e+11
T6-Z8	108169		4.89911e+13
T7-T9	297.191		8.73469e+08
T7-U5	30303.8		3.9165e+13
T7-U8	30680.4		5.89907e+12
T7-U9	30903.6		1.60825e+14
T7-V5	53718.8		2.58653e+13
T7-V8	54008.7		4.60058e+12
T7-V9	54180.7		1.27296e+14
T7-W5	71930.5		1.81208e+13
T7-W8	72158.4		3.57058e+12
T7-W9	72293.6		9.87535e+13
T7-X5	86373.1		1.32937e+13
T7-X8	86555.5		2.77474e+12
T7-X9	86663.7		7.7993e+13
T7-Y5	98018.9		1.00941e+13
T7-Y8	98167.1		2.21409e+12
T7-Y9	98255.1		6.23181e+13
T7-Z5	107546		7.9029e+12
T7-Z8	107668		1.80397e+12
T7-Z9	107740		5.0564e+13
T8-T10	297.191		7.80871e+08
T8-U6	30303.8		2.80731e+13
T8-U7	30680.4		6.882e+11
T8-U10	30903.6		2.0033e+14
T8-V6	53718.8		1.74186e+13
T8-V7	54008.7		4.30215e+11
T8-V10	54180.7		1.53499e+14
T8-W6	71930.5		1.16484e+13
T8-W7	72158.4		2.8306e+11
T8-W10	72293.6		1.16225e+14
T8-X6	86373.1		8.33965e+12
T8-X7	86555.5		2.0757e+11
T8-X10	86663.7		8.96789e+13
T8-Y6	98018.9		6.18822e+12
T8-Y7	98167.1		1.53808e+11
T8-Y10	98255.1		7.05292e+13
T8-Z6	107546		4.74315e+12
T8-Z7	107668		1.16212e+11
T8-Z10	107740		5.65506e+13
T9-T11	196.858		2.32239e+08
T9-U7	30383.2		2.58846e+13
T9-U10	30606.4		4.62613e+12
T9-U11	30754.3		2.05493e+14
T9-V7	53711.5		1.60731e+13
T9-V10	53883.5		3.49052e+12
T9-V11	53997.4		1.56803e+14
T9-W7	71861.2		1.07905e+13
T9-W10	71996.4		2.63582e+12
T9-W11	72086		1.18367e+14
T9-X7	86258.3		7.66922e+12
T9-X10	86366.5		2.00635e+12
T9-X11	86438.2		9.14012e+13
T9-Y7	97869.9		5.68779e+12
T9-Y10	97957.9		1.5764e+12
T9-Y11	98016.2		7.17847e+13
T9-Z7	107371		4.3731e+12
T9-Z10	107443		1.26719e+12
T9-Z11	107491		5.74578e+13
T10-T12	196.858		1.98337e+08
T10-U8	30383.2		1.76595e+13
T10-U9	30606.4		2.95719e+11
T10-U12	30754.3		2.53972e+14
T10-V8	53711.5		1.01495e+13
T10-V9	53883.5		1.70697e+11
T10-V12	53997.4		1.8254e+14
T10-W8	71861.2		6.43985e+12
T10-W9	71996.4		1.06291e+11
T10-W12	72086		1.31864e+14
T10-X8	86258.3		4.43333e+12
T10-X9	86366.5		7.53719e+10
T10-X12	86438.2		9.8155e+13
T10-Y8	97869.9		3.19354e+12
T10-Y9	97957.9		5.40403e+10
T10-Y12	98016.2		7.5079e+13
T10-Z8	107371		2.39261e+12
T10-Z9	107443		3.97191e+10
T10-Z12	107491		5.88699e+13
T11-T13	140.069		7.25715e+07
T11-U9	30409.6		1.68321e+13
T11-U12	30557.5		3.92986e+12
T11-U13	30662.7		2.579e+14
T11-V9	53686.6		9.66915e+12
T11-V12	53800.5		2.7919e+12
T11-V13	53881.6		1.84892e+14
T11-W9	71799.6		6.15416e+12
T11-W12	71889.1		2.01172e+12
T11-W13	71952.9		1.33314e+14
T11-X9	86169.7		4.20603e+12
T11-X12	86241.4		1.4806e+12
T11-X13	86292.4		9.92923e+13
T11-Y9	97761		3.03031e+12
T11-Y12	97819.4		1.13305e+12
T11-Y13	97860.9		7.58625e+13
T11-Z9	107246		2.27808e+12
T11-Z12	107294		8.9046e+11
T11-Z13	107329		5.94133e+13
T12-T14	140.069		5.78617e+07
T12-U10	30409.6		1.0733e+13
T12-U11	30557.5		1.29641e+11
T12-U14	30662.7		3.16844e+14
T12-V10	53686.6		5.6001e+12
T12-V11	53800.5		6.78066e+10
T12-V14	53881.6		2.0562e+14
T12-W10	71799.6		3.32792e+12
T12-W11	71889.1		3.9559e+10
T12-W14	71952.9		1.38098e+14
T12-X10	86169.7		2.18171e+12
T12-X11	86241.4		2.67935e+10
T12-X14	86292.4		9.73543e+13
T12-Y10	97761		1.51514e+12
T12-Y11	97819.4		1.84245e+10
T12-Y14	97860.9		7.14346e+13
T12-Z10	107246		1.10378e+12
T12-Z11	107294		1.31179e+10
T12-Z14	107329		5.41985e+13
T13-T15	104.783		2.45001e+07
T13-U11	30417.4		1.03986e+13
T13-U14	30522.7		3.52217e+12
T13-U15	30601.4		3.2007e+14
T13-V11	53660.5		5.42128e+12
T13-V14	53741.5		2.26428e+12
T13-V15	53802.2		2.07356e+14
T13-W11	71749.1		3.22904e+12
T13-W14	71812.8		1.51612e+12
T13-W15	71860.6		1.39101e+14
T13-X11	86101.3		2.10285e+12
T13-X14	86152.4		1.05931e+12
T13-X15	86190.6		9.80914e+13
T13-Y11	97679.3		1.46184e+12
T13-Y14	97720.8		7.78144e+11
T13-Y15	97751.9		7.1908e+13
T13-Z11	107154		1.06863e+12
T13-Z14	107189		5.91131e+11
T13-Z15	107214		5.45157e+13
T14-T16	104.783		1.73007e+07
T14-U12	30417.4		5.98148e+12
T14-U13	30522.7		5.44107e+10
T14-U16	30601.4		3.91354e+14
T14-V12	53660.5		2.76053e+12
T14-V13	53741.5		2.51339e+10
T14-V16	53802.2		2.15426e+14
T14-W12	71749.1		1.51017e+12
T14-W13	71812.8		1.35338e+10
T14-W16	71860.6		1.29398e+14
T14-X12	86101.3		9.31145e+11
T14-X13	86152.4		8.6156e+09
T14-X16	86190.6		8.41582e+13
T14-Y12	97679.3		6.17867e+11
T14-Y13	97720.8		5.62584e+09
T14-Y16	97751.9		5.81328e+13
T14-Z12	107154		4.34681e+11
T14-Z13	107189		3.86316e+09
T14-Z16	107214		4.20817e+13
T15-T17	81.3516		8.16626e+06
T15-U13	30417.9		5.84864e+12
T15-U16	30496.6		3.28025e+12
T15-U17	30557.8		3.94154e+14
T15-V13	53636.8		2.69703e+12
T15-V16	53697.4		1.79104e+12
T15-V17	53744.5		2.16699e+14
T15-W13	71708.1		1.47756e+12
T15-W16	71755.8		1.07195e+12
T15-W17	71792.8		1.30063e+14
T15-X13	86047.6		9.05916e+11
T15-X16	86085.8		6.92495e+11
T15-X17	86115.5		8.45966e+13
T15-Y13	97616		6.02183e+11
T15-Y16	97647.1		4.78805e+11
T15-Y17	97671.2		5.83931e+13
T15-Z13	107084		4.24956e+11
T15-Z16	107109		3.4657e+11
T15-Z17	107129		4.22513e+13
T16-T18	81.3516		4.31112e+06
T16-U14	30417.9		2.81138e+12
T16-U15	30496.6		1.9923e+10
T16-U18	30557.8		4.80064e+14
T16-V14	53636.8		1.10505e+12
T16-V15	53697.4		7.82831e+09
T16-V18	53744.5		1.99601e+14
T16-W14	71708.1		5.43047e+11
T16-W15	71755.8		3.80107e+09
T16-W18	71792.8		1.00712e+14
T16-X14	86047.6		3.09627e+11
T16-X15	86085.8		2.22781e+09
T16-X18	86115.5		5.81186e+13
T16-Y14	97616		1.93939e+11
T16-Y15	97647.1		1.36577e+09
T16-Y18	97671.2		3.68044e+13
T16-Z14	107084		1.30541e+11
T16-Z15	107109		8.99492e+08
T16-Z18	107129		2.494e+13
T17-T19	64.9951		2.21344e+06
T17-U15	30415.3		2.76458e+12
T17-U18	30476.4		3.1442e+12
T17-U19	30525.3		4.82594e+14
T17-V15	53616.1		1.08584e+12
T17-V18	53663.2		1.29773e+12
T17-V19	53700.8		2.00466e+14
T17-W15	71674.4		5.33965e+11
T17-W18	71711.5		6.52188e+11
T17-W19	71741.1		1.01096e+14
T17-X15	86004.5		3.03117e+11
T17-X18	86034.1		3.74472e+11
T17-X19	86057.8		5.83352e+13
T17-Y15	97565.7		1.9028e+11
T17-Y18	97589.8		2.37196e+11
T17-Y19	97609.1		3.69223e+13
T17-Z15	107028		1.28376e+11
T17-Z18	107048		1.60519e+11
T17-Z19	107064		2.50142e+13
T18-U16	30415.3		8.88671e+11
T18-U17	30476.4		5.04017e+09
T18-U20	30525.3		5.85883e+14
T18-V16	53616.1		2.79881e+11
T18-V17	53663.2		1.58536e+09
T18-V20	53700.8		1.38227e+14
T18-W16	71674.4		1.19069e+11
T18-W17	71711.5		6.68982e+08
T18-W20	71741.1		5.21683e+13
T18-X16	86004.5		6.12728e+10
T18-X17	86034.1		3.51381e+08
T18-X20	86057.8		2.50857e+13
T18-Y16	97565.7		3.56156e+10
T18-Y17	97589.8		1.99375e+08
T18-Y20	97609.1		1.40031e+13
T18-Z16	107028		2.26445e+10
T18-Z17	107048		1.24812e+08
T18-Z20	107064		8.64886e+12
T19-U17	30411.4		8.77149e+11
T19-U20	30460.3		3.08212e+12
T19-U21	30500.2		5.88244e+14
T19-V17	53598.2		2.7606e+11
T19-V20	53635.8		7.22168e+11
T19-V21	53666.6		1.38684e+14
T19-W17	71646.5		1.17453e+11
T19-W20	71676.1		2.71418e+11
T19-W21	71700.3		5.23207e+13
T19-X17	85969.1		6.02544e+10
T19-X20	85992.8		1.29998e+11
T19-X21	86012.2		2.51551e+13
T19-Y17	97524.9		3.51013e+10
T19-Y20	97544.1		7.25139e+10
T19-Y21	97559.9		1.40369e+13
T19-Z17	106983		2.23468e+10
T19-Z20	106999		4.46914e+10
T19-Z21	107012		8.66885e+12
U1-U3	2669.76		7.83456e+11
U1-V2	24212.1		4.11906e+13
U1-V3	26263.5		2.05095e+13
U1-W2	42992.8		3.25487e+13
U1-W3	44603		1.83853e+13
U1-X2	57852.5		2.56817e+13
U1-X3	59139.4		1.51454e+13
U1-Y2	69810.9		2.04765e+13
U1-Y3	70855.5		1.25668e+13
U1-Z2	79576.8		1.65867e+13
U1-Z3	80436.3		1.03853e+13
U2-U4	2669.76		7.75357e+11
U2-V1	24212.1		2.552e+13
U2-V4	26263.5		2.79864e+13
U2-W1	42992.8		1.91012e+13
U2-W4	44603		2.56761e+13
U2-X1	57852.5		1.4394e+13
U2-X4	59139.4		2.15994e+13
U2-Y1	69810.9		1.13394e+13
U2-Y4	70855.5		1.79783e+13
U2-Z1	79576.8		9.01543e+12
U2-Z4	80436.3		1.49597e+13
U3-U5	775.621		2.3331e+10
U3-V1	21542.3		8.15136e+13
U3-V4	23593.8		9.8165e+12
U3-V5	24190.6		5.08163e+13
U3-W1	40323.1		5.68112e+13
U3-W4	41933.2		7.88084e+12
U3-W5	42402.3		4.23668e+13
U3-X1	55182.8		4.21969e+13
U3-X4	56469.6		6.29814e+12
U3-X5	56844.9		3.4086e+13
U3-Y1	67141.2		3.25192e+13
U3-Y4	68185.8		5.03196e+12
U3-Y5	68490.7		2.78529e+13
U3-Z1	76907		2.56951e+13
U3-Z4	77766.5		4.09847e+12
U3-Z5	78017.6		2.28284e+13
U4-U6	775.621		2.24298e+10
U4-V2	21542.3		6.63094e+13
U4-V3	23593.8		3.77876e+12
U4-V6	24190.6		6.40556e+13
U4-W2	40323.1		4.50031e+13
U4-W3	41933.2		2.72474e+12
U4-W6	42402.3		5.38029e+13
U4-X2	55182.8		3.26681e+13
U4-X3	56469.6		1.99036e+12
U4-X6	56844.9		4.3583e+13
U4-Y2	67141.2		2.49813e+13
U4-Y3	68185.8		1.55292e+12
U4-Y6	68490.7		3.54697e+13
U4-Z2	76907		1.95197e+13
U4-Z3	77766.5		1.21786e+12
U4-Z6	78017.6		2.90929e+13
U5-U7	376.556		2.75706e+09
U5-V3	22818.1		4.10173e+13
U5-V6	23415		5.12476e+12
U5-V7	23704.9		7.24345e+13
U5-W3	41157.6		2.89618e+13
U5-W6	41626.7		4.13493e+12
U5-W7	41854.6		5.97032e+13
U5-X3	55694		2.13502e+13
U5-X6	56069.3		3.31316e+12
U5-X7	56251.7		4.782e+13
U5-Y3	67410.1		1.62951e+13
U5-Y6	67715		2.63999e+12
U5-Y7	67863.3		3.88845e+13
U5-Z3	76990.9		1.27626e+13
U5-Z6	77242		2.15221e+12
U5-Z7	77364.1		3.17758e+13
U6-U8	376.556		2.59006e+09
U6-V4	22818.1		3.16434e+13
U6-V5	23415		1.21147e+12
U6-V8	23704.9		8.96348e+13
U6-W4	41157.6		2.13911e+13
U6-W5	41626.7		8.33173e+11
U6-W8	41854.6		7.34289e+13
U6-X4	55694		1.523e+13
U6-X5	56069.3		5.8637e+11
U6-X8	56251.7		5.85676e+13
U6-Y4	67410.1		1.14527e+13
U6-Y5	67715		4.50553e+11
U6-Y8	67863.3		4.7119e+13
U6-Z4	76990.9		8.81912e+12
U6-Z5	77242		3.4668e+11
U6-Z8	77364.1		3.83186e+13
U7-U9	223.249		5.60243e+08
U7-V5	23038.4		2.69265e+13
U7-V8	23328.4		3.46585e+12
U7-V9	23500.3		9.42777e+13
U7-W5	41250.1		1.83128e+13
U7-W8	41478		2.77648e+12
U7-W9	41613.2		7.66486e+13
U7-X5	55692.7		1.31191e+13
U7-X8	55875.1		2.20814e+12
U7-X9	55983.3		6.07919e+13
U7-Y5	67338.5		9.79134e+12
U7-Y8	67486.7		1.7445e+12
U7-Y9	67574.7		4.89722e+13
U7-Z5	76865.4		7.53836e+12
U7-Z8	76987.5		1.41564e+12
U7-Z9	77060		3.974e+13
U8-U10	223.249		5.1284e+08
U8-V6	23038.4		2.00731e+13
U8-V7	23328.4		4.9401e+11
U8-V10	23500.3		1.15486e+14
U8-W6	41250.1		1.2923e+13
U8-W7	41478		3.20865e+11
U8-W10	41613.2		9.1866e+13
U8-X6	55692.7		8.8693e+12
U8-X7	55875.1		2.16105e+11
U8-X10	55983.3		7.1674e+13
U8-Y6	67338.5		6.48741e+12
U8-Y7	67486.7		1.62803e+11
U8-Y10	67574.7		5.66658e+13
U8-Z6	76865.4		4.88811e+12
U8-Z7	76987.5		1.2229e+11
U8-Z10	77060		4.54537e+13
U9-U11	147.907		1.52598e+08
U9-V7	23105.1		1.85442e+13
U9-V10	23277		2.6754e+12
U9-V11	23391		1.18606e+14
U9-W7	41254.8		1.19488e+13
U9-W10	41390		2.09626e+12
U9-W11	41479.6		9.39734e+13
U9-X7	55651.9		8.24043e+12
U9-X10	55760.1		1.63432e+12
U9-X11	55831.8		7.3073e+13
U9-Y7	67263.5		5.97559e+12
U9-Y10	67351.5		1.27125e+12
U9-Y11	67409.8		5.78553e+13
U9-Z7	76764.3		4.50265e+12
U9-Z10	76836.8		1.02013e+12
U9-Z11	76884.8		4.63316e+13
U10-U12	147.907		1.35219e+08
U10-V8	23105.1		1.33193e+13
U10-V9	23277		2.23691e+11
U10-V12	23391		1.4426e+14
U10-W8	41254.8		8.02668e+12
U10-W9	41390		1.35581e+11
U10-W12	41479.6		1.09617e+14
U10-X8	55651.9		5.26057e+12
U10-X9	55760.1		8.6907e+10
U10-X12	55831.8		8.25832e+13
U10-Y8	67263.5		3.71532e+12
U10-Y9	67351.5		6.36713e+10
U10-Y12	67409.8		6.35174e+13
U10-Z8	76764.3		2.72541e+12
U10-Z9	76836.8		4.63721e+10
U10-Z12	76884.8		4.98571e+13
U11-U13	105.253		4.94924e+07
U11-V9	23129.1		1.27113e+13
U11-V12	23243.1		2.23812e+12
U11-V13	23324.1		1.4661e+14
U11-W9	41242.1		7.65665e+12
U11-W12	41331.7		1.68157e+12
U11-W13	41395.4		1.11132e+14
U11-X9	55612.2		5.03836e+12
U11-X12	55683.9		1.26595e+12
U11-X13	55735		8.35503e+13
U11-Y9	67203.6		3.52775e+12
U11-Y12	67261.9		9.60254e+11
U11-Y13	67303.4		6.43329e+13
U11-Z9	76688.9		2.5899e+12
U11-Z12	76736.9		7.55329e+11
U11-Z13	76771.1		5.04268e+13
U12-U14	105.253		4.19454e+07
U12-V10	23129.1		8.70369e+12
U12-V11	23243.1		1.05375e+11
U12-V14	23324.1		1.77352e+14
U12-W10	41242.1		4.83259e+12
U12-W11	41331.7		5.87327e+10
U12-W14	41395.4		1.25452e+14
U12-X10	55612.2		2.99362e+12
U12-X11	55683.9		3.55773e+10
U12-X14	55735		8.95857e+13
U12-Y10	67203.6		2.02534e+12
U12-Y11	67261.9		2.50775e+10
U12-Y14	67303.4		6.61102e+13
U12-Z10	76688.9		1.43831e+12
U12-Z11	76736.9		1.75725e+10
U12-Z14	76771.1		5.02407e+13
U13-U15	78.7456		1.77649e+07
U13-V11	23137.8		8.44014e+12
U13-V14	23218.9		1.97607e+12
U13-V15	23279.5		1.79262e+14
U13-W11	41226.4		4.68282e+12
U13-W14	41290.2		1.38542e+12
U13-W15	41337.9		1.26594e+14
U13-X11	55578.7		2.90941e+12
U13-X14	55629.7		9.87431e+11
U13-X15	55667.9		9.02879e+13
U13-Y11	67156.6		1.95301e+12
U13-Y14	67198.1		7.21219e+11
U13-Y15	67229.2		6.66643e+13
U13-Z11	76631.6		1.38974e+12
U13-Z14	76665.8		5.49619e+11
U13-Z15	76691.4		5.06078e+13
U14-U16	78.7456		1.4069e+07
U14-V12	23137.8		5.4037e+12
U14-V13	23218.9		4.92527e+10
U14-V16	23279.5		2.159e+14
U14-W12	41226.4		2.71184e+12
U14-W13	41290.2		2.4761e+10
U14-W16	41337.9		1.36725e+14
U14-X12	55578.7		1.56757e+12
U14-X13	55629.7		1.40645e+10
U14-X16	55667.9		9.01338e+13
U14-Y12	67156.6		1.00566e+12
U14-Y13	67198.1		9.36221e+09
U14-Y16	67229.2		6.26229e+13
U14-Z12	76631.6		6.86678e+11
U14-Z13	76665.8		6.26191e+09
U14-Z16	76691.4		4.543e+13
U15-U17	61.1409		6.64206e+06
U15-V13	23140.1		5.28734e+12
U15-V16	23200.8		1.81345e+12
U15-V17	23247.9		2.17539e+14
U15-W13	41211.4		2.65155e+12
U15-W16	41259.2		1.13984e+12
U15-W17	41296.2		1.37599e+14
U15-X13	55551		1.53556e+12
U15-X16	55589.2		7.49449e+11
U15-X17	55618.8		9.06368e+13
U15-Y13	67119.4		9.78961e+11
U15-Y16	67150.5		5.16683e+11
U15-Y17	67174.6		6.29888e+13
U15-Z13	76587.1		6.70145e+11
U15-Z16	76612.7		3.75771e+11
U15-Z17	76632.6		4.56545e+13
U16-U18	61.1409		4.66232e+06
U16-V14	23140.1		3.0535e+12
U16-V15	23200.8		2.16758e+10
U16-V18	23247.9		2.61049e+14
U16-W14	41211.4		1.3497e+12
U16-W15	41259.2		9.58564e+09
U16-W18	41296.2		1.38965e+14
U16-X14	55551		7.1513e+11
U16-X15	55589.2		5.00894e+09
U16-X18	55618.8		8.13207e+13
U16-Y14	67119.4		4.29805e+11
U16-Y15	67150.5		3.11173e+09
U16-Y18	67174.6		5.18015e+13
U16-Z14	76587.1		2.7952e+11
U16-Z15	76612.7		1.97089e+09
U16-Z18	76632.6		3.51907e+13
U17-U19	48.8507		2.39409e+06
U17-V15	23139.7		3.00432e+12
U17-V18	23186.8		1.71316e+12
U17-V19	23224.4		2.62514e+14
U17-W15	41198		1.32709e+12
U17-W18	41235.1		9.05942e+11
U17-W19	41264.7		1.3962e+14
U17-X15	55528		7.03905e+11
U17-X18	55557.7		5.28473e+11
U17-X19	55581.4		8.16596e+13
U17-Y15	67089.3		4.20946e+11
U17-Y18	67113.4		3.34742e+11
U17-Y19	67132.7		5.20196e+13
U17-Z15	76551.6		2.74566e+11
U17-Z18	76571.4		2.27782e+11
U17-Z19	76587.3		3.53158e+13
U18-U20	48.8507		1.25714e+06
U18-V16	23139.7		1.44948e+12
U18-V17	23186.8		8.23326e+09
U18-V20	23224.4		3.14061e+14
U18-W16	41198		5.43224e+11
U18-W17	41235.1		3.08394e+09
U18-W20	41264.7		1.25096e+14
U18-X16	55528		2.57319e+11
U18-X17	55557.7		1.44654e+09
U18-X20	55581.4		6.10142e+13
U18-Y16	67089.3		1.424e+11
U18-Y17	67113.4		8.2176e+08
U18-Y20	67132.7		3.42611e+13
U18-Z16	76551.6		8.71008e+10
U18-Z17	76571.4		4.88012e+08
U18-Z20	76587.3		2.12195e+13
U19-U21	39.9301		690283
U19-V17	23137.9		1.43134e+12
U19-V20	23175.5		1.65534e+12
U19-V21	23206.3		3.15411e+14
U19-W17	41186.2		5.36111e+11
U19-W20	41215.8		6.5534e+11
U19-W21	41240		1.25547e+14
U19-X17	55508.9		2.54058e+11
U19-X20	55532.6		3.18527e+11
U19-X21	55551.9		6.12104e+13
U19-Y17	67064.6		1.40082e+11
U19-Y20	67083.9		1.78117e+11
U19-Y21	67099.6		3.43686e+13
U19-Z17	76522.6		8.59342e+10
U19-Z20	76538.5		1.10372e+11
U19-Z21	76551.4		2.12767e+13
U20-V18	23137.9		4.61612e+11
U20-V19	23175.5		2.14454e+09
U20-V22	23206.3		3.7637e+14
U20-W18	41186.2		1.37934e+11
U20-W19	41215.8		6.40019e+08
U20-W22	41240		8.42434e+13
U20-X18	55508.9		5.6264e+10
U20-X19	55532.6		2.59418e+08
U20-X22	55551.9		3.04857e+13
U20-Y18	67064.6		2.79698e+10
U20-Y19	67083.9		1.31284e+08
U20-Y22	67099.6		1.41676e+13
U20-Z18	76522.6		1.58101e+10
U20-Z19	76538.5		7.21127e+07
U20-Z22	76551.4		7.68999e+12
U21-V19	23135.6		4.56988e+11
U21-V22	23166.4		1.6286e+12
U21-V23	23192		3.77648e+14
U21-W19	41175.9		1.36478e+11
U21-W22	41200.1		3.62428e+11
U21-W23	41220.3		8.44829e+13
U21-X19	55492.6		5.56688e+10
U21-X22	55512		1.30681e+11
U21-X23	55528.2		3.05633e+13
U21-Y19	67043.9		2.76064e+10
U21-Y22	67059.7		6.053e+10
U21-Y23	67072.8		1.42018e+13
U21-Z19	76498.5		1.56439e+10
U21-Z22	76511.5		3.28349e+10
U21-Z23	76522.3		7.70638e+12
V1-V3	2051.45		5.05317e+11
V1-W2	18780.7		2.64935e+13
V1-W3	20390.9		1.31119e+13
V1-X2	33640.4		2.12408e+13
V1-X3	34927.3		1.19209e+13
V1-Y2	45598.9		1.69904e+13
V1-Y3	46643.5		9.93792e+12
V1-Z2	55364.7		1.36971e+13
V1-Z3	56224.2		8.35398e+12
V2-V4	2051.45		5.01542e+11
V2-W1	18780.7		1.70641e+13
V2-W4	20390.9		1.748e+13
V2-X1	33640.4		1.30042e+13
V2-X4	34927.3		1.62601e+13
V2-Y1	45598.9		9.93542e+12
V2-Y4	46643.5		1.386e+13
V2-Z1	55364.7		7.94116e+12
V2-Z4	56224.2		1.1674e+13
V3-V5	596.863		1.51553e+10
V3-W1	16729.3		5.43727e+13
V3-W4	18339.5		6.23334e+12
V3-W5	18808.5		3.21724e+13
V3-X1	31589		3.85388e+13
V3-X4	32875.8		5.07781e+12
V3-X5	33251.1		2.72121e+13
V3-Y1	43547.4		2.90402e+13
V3-Y4	44592		4.11691e+12
V3-Y5	44896.9		2.21745e+13
V3-Z1	53313.3		2.26516e+13
V3-Z4	54172.8		3.32412e+12
V3-Z5	54423.8		1.83544e+13
V4-V6	596.863		1.46722e+10
V4-W2	16729.3		4.50577e+13
V4-W3	18339.5		2.59316e+12
V4-W6	18808.5		3.98725e+13
V4-X2	31589		3.11786e+13
V4-X3	32875.8		1.9098e+12
V4-X6	33251.1		3.40355e+13
V4-Y2	43547.4		2.29845e+13
V4-Y3	44592		1.41627e+12
V4-Y6	44896.9		2.79832e+13
V4-Z2	53313.3		1.78241e+13
V4-Z3	54172.8		1.12346e+12
V4-Z6	54423.8		2.30751e+13
V5-V7	289.914		1.80594e+09
V5-W3	17742.6		2.8079e+13
V5-W6	18211.7		3.20814e+12
V5-W7	18439.6		4.52441e+13
V5-X3	32279		2.02315e+13
V5-X6	32654.2		2.63177e+12
V5-X7	32836.7		3.79127e+13
V5-Y3	43995.1		1.51603e+13
V5-Y6	44300		2.14339e+12
V5-Y7	44448.3		3.08108e+13
V5-Z3	53575.9		1.17245e+13
V5-Z6	53827		1.72726e+12
V5-Z7	53949.1		2.54072e+13
V6-V8	289.914		1.7156e+09
V6-W4	17742.6		2.22058e+13
V6-W5	18211.7		8.54342e+11
V6-W8	18439.6		5.51405e+13
V6-X4	32279		1.53849e+13
V6-X5	32654.2		6.02872e+11
V6-X8	32836.7		4.61118e+13
V6-Y4	43995.1		1.1157e+13
V6-Y5	44300		4.31694e+11
V6-Y8	44448.3		3.74508e+13
V6-Z4	53575.9		8.52466e+12
V6-Z5	53827		3.38185e+11
V6-Z8	53949.1		3.06036e+13
V7-V9	171.925		3.71345e+08
V7-W5	17921.7		1.89506e+13
V7-W8	18149.7		2.13964e+12
V7-W9	18284.9		5.80947e+13
V7-X5	32364.3		1.32122e+13
V7-X8	32546.8		1.75014e+12
V7-X9	32655		4.82264e+13
V7-Y5	44010.1		9.64787e+12
V7-Y8	44158.4		1.41969e+12
V7-Y9	44246.4		3.89351e+13
V7-Z5	53537.1		7.3088e+12
V7-Z8	53659.2		1.13651e+12
V7-Z9	53731.6		3.18827e+13
V8-V10	171.925		3.45635e+08
V8-W6	17921.7		1.45684e+13
V8-W7	18149.7		3.59713e+11
V8-W10	18284.9		7.01541e+13
V8-X6	32364.3		9.67271e+12
V8-X7	32546.8		2.41219e+11
V8-X10	32655		5.73989e+13
V8-Y6	44010.1		6.78737e+12
V8-Y7	44158.4		1.65794e+11
V8-Y10	44246.4		4.58457e+13
V8-Z6	53537.1		5.05716e+12
V8-Z7	53659.2		1.27829e+11
V8-Z10	53731.6		3.69623e+13
V9-V11	113.922		1.02886e+08
V9-W7	17977.7		1.34806e+13
V9-W10	18112.9		1.62952e+12
V9-W11	18202.5		7.21219e+13
V9-X7	32374.8		8.95869e+12
V9-X10	32483.1		1.31345e+12
V9-X11	32554.8		5.8785e+13
V9-Y7	43986.5		6.32142e+12
V9-Y10	44074.4		1.05018e+12
V9-Y11	44132.7		4.67822e+13
V9-Z7	53487.3		4.66415e+12
V9-Z10	53559.7		8.30829e+11
V9-Z11	53607.8		3.77967e+13
V10-V12	113.922		9.34477e+07
V10-W8	17977.7		1.00653e+13
V10-W9	18112.9		1.69457e+11
V10-W12	18202.5		8.65333e+13
V10-X8	32374.8		6.30704e+12
V10-X9	32483.1		1.06919e+11
V10-X12	32554.8		6.84599e+13
V10-Y8	43986.5		4.24779e+12
V10-Y9	44074.4		7.02459e+10
V10-Y12	44132.7		5.32486e+13
V10-Z8	53487.3		3.06635e+12
V10-Z9	53559.7		5.29184e+10
V10-Z12	53607.8		4.2021e+13
V11-V13	81.0776		3.42124e+07
V11-W9	17999		9.61605e+12
V11-W12	18088.6		1.34542e+12
V11-W13	18152.4		8.80024e+13
V11-X9	32369.1		6.02274e+12
V11-X12	32440.9		1.05268e+12
V11-X13	32491.9		6.94616e+13
V11-Y9	43960.5		4.07569e+12
V11-Y12	44018.8		8.19605e+11
V11-Y13	44060.3		5.39029e+13
V11-Z9	53445.8		2.91333e+12
V11-Z12	53493.8		6.36182e+11
V11-Z13	53528		4.26077e+13
V12-V14	81.0776		3.01104e+07
V12-W10	17999		6.92823e+12
V12-W11	18088.6		8.40435e+10
V12-W14	18152.4		1.05061e+14
V12-X10	32369.1		4.04425e+12
V12-X11	32440.9		4.9307e+10
V12-X14	32491.9		7.89012e+13
V12-Y10	43960.5		2.59259e+12
V12-Y11	44018.8		3.08092e+10
V12-Y14	44060.3		5.89374e+13
V12-Z10	53445.8		1.80117e+12
V12-Z11	53493.8		2.24616e+10
V12-Z14	53528		4.50383e+13
V13-V15	60.6634		1.27549e+07
V13-W11	18007.5		6.72349e+12
V13-W14	18071.3		1.17279e+12
V13-W15	18119		1.06244e+14
V13-X11	32359.8		3.9219e+12
V13-X14	32410.8		8.73245e+11
V13-X15	32449		7.96644e+13
V13-Y11	43937.7		2.52327e+12
V13-Y14	43979.3		6.51924e+11
V13-Y15	44010.3		5.94249e+13
V13-Z11	53412.8		1.73733e+12
V13-Z14	53447		4.9205e+11
V13-Z15	53472.6		4.54517e+13
V14-V16	60.6634		1.07449e+07
V14-W12	18007.5		4.62022e+12
V14-W13	18071.3		4.21806e+10
V14-W16	18119		1.26324e+14
V14-X12	32359.8		2.47551e+12
V14-X13	32410.8		2.26638e+10
V14-X16	32449		8.76924e+13
V14-Y12	43937.7		1.49551e+12
V14-Y13	43979.3		1.34137e+10
V14-Y16	44010.3		6.17198e+13
V14-Z12	53412.8		9.91591e+11
V14-Z13	53447		9.2953e+09
V14-Z16	53472.6		4.50257e+13
V15-V17	47.1041		5.07343e+06
V15-W13	18010.6		4.5233e+12
V15-W16	18058.4		1.06285e+12
V15-W17	18095.4		1.2733e+14
V15-X13	32350.2		2.42191e+12
V15-X16	32388.4		7.32601e+11
V15-X17	32418.1		8.82902e+13
V15-Y13	43918.6		1.46669e+12
V15-Y16	43949.7		5.14846e+11
V15-Y17	43973.8		6.20852e+13
V15-Z13	53386.3		9.65415e+11
V15-Z16	53411.9		3.72064e+11
V15-Z17	53431.8		4.53162e+13
V16-V18	47.1041		3.99638e+06
V16-W14	18010.6		2.90641e+12
V16-W15	18058.4		2.06609e+10
V16-W18	18095.4		1.50883e+14
V16-X14	32350.2		1.4027e+12
V16-X15	32388.4		9.98565e+09
V16-X18	32418.1		9.30659e+13
V16-Y14	43918.6		7.87818e+11
V16-Y15	43949.7		5.51445e+09
V16-Y18	43973.8		6.00887e+13
V16-Z14	53386.3		4.93974e+11
V16-Z15	53411.9		3.60205e+09
V16-Z18	53431.8		4.1054e+13
V17-V19	37.6373		2.05237e+06
V17-W15	18011.3		2.8609e+12
V17-W18	18048.3		9.9175e+11
V17-W19	18077.9		1.51773e+14
V17-X15	32341.3		1.37988e+12
V17-X18	32370.9		6.07975e+11
V17-X19	32394.7		9.35347e+13
V17-Y15	43902.6		7.76229e+11
V17-Y18	43926.7		3.9165e+11
V17-Y19	43946		6.0356e+13
V17-Z15	53364.8		4.83816e+11
V17-Z18	53384.7		2.65763e+11
V17-Z19	53400.6		4.12459e+13
V18-V20	37.6373		1.43367e+06
V18-W16	18011.3		1.65785e+12
V18-W17	18048.3		9.4286e+09
V18-W20	18077.9		1.79332e+14
V18-X16	32341.3		7.02202e+11
V18-X17	32370.9		3.99467e+09
V18-X20	32394.7		9.22524e+13
V18-Y16	43902.6		3.60134e+11
V18-Y17	43926.7		2.02327e+09
V18-Y20	43946		5.2526e+13
V18-Z16	53364.8		2.10804e+11
V18-Z17	53384.7		1.2254e+09
V18-Z20	53400.6		3.27206e+13
V19-V21	30.7655		787293
V19-W17	18010.7		1.63771e+12
V19-W20	18040.3		9.46647e+11
V19-W21	18064.5		1.80145e+14
V19-X17	32333.3		6.93304e+11
V19-X20	32357		4.84287e+11
V19-X21	32376.4		9.26087e+13
V19-Y17	43889		3.55872e+11
V19-Y20	43908.3		2.74974e+11
V19-Y21	43924.1		5.27076e+13
V19-Z17	53347		2.07374e+11
V19-Z20	53362.9		1.70465e+11
V19-Z21	53375.9		3.28346e+13
V20-V22	30.7655		411598
V20-W18	18010.7		7.9261e+11
V20-W19	18040.3		3.68643e+09
V20-W22	18064.5		2.12334e+14
V20-X18	32333.3		2.83551e+11
V20-X19	32357		1.31801e+09
V20-X22	32376.4		8.10688e+13
V20-Y18	43889		1.29467e+11
V20-Y19	43908.3		5.96786e+08
V20-Y22	43924.1		3.82096e+13
V20-Z18	53347		6.95128e+10
V20-Z19	53362.9		3.2858e+08
V20-Z22	53375.9		2.08611e+13
V21-V23	25.6193		238734
V21-W19	18009.5		7.84919e+11
V21-W22	18033.7		9.20144e+11
V21-W23	18053.9		2.13094e+14
V21-X19	32326.3		2.80667e+11
V21-X22	32345.6		3.49501e+11
V21-X23	32361.8		8.13161e+13
V21-Y19	43877.6		1.28188e+11
V21-Y22	43893.3		1.64228e+11
V21-Y23	43906.4		3.83148e+13
V21-Z19	53332.2		6.86116e+10
V21-Z22	53345.1		8.93458e+10
V21-Z23	53356		2.0917e+13
V22-W20	18009.5		2.53841e+11
V22-W21	18033.7		9.8313e+08
V22-W24	18053.9		2.5064e+14
V22-X20	32326.3		7.20982e+10
V22-X21	32345.6		2.78917e+08
V22-X24	32361.8		5.33267e+13
V22-Y20	43877.6		2.8217e+10
V22-Y21	43893.3		1.08598e+08
V22-Y24	43906.4		1.85169e+13
V22-Z20	53332.2		1.35523e+10
V22-Z21	53345.1		5.29959e+07
V22-Z24	53356		8.31683e+12
V23-W21	18008.1		2.51825e+11
V23-W24	18028.3		9.07759e+11
V23-W25	18045.3		2.51366e+14
V23-X21	32320		7.14945e+10
V23-X24	32336.2		1.92186e+11
V23-X25	32349.8		5.34582e+13
V23-Y21	43867.7		2.7979e+10
V23-Y24	43880.8		6.65243e+10
V23-Y25	43891.9		1.85583e+13
V23-Z21	53319.5		1.34114e+10
V23-Z24	53330.3		2.97945e+10
V23-Z25	53339.5		8.33446e+12
W1-W3	1610.17		3.37591e+11
W1-X2	14859.7		1.76592e+13
W1-X3	16146.5		8.69463e+12
W1-Y2	26818.1		1.43333e+13
W1-Y3	27862.7		8.00036e+12
W1-Z2	36584		1.1602e+13
W1-Z3	37443.5		6.73752e+12
W2-W4	1610.17		3.35789e+11
W2-X1	14859.7		1.17554e+13
W2-X4	16146.5		1.13614e+13
W2-Y1	26818.1		9.0989e+12
W2-Y4	27862.7		1.06903e+13
W2-Z1	36584		7.0348e+12
W2-Z4	37443.5		9.21508e+12
W3-W5	469.054		1.01828e+10
W3-X1	13249.5		3.73799e+13
W3-X4	14536.4		4.10903e+12
W3-X5	14911.6		2.11547e+13
W3-Y1	25208		2.6881e+13
W3-Y4	26252.5		3.38834e+12
W3-Y5	26557.4		1.81104e+13
W3-Z1	34973.8		2.05114e+13
W3-Z4	35833.3		2.7814e+12
W3-Z5	36084.4		1.4918e+13
W4-W6	469.054		9.91088e+09
W4-X2	13249.5		3.14585e+13
W4-X3	14536.4		1.8258e+12
W4-X6	14911.6		2.58375e+13
W4-Y2	25208		2.21338e+13
W4-Y3	26252.5		1.36942e+12
W4-Y6	26557.4		2.23474e+13
W4-Z2	34973.8		1.65364e+13
W4-Z3	35833.3		1.02885e+12
W4-Z6	36084.4		1.86036e+13
W5-W7	227.928		1.22128e+09
W5-X3	14067.3		1.97289e+13
W5-X6	14442.6		2.08895e+12
W5-X7	14625		2.94047e+13
W5-Y3	25783.5		1.44645e+13
W5-Y6	26088.4		1.73695e+12
W5-Y7	26236.6		2.49753e+13
W5-Z3	35364.2		1.09945e+13
W5-Z6	35615.3		1.43433e+12
W5-Z7	35737.4		2.0544e+13
W6-W8	227.928		1.16999e+09
W6-X4	14067.3		1.59239e+13
W6-X5	14442.6		6.1522e+11
W6-X8	14625		3.53676e+13
W6-Y4	25783.5		1.12672e+13
W6-Y5	26088.4		4.43826e+11
W6-Y8	26236.6		3.00653e+13
W6-Z4	35364.2		8.3021e+12
W6-Z5	35615.3		3.22576e+11
W6-Z8	35737.4		2.47835e+13
W7-W9	135.196		2.53389e+08
W7-X5	14214.7		1.36232e+13
W7-X8	14397.1		1.37652e+12
W7-X9	14505.3		3.7316e+13
W7-Y5	25860.5		9.70174e+12
W7-Y8	26008.7		1.14468e+12
W7-Y9	26096.7		3.14965e+13
W7-Z5	35387.4		7.20322e+12
W7-Z8	35509.5		9.43993e+11
W7-Z9	35582		2.57999e+13
W8-W10	135.196		2.38752e+08
W8-X6	14214.7		1.07358e+13
W8-X7	14397.1		2.65817e+11
W8-X10	14505.3		4.45092e+13
W8-Y6	25860.5		7.31699e+12
W8-Y7	26008.7		1.83167e+11
W8-Y10	26096.7		3.72187e+13
W8-Z6	35387.4		5.23329e+12
W8-Z7	35509.5		1.2809e+11
W8-Z10	35582		3.02915e+13
W9-W11	89.5962		7.10936e+07
W9-X7	14261.9		9.94783e+12
W9-X10	14370.1		1.03616e+12
W9-X11	14441.8		4.57971e+13
W9-Y7	25873.5		6.78652e+12
W9-Y10	25961.5		8.53608e+11
W9-Y11	26019.8		3.81566e+13
W9-Z7	35374.3		4.88429e+12
W9-Z10	35446.8		6.96711e+11
W9-Z11	35494.8		3.09326e+13
W10-W12	89.5962		6.57132e+07
W10-X8	14261.9		7.65673e+12
W10-X9	14370.1		1.29172e+11
W10-X12	14441.8		5.43041e+13
W10-Y8	25873.5		4.95729e+12
W10-Y9	25961.5		8.43041e+10
W10-Y12	26019.8		4.42851e+13
W10-Z8	35374.3		3.4172e+12
W10-Z9	35446.8		5.65468e+10
W10-Z12	35494.8		3.5315e+13
W11-W13	63.7708		2.40634e+07
W11-X9	14280.5		7.32152e+12
W11-X12	14352.2		8.4586e+11
W11-X13	14403.3		5.5258e+13
W11-Y9	25871.9		4.73803e+12
W11-Y12	25930.2		6.82226e+11
W11-Y13	25971.7		4.49645e+13
W11-Z9	35357.2		3.2839e+12
W11-Z12	35405.2		5.45556e+11
W11-Z13	35439.4		3.57649e+13
W12-W14	63.7708		2.17233e+07
W12-X10	14280.5		5.4813e+12
W12-X11	14352.2		6.66002e+10
W12-X14	14403.3		6.52221e+13
W12-Y10	25871.9		3.33445e+12
W12-Y11	25930.2		4.07675e+10
W12-Y14	25971.7		5.11637e+13
W12-Z10	35357.2		2.19994e+12
W12-Z11	35405.2		2.61334e+10
W12-Z14	35439.4		3.95484e+13
W13-W15	47.7174		9.20342e+06
W13-X11	14288.5		5.32271e+12
W13-X14	14339.5		7.29207e+11
W13-X15	14377.7		6.59841e+13
W13-Y11	25866.4		3.23558e+12
W13-Y14	25907.9		5.67237e+11
W13-Y15	25939		5.16842e+13
W13-Z11	35341.5		2.14379e+12
W13-Z14	35375.7		4.3883e+11
W13-Z15	35401.3		3.98889e+13
W14-W16	47.7174		8.05602e+06
W14-X12	14288.5		3.84708e+12
W14-X13	14339.5		3.51705e+10
W14-X16	14377.7		7.75901e+13
W14-Y12	25866.4		2.17296e+12
W14-Y13	25907.9		1.99417e+10
W14-Y16	25939		5.74332e+13
W14-Z12	35341.5		1.36128e+12
W14-Z13	35375.7		1.22022e+10
W14-Z16	35401.3		4.24183e+13
W15-W17	37.0536		3.80426e+06
W15-X13	14291.8		3.76819e+12
W15-X16	14330		6.53731e+11
W15-X17	14359.7		7.82324e+13
W15-Y13	25860.2		2.12692e+12
W15-Y16	25891.3		4.80598e+11
W15-Y17	25915.4		5.7846e+13
W15-Z13	35327.9		1.33642e+12
W15-Z16	35353.5		3.54844e+11
W15-Z17	35373.4		4.26806e+13
W16-W18	37.0536		3.18919e+06
W16-X14	14291.8		2.59778e+12
W16-X15	14330		1.84888e+10
W16-X18	14359.7		9.17026e+13
W16-Y14	25860.2		1.34295e+12
W16-Y15	25891.3		9.58086e+09
W16-Y18	25915.4		6.23431e+13
W16-Z14	35327.9		7.9034e+11
W16-Z15	35353.5		5.52651e+09
W16-Z18	35373.4		4.31514e+13
W17-W19	29.6079		1.63798e+06
W17-X15	14293		2.55807e+12
W17-X18	14322.6		6.03534e+11
W17-X19	14346.3		9.22661e+13
W17-Y15	25854.2		1.32161e+12
W17-Y18	25878.4		4.07931e+11
W17-Y19	25897.6		6.26748e+13
W17-Z15	35316.5		7.79406e+11
W17-Z18	35336.4		2.81976e+11
W17-Z19	35352.2		4.33529e+13
W18-W20	29.6079		1.28458e+06
W18-X16	14293		1.64881e+12
W18-X17	14322.6		9.38706e+09
W18-X20	14346.3		1.07861e+14
W18-Y16	25854.2		7.65526e+11
W18-Y17	25878.4		4.36309e+09
W18-Y20	25897.6		6.47211e+13
W18-Z16	35316.5		4.17544e+11
W18-Z17	35336.4		2.34328e+09
W18-Z20	35352.2		4.08647e+13
W19-W21	24.2029		705470
W19-X17	14293		1.62929e+12
W19-X20	14316.7		5.70062e+11
W19-X21	14336.1		1.08371e+14
W19-Y17	25848.8		7.56076e+11
W19-Y20	25868		3.4031e+11
W19-Y21	25883.8		6.49855e+13
W19-Z17	35306.8		4.12918e+11
W19-Z20	35322.6		2.14427e+11
W19-Z21	35335.6		4.10138e+13
W20-W22	24.2029		490833
W20-X18	14293		9.46911e+11
W20-X19	14316.7		4.40825e+09
W20-X22	14336.1		1.26394e+14
W20-Y18	25848.8		3.84649e+11
W20-Y19	25868		1.79082e+09
W20-Y22	25883.8		6.28175e+13
W20-Z18	35306.8		1.90929e+11
W20-Z19	35322.6		8.79374e+08
W20-Z22	35335.6		3.47731e+13
W21-W23	20.155		284710
W21-X19	14292.5		9.37967e+11
W21-X22	14311.9		5.48366e+11
W21-X23	14328.1		1.26867e+14
W21-Y19	25843.8		3.80852e+11
W21-Y22	25859.6		2.71259e+11
W21-Y23	25872.7		6.30204e+13
W21-Z19	35298.4		1.89164e+11
W21-Z22	35311.4		1.49784e+11
W21-Z23	35322.2		3.48747e+13
W22-W24	20.155		148303
W22-X20	14292.5		4.55162e+11
W22-X21	14311.9		1.76437e+09
W22-X24	14328.1		1.47667e+14
W22-Y20	25843.8		1.5564e+11
W22-Y21	25859.6		6.0293e+08
W22-Y24	25872.7		5.40849e+13
W22-Z20	35298.4		6.85225e+10
W22-Z21	35311.4		2.63631e+08
W22-Z24	35322.2		2.46346e+13
W23-W25	17.0447		90028.4
W23-X21	14291.8		4.51649e+11
W23-X24	14307.9		5.35426e+11
W23-X25	14321.5		1.48114e+14
W23-Y21	25839.4		1.5438e+11
W23-Y24	25852.6		1.95241e+11
W23-Y25	25863.7		5.42263e+13
W23-Z21	35291.3		6.798e+10
W23-Z24	35302.1		8.86897e+10
W23-Z25	35311.2		2.46933e+13
W24-X22	14291.8		1.46409e+11
W24-X23	14307.9		4.79786e+08
W24-X26	14321.5		1.72093e+14
W24-Y22	25839.4		3.9602e+10
W24-Y23	25852.6		1.29639e+08
W24-Y26	25863.7		3.48711e+13
W24-Z22	35291.3		1.4884e+10
W24-Z23	35302.1		4.85232e+07
W24-Z26	35311.2		1.16292e+13
W25-X23	14290.9		1.45467e+11
W25-X26	14304.5		5.29329e+11
W25-X27	14316.2		1.72524e+14
W25-Y23	25835.5		3.93334e+10
W25-Y26	25846.6		1.06802e+11
W25-Y27	25856.1		3.49464e+13
W25-Z23	35285		1.47817e+10
W25-Z26	35294.2		3.55192e+10
W25-Z27	35302		1.16522e+13
X1-X3	1286.85		2.32401e+11
X1-Y2	11958.4		1.21332e+13
X1-Y3	13003		5.94745e+12
X1-Z2	21724.3		9.95424e+12
X1-Z3	22583.8		5.5284e+12
X2-X4	1286.85		2.31535e+11
X2-Y1	11958.4		8.30951e+12
X2-Y4	13003		7.63732e+12
X2-Z1	21724.3		6.51793e+12
X2-Z4	22583.8		7.25644e+12
X3-X5	375.267		7.04271e+09
X3-Y1	10671.6		2.63752e+13
X3-Y4	11716.2		2.79616e+12
X3-Y5	12021.1		1.43639e+13
X3-Z1	20437.4		1.9207e+13
X3-Z4	21296.9		2.32938e+12
X3-Z5	21548		1.24242e+13
X4-X6	375.267		6.88323e+09
X4-Y2	10671.6		2.24894e+13
X4-Y3	11716.2		1.31474e+12
X4-Y6	12021.1		1.73217e+13
X4-Z2	20437.4		1.60541e+13
X4-Z3	21296.9		1.00209e+12
X4-Z6	21548		1.51462e+13
X5-X7	182.419		8.4901e+08
X5-Y3	11340.9		1.41817e+13
X5-Y6	11645.8		1.40633e+12
X5-Y7	11794.1		1.97632e+13
X5-Z3	20921.6		1.05555e+13
X5-Z6	21172.7		1.18236e+12
X5-Z7	21294.8		1.69769e+13
X6-X8	182.419		8.18667e+08
X6-Y4	11340.9		1.16438e+13
X6-Y5	11645.8		4.51468e+11
X6-Y8	11794.1		2.34995e+13
X6-Z4	20921.6		8.39044e+12
X6-Z5	21172.7		3.32075e+11
X6-Z8	21294.8		2.02436e+13
X7-X9	108.222		1.77385e+08
X7-Y5	11463.4		9.98292e+12
X7-Y8	11611.6		9.16993e+11
X7-Y9	11699.6		2.48247e+13
X7-Z5	20990.3		7.24078e+12
X7-Z8	21112.4		7.72684e+11
X7-Z9	21184.9		2.12389e+13
X8-X10	108.222		1.68704e+08
X8-Y6	11463.4		8.02928e+12
X8-Y7	11611.6		1.99271e+11
X8-Y10	11699.6		2.92923e+13
X8-Z6	20990.3		5.59703e+12
X8-Z7	21112.4		1.40612e+11
X8-Z10	21184.9		2.49205e+13
X9-X11	71.7288		5.025e+07
X9-Y7	11503.4		7.44875e+12
X9-Y10	11591.4		6.83203e+11
X9-Y11	11649.7		3.01625e+13
X9-Z7	21004.2		5.19779e+12
X9-Z10	21076.7		5.72778e+11
X9-Z11	21124.7		2.55705e+13
X10-X12	71.7288		4.70524e+07
X10-Y8	11503.4		5.87543e+12
X10-Y9	11591.4		9.93034e+10
X10-Y12	11649.7		3.53985e+13
X10-Z8	21004.2		3.91107e+12
X10-Z9	21076.7		6.66521e+10
X10-Z12	21124.7		2.95525e+13
X11-X13	51.0576		1.72336e+07
X11-Y9	11519.7		5.62244e+12
X11-Y12	11578		5.52224e+11
X11-Y13	11619.5		3.60383e+13
X11-Z9	21004.9		3.74141e+12
X11-Z12	21053		4.56046e+11
X11-Z13	21087.2		3.00233e+13
X12-X14	51.0576		1.58418e+07
X12-Y10	11519.7		4.33758e+12
X12-Y11	11578		5.27806e+10
X12-Y14	11619.5		4.21157e+13
X12-Z10	21004.9		2.73161e+12
X12-Z11	21053		3.34578e+10
X12-Z14	21087.2		3.41404e+13
X13-X15	38.2068		6.71245e+06
X13-Y11	11526.9		4.21438e+12
X13-Y14	11568.4		4.71493e+11
X13-Y15	11599.5		4.2623e+13
X13-Z11	21001.9		2.65206e+12
X13-Z14	21036.1		3.79004e+11
X13-Z15	21061.7		3.45029e+13
X14-X16	38.2068		6.02989e+06
X14-Y12	11526.9		3.16396e+12
X14-Y13	11568.4		2.89585e+10
X14-Y16	11599.5		4.96375e+13
X14-Z12	21001.9		1.86672e+12
X14-Z13	21036.1		1.7172e+10
X14-Z16	21061.7		3.85081e+13
X15-X17	29.6697		2.8477e+06
X15-Y13	11530.2		3.10037e+12
X15-Y16	11561.3		4.18709e+11
X15-Y17	11585.4		5.00619e+13
X15-Z13	20997.9		1.82781e+12
X15-Z16	21023.5		3.22641e+11
X15-Z17	21043.4		3.87977e+13
X16-X18	29.6697		2.48167e+06
X16-Y14	11530.2		2.24734e+12
X16-Y15	11561.3		1.60105e+10
X16-Y18	11585.4		5.81289e+13
X16-Z14	20997.9		1.22808e+12
X16-Z15	21023.5		8.78006e+09
X16-Z18	21043.4		4.23189e+13
X17-X19	23.7085		1.27468e+06
X17-Y15	11531.6		2.21371e+12
X17-Y18	11555.7		3.82981e+11
X17-Y19	11575		5.84985e+13
X17-Z15	20993.8		1.2089e+12
X17-Z18	21013.7		2.77255e+11
X17-Z19	21029.6		4.25548e+13
X18-X20	23.7085		1.0643e+06
X18-Y16	11531.6		1.53048e+12
X18-Y17	11555.7		8.721e+09
X18-Y20	11575		6.7753e+13
X18-Z16	20993.8		7.63569e+11
X18-Z17	21013.7		4.36009e+09
X18-Z20	21029.6		4.50431e+13
X19-X21	19.381		584532
X19-Y17	11532		1.51276e+12
X19-Y20	11551.3		3.58443e+11
X19-Y21	11567.1		6.80849e+13
X19-Z17	20990		7.54327e+11
X19-Z20	21005.9		2.37143e+11
X19-Z21	21018.9		4.5236e+13
X20-X22	19.381		456735
X20-Y18	11532		9.77692e+11
X20-Y19	11551.3		4.55517e+09
X20-Y22	11567.1		7.86824e+13
X20-Z18	20990		4.36965e+11
X20-Z19	21005.9		2.03763e+09
X20-Z22	21018.9		4.58964e+13
X21-X23	16.1399		264945
X21-Y19	11531.9		9.6867e+11
X21-Y22	11547.7		3.41693e+11
X21-Y23	11560.8		7.89878e+13
X21-Z19	20986.5		4.32749e+11
X21-Z22	20999.5		1.98447e+11
X21-Z23	21010.3		4.60519e+13
X22-X24	16.1399		183716
X22-Y20	11531.9		5.64388e+11
X22-Y21	11547.7		2.18937e+09
X22-Y24	11560.8		9.11066e+13
X22-Z20	20986.5		2.20093e+11
X22-Z21	20999.5		8.53743e+08
X22-Z24	21010.3		4.37507e+13
X23-X25	13.6495		111531
X23-Y21	11531.5		5.60136e+11
X23-Y24	11544.7		3.3065e+11
X23-Y25	11555.8		9.13933e+13
X23-Z21	20983.4		2.18359e+11
X23-Z24	20994.2		1.58142e+11
X23-Z25	21003.3		4.38708e+13
X24-X26	13.6495		57915.5
X24-Y22	11531.5		2.72437e+11
X24-Y23	11544.7		8.93389e+08
X24-Y26	11555.8		1.05237e+14
X24-Z22	20983.4		8.91687e+10
X24-Z23	20994.2		2.92218e+08
X24-Z26	21003.3		3.70118e+13
X25-X27	11.6944		36538.2
X25-Y23	11531		2.70729e+11
X25-Y26	11542.1		3.23985e+11
X25-Y27	11551.6		1.0551e+14
X25-Z23	20980.5		8.85822e+10
X25-Z26	20989.7		1.13509e+11
X25-Z27	20997.5		3.70958e+13
X26-Y24	11531		8.79404e+10
X26-Y25	11542.1		2.46941e+08
X26-Y28	11551.6		1.21311e+14
X26-Z24	20980.5		2.26951e+10
X26-Z25	20989.7		6.36664e+07
X26-Z28	20997.5		2.34542e+13
X27-Y25	11530.4		8.74738e+10
X27-Y28	11539.9		3.20824e+11
X27-Y29	11548.2		1.21575e+14
X27-Z25	20978		2.25682e+10
X27-Z28	20985.8		6.17984e+10
X27-Z29	20992.6		2.34988e+13
Y1-Y3	1044.59		1.64175e+11
Y1-Z2	9765.84		8.55723e+12
Y1-Z3	10625.3		4.17832e+12
Y2-Y4	1044.59		1.63769e+11
Y2-Z1	9765.84		6.00684e+12
Y2-Z4	10625.3		5.2842e+12
Y3-Y5	304.899		4.99455e+09
Y3-Z1	8721.25		1.90366e+13
Y3-Z4	9580.75		1.95537e+12
Y3-Z5	9831.83		1.00258e+13
Y4-Y6	304.899		4.89762e+09
Y4-Z2	8721.25		1.64154e+13
Y4-Z3	9580.75		9.65759e+11
Y4-Z6	9831.83		1.19557e+13
Y5-Y7	148.259		6.04605e+08
Y5-Z3	9275.85		1.0401e+13
Y5-Z6	9526.93		9.74193e+11
Y5-Z7	9649.05		1.36711e+13
Y6-Y8	148.259		5.85998e+08
Y6-Z4	9275.85		8.66491e+12
Y6-Z5	9526.93		3.37023e+11
Y6-Z8	9649.05		1.60919e+13
Y7-Y9	87.9704		1.27025e+08
Y7-Z5	9378.67		7.4427e+12
Y7-Z8	9500.79		6.29346e+11
Y7-Z9	9573.26		1.70177e+13
Y8-Y10	87.9704		1.21688e+08
Y8-Z6	9378.67		6.08966e+12
Y8-Z7	9500.79		1.51449e+11
Y8-Z10	9573.26		1.98902e+13
Y9-Y11	58.3119		3.62537e+07
Y9-Z7	9412.82		5.65527e+12
Y9-Z10	9485.29		4.64705e+11
Y9-Z11	9533.33		2.04942e+13
Y10-Y12	58.3119		3.42866e+07
Y10-Z8	9412.82		4.5516e+12
Y10-Z9	9485.29		7.7039e+10
Y10-Z12	9533.33		2.38345e+13
Y11-Y13	41.5101		1.25594e+07
Y11-Z9	9426.98		4.35863e+12
Y11-Z12	9475.02		3.72335e+11
Y11-Z13	9509.22		2.42757e+13
Y12-Y14	41.5101		1.17023e+07
Y12-Z10	9426.98		3.44479e+12
Y12-Z11	9475.02		4.19635e+10
Y12-Z14	9509.22		2.81219e+13
Y13-Y15	31.0638		4.9588e+06
Y13-Z11	9433.51		3.3486e+12
Y13-Z14	9467.71		3.15197e+11
Y13-Z15	9493.31		2.84694e+13
Y14-Y16	31.0638		4.53817e+06
Y14-Z12	9433.51		2.58971e+12
Y14-Z13	9467.71		2.37243e+10
Y14-Z16	9493.31		3.28733e+13
Y15-Y17	24.1237		2.14336e+06
Y15-Z13	9436.65		2.53858e+12
Y15-Z16	9462.24		2.77575e+11
Y15-Z17	9482.12		3.31622e+13
Y16-Y18	24.1237		1.91761e+06
Y16-Z14	9436.65		1.91083e+12
Y16-Z15	9462.24		1.36249e+10
Y16-Z18	9482.12		3.81865e+13
Y17-Y19	19.2774		985011
Y17-Z15	9438.12		1.88276e+12
Y17-Z18	9458		2.51819e+11
Y17-Z19	9473.88		3.84363e+13
Y18-Y20	19.2774		855234
Y18-Z16	9438.12		1.36829e+12
Y18-Z17	9458		7.80278e+09
Y18-Z20	9473.88		4.41543e+13
Y19-Y21	15.7591		469730
Y19-Z17	9438.72		1.35276e+12
Y19-Z20	9454.6		2.33792e+11
Y19-Z21	9467.59		4.43771e+13
Y20-Y22	15.7591		390878
Y20-Z18	9438.72		9.3758e+11
Y20-Z19	9454.6		4.37129e+09
Y20-Z22	9467.59		5.08727e+13
Y21-Y23	13.1239		226752
Y21-Z19	9438.84		9.29102e+11
Y21-Z22	9451.83		2.211e+11
Y21-Z23	9462.64		5.10764e+13
Y22-Y24	13.1239		176626
Y22-Z20	9438.84		6.01889e+11
Y22-Z21	9451.83		2.33632e+09
Y22-Z24	9462.64		5.84453e+13
Y23-Y25	11.099		107231
Y23-Z21	9438.71		5.97451e+11
Y23-Z24	9449.52		2.12275e+11
Y23-Z25	9458.67		5.86351e+13
Y24-Y26	11.099		74141.6
Y24-Z22	9438.71		3.48858e+11
Y24-Z23	9449.52		1.14466e+09
Y24-Z26	9458.67		6.69856e+13
Y25-Y27	9.5094		46776.6
Y25-Z23	9438.42		3.46718e+11
Y25-Z26	9447.57		2.06377e+11
Y25-Z27	9455.4		6.71655e+13
Y26-Y28	9.5094		24225.3
Y26-Z24	9438.42		1.6897e+11
Y26-Z25	9447.57		4.74734e+08
Y26-Z28	9455.4		7.66203e+13
Y27-Y29	8.23856		15795.7
Y27-Z25	9438.06		1.68094e+11
Y27-Z28	9445.89		2.02782e+11
Y27-Z29	9452.68		7.67931e+13
Y28-Z26	9438.06		5.46989e+10
Y28-Z27	9445.89		1.33058e+08
Y28-Z30	9452.68		8.74905e+13
Y29-Z27	9437.66		5.44559e+10
Y29-Z30	9444.45		2.01069e+11
Y29-Z31	9450.38		8.76586e+13
Z1-Z3	859.497		1.18618e+11
Z2-Z4	859.497		1.18441e+11
Z3-Z5	251.075		3.62043e+09
Z4-Z6	251.075		3.55975e+09
Z5-Z7	122.12		4.39756e+08
Z6-Z8	122.12		4.28003e+08
Z7-Z9	72.4708		9.28069e+07
Z8-Z10	72.4708		8.94271e+07
Z9-Z11	48.0421		2.66487e+07
Z10-Z12	48.0421		2.53985e+07
Z11-Z13	34.2014		9.30547e+06
Z12-Z14	34.2014		8.76022e+06
Z13-Z15	25.5955		3.71264e+06
Z14-Z16	25.5955		3.44499e+06
Z15-Z17	19.8778		1.62716e+06
Z16-Z18	19.8778		1.48355e+06
Z17-Z19	15.8849		762072
Z18-Z20	15.8849		679499
Z19-Z21	12.986		373218
Z20-Z22	12.986		323036
Z21-Z23	10.8147		187401
Z22-Z24	10.8147		155493
Z23-Z25	9.14627		94404.2
Z24-Z26	9.14627		73338.7
Z25-Z27	7.8364		46271.3
Z26-Z28	7.8364		31913.5
Z27-Z29	6.78922		20809.2
Z28-Z30	6.78922		10752
Z29-Z31	5.93885		7213.67
